2025-04-17 00:26:14,569 [INFO] Activator:176 - 


2025-04-17 00:26:14,591 [INFO] Activator:177 - !SESSION log4j initialized
2025-04-17 00:26:34,171 [INFO] LogOutputStream:77 - [STDOUT_REDIRECT] 
2025-04-17 00:26:39,188 [INFO] ApplicationProperties:184 - Using Application install path: C:\ST\STM32CubeIDE_1.18.0\STM32CubeIDE\plugins\com.st.stm32cube.common.mx_6.14.0.202502271554
2025-04-17 00:26:39,218 [INFO] DbMcusXml:78 - Set database path to: C:\ST\STM32CubeIDE_1.18.0\STM32CubeIDE\plugins\com.st.stm32cube.common.mx_6.14.0.202502271554\\db\/mcu/
2025-04-17 00:26:39,218 [INFO] ApiDb:274 - Set plugin database path to: C:\ST\STM32CubeIDE_1.18.0\STM32CubeIDE\plugins\com.st.stm32cube.common.mx_6.14.0.202502271554\\db\/plugins/boardmanager/
2025-04-17 00:26:39,219 [WARN] ApiDb:259 - Overriding images path with different value:  => C:\ST\STM32CubeIDE_1.18.0\STM32CubeIDE\plugins\com.st.stm32cube.common.mx_6.14.0.202502271554\\db\/plugins/mcufinder/images/
2025-04-17 00:26:39,234 [INFO] ApiDb:250 - Set database path to: C:\Users\bjosu\.stmcufinder\plugins\mcufinder//mcu/
2025-04-17 00:26:39,235 [INFO] DbMcusAds:125 - Set database path to: C:\Users\bjosu\.stmcufinder\plugins\mcufinder//mcu/
2025-04-17 00:26:39,239 [INFO] CrossReferenceDbSqlite:203 - Set database path to: C:\Users\bjosu\.stmcufinder\plugins\mcufinder//mcu/cs/
2025-04-17 00:26:39,407 [INFO] RulesReader:64 - Compatibility file has been processed (301 Rules)
2025-04-17 00:26:39,534 [INFO] DbMcusXml:78 - Set database path to: C:\ST\STM32CubeIDE_1.18.0\STM32CubeIDE\plugins\com.st.stm32cube.common.mx_6.14.0.202502271554\\db\/mcu/
2025-04-17 00:26:39,534 [INFO] ApiDb:274 - Set plugin database path to: C:\ST\STM32CubeIDE_1.18.0\STM32CubeIDE\plugins\com.st.stm32cube.common.mx_6.14.0.202502271554\\db\/plugins/boardmanager/
2025-04-17 00:26:39,535 [INFO] ApiDb:261 - Set plugin images path to: C:\ST\STM32CubeIDE_1.18.0\STM32CubeIDE\plugins\com.st.stm32cube.common.mx_6.14.0.202502271554\\db\/plugins/mcufinder/images/
2025-04-17 00:26:39,535 [WARN] DbFile:41 - Overriding database path with different value: C:\Users\bjosu\.stmcufinder\plugins\mcufinder/ => C:\Users\bjosu\.stmcufinder\plugins\mcufinder
2025-04-17 00:26:39,535 [INFO] ApiDb:250 - Set database path to: C:\Users\bjosu\.stmcufinder\plugins\mcufinder//mcu/
2025-04-17 00:26:39,535 [WARN] DbFile:41 - Overriding database path with different value: C:\Users\bjosu\.stmcufinder\plugins\mcufinder/ => C:\Users\bjosu\.stmcufinder\plugins\mcufinder
2025-04-17 00:26:39,535 [INFO] DbMcusAds:125 - Set database path to: C:\Users\bjosu\.stmcufinder\plugins\mcufinder//mcu/
2025-04-17 00:26:39,535 [WARN] DbFile:41 - Overriding database path with different value: C:\Users\bjosu\.stmcufinder\plugins\mcufinder/ => C:\Users\bjosu\.stmcufinder\plugins\mcufinder
2025-04-17 00:26:39,535 [WARN] DbFile:41 - Overriding database path with different value: C:\Users\bjosu\.stmcufinder\plugins\mcufinder/ => C:\Users\bjosu\.stmcufinder\plugins\mcufinder
2025-04-17 00:26:39,535 [INFO] CrossReferenceDbSqlite:203 - Set database path to: C:\Users\bjosu\.stmcufinder\plugins\mcufinder//mcu/cs/
2025-04-17 00:26:39,660 [INFO] MainPanel:272 - HeapMemory: 268435456
2025-04-17 00:26:39,844 [INFO] DbMcusXml:78 - Set database path to: C:\ST\STM32CubeIDE_1.18.0\STM32CubeIDE\plugins\com.st.stm32cube.common.mx_6.14.0.202502271554\\db\/mcu/
2025-04-17 00:26:39,845 [INFO] ApiDb:274 - Set plugin database path to: C:\ST\STM32CubeIDE_1.18.0\STM32CubeIDE\plugins\com.st.stm32cube.common.mx_6.14.0.202502271554\\db\/plugins/boardmanager/
2025-04-17 00:26:39,845 [INFO] ApiDb:261 - Set plugin images path to: C:\ST\STM32CubeIDE_1.18.0\STM32CubeIDE\plugins\com.st.stm32cube.common.mx_6.14.0.202502271554\\db\/plugins/mcufinder/images/
2025-04-17 00:26:39,845 [WARN] DbFile:41 - Overriding database path with different value: C:\Users\bjosu\.stmcufinder\plugins\mcufinder/ => C:\Users\bjosu\.stmcufinder\plugins\mcufinder
2025-04-17 00:26:39,846 [INFO] ApiDb:250 - Set database path to: C:\Users\bjosu\.stmcufinder\plugins\mcufinder//mcu/
2025-04-17 00:26:39,846 [WARN] DbFile:41 - Overriding database path with different value: C:\Users\bjosu\.stmcufinder\plugins\mcufinder/ => C:\Users\bjosu\.stmcufinder\plugins\mcufinder
2025-04-17 00:26:39,846 [INFO] DbMcusAds:125 - Set database path to: C:\Users\bjosu\.stmcufinder\plugins\mcufinder//mcu/
2025-04-17 00:26:39,846 [WARN] DbFile:41 - Overriding database path with different value: C:\Users\bjosu\.stmcufinder\plugins\mcufinder/ => C:\Users\bjosu\.stmcufinder\plugins\mcufinder
2025-04-17 00:26:39,846 [WARN] DbFile:41 - Overriding database path with different value: C:\Users\bjosu\.stmcufinder\plugins\mcufinder/ => C:\Users\bjosu\.stmcufinder\plugins\mcufinder
2025-04-17 00:26:39,846 [INFO] CrossReferenceDbSqlite:203 - Set database path to: C:\Users\bjosu\.stmcufinder\plugins\mcufinder//mcu/cs/
2025-04-17 00:26:39,875 [INFO] ApplicationProperties:184 - Using Application install path: C:\ST\STM32CubeIDE_1.18.0\STM32CubeIDE\plugins\com.st.stm32cube.common.mx_6.14.0.202502271554
2025-04-17 00:26:39,878 [INFO] PluginManage:196 - Search for loadable plugins [exclusion list=, ]
2025-04-17 00:26:39,880 [INFO] PluginManage:310 - Check plugin analytics
2025-04-17 00:26:40,244 [INFO] AnalyticsPlugin:253 - Accepted Software Licenses: 
2025-04-17 00:26:40,245 [INFO] AnalyticsPlugin:255 - Accepted CMSIS Pack Licenses: 
2025-04-17 00:26:40,246 [INFO] AnalyticsPlugin:257 - Accepted Firmware Licenses: FW.F4.1.28.0
2025-04-17 00:26:40,253 [INFO] PluginManage:359 - Loaded plugin analytics (category:tool,tabindex:-1)
2025-04-17 00:26:40,254 [INFO] PluginManage:310 - Check plugin cadmodel
2025-04-17 00:26:40,264 [INFO] CADModel:105 - Init CAD model plugin
2025-04-17 00:26:40,265 [INFO] PluginManage:359 - Loaded plugin cadmodel (category:power,tabindex:5)
2025-04-17 00:26:40,265 [INFO] PluginManage:310 - Check plugin clock
2025-04-17 00:26:40,287 [INFO] PluginManage:359 - Loaded plugin clock (category:base,tabindex:2)
2025-04-17 00:26:40,288 [INFO] PluginManage:310 - Check plugin ddr
2025-04-17 00:26:40,293 [INFO] PluginManage:359 - Loaded plugin ddr (category:tool,tabindex:6)
2025-04-17 00:26:40,294 [INFO] PluginManage:310 - Check plugin filemanager
2025-04-17 00:26:40,562 [INFO] PluginManage:359 - Loaded plugin filemanager (category:base,tabindex:10)
2025-04-17 00:26:40,563 [INFO] PluginManage:310 - Check plugin ipmanager
2025-04-17 00:26:40,575 [INFO] PluginManage:359 - Loaded plugin ipmanager (category:base,tabindex:5)
2025-04-17 00:26:40,576 [INFO] PluginManage:310 - Check plugin lpbam
2025-04-17 00:26:40,592 [INFO] PluginManage:359 - Loaded plugin lpbam (category:base,tabindex:0)
2025-04-17 00:26:40,592 [INFO] PluginManage:310 - Check plugin memorymap
2025-04-17 00:26:40,621 [INFO] PluginManage:359 - Loaded plugin memorymap (category:base,tabindex:4)
2025-04-17 00:26:40,621 [INFO] PluginManage:310 - Check plugin pinoutandconfiguration
2025-04-17 00:26:40,635 [INFO] PluginManage:359 - Loaded plugin pinoutandconfiguration (category:base,tabindex:1)
2025-04-17 00:26:40,635 [INFO] PluginManage:310 - Check plugin pinoutconfig
2025-04-17 00:26:40,768 [WARN] SupportedApi:132 - Cannot load RTOS API schema: s4s-elt-must-match.1: The content of 'definitions' must match (annotation?, (simpleType | complexType)?, (unique | key | keyref)*)). A problem was found starting at: attribute.
2025-04-17 00:26:40,977 [INFO] PluginManage:359 - Loaded plugin pinoutconfig (category:base,tabindex:0)
2025-04-17 00:26:40,977 [INFO] PluginManage:310 - Check plugin power
2025-04-17 00:26:40,992 [INFO] PluginManage:359 - Loaded plugin power (category:power,tabindex:4)
2025-04-17 00:26:40,993 [INFO] PluginManage:310 - Check plugin projectmanager
2025-04-17 00:26:41,019 [INFO] PluginManage:359 - Loaded plugin projectmanager (category:projectmanager,tabindex:4)
2025-04-17 00:26:41,019 [INFO] PluginManage:310 - Check plugin rif
2025-04-17 00:26:41,030 [INFO] PluginManage:359 - Loaded plugin rif (category:base,tabindex:3)
2025-04-17 00:26:41,030 [INFO] PluginManage:310 - Check plugin thirdparty
2025-04-17 00:26:41,281 [INFO] PluginManage:359 - Loaded plugin thirdparty (category:base,tabindex:-1)
2025-04-17 00:26:41,281 [WARN] IntegrityCheckThread:84 - waiting for thirdparty lock release [integrity check]
2025-04-17 00:26:41,282 [INFO] IntegrityCheckThread:86 - entering critical section [integrity check]
2025-04-17 00:26:41,282 [INFO] PluginManage:310 - Check plugin tools
2025-04-17 00:26:41,283 [INFO] ThirdPartyUpdaterWithRetryManager:70 - Updater plugin not ready yet. [1/15]
2025-04-17 00:26:41,287 [INFO] PluginManage:359 - Loaded plugin tools (category:base,tabindex:7)
2025-04-17 00:26:41,287 [INFO] PluginManage:310 - Check plugin tutovideos
2025-04-17 00:26:41,570 [INFO] PluginManage:359 - Loaded plugin tutovideos (category:base,tabindex:-1)
2025-04-17 00:26:41,571 [INFO] PluginManage:310 - Check plugin updater
2025-04-17 00:26:41,667 [INFO] PluginManage:359 - Loaded plugin updater (category:base,tabindex:12)
2025-04-17 00:26:41,667 [INFO] PluginManage:310 - Check plugin userauth
2025-04-17 00:26:41,676 [INFO] UserAuth:118 - Init User Auth plugin
2025-04-17 00:26:41,678 [INFO] PluginManage:359 - Loaded plugin userauth (category:base,tabindex:14)
2025-04-17 00:26:41,679 [INFO] PluginManage:283 - PluginManage : Loaded plugins [18]
2025-04-17 00:26:42,100 [INFO] PinOutPanel:1589 - setPackage(No Configuration,No Configuration)
2025-04-17 00:26:42,275 [INFO] CADModel:165 - CPN selected for project level
2025-04-17 00:26:42,276 [INFO] CADModel:114 - Register for checkConnection events
2025-04-17 00:26:42,321 [INFO] IPUIPlugin:80 - create IPUIPlugin
2025-04-17 00:26:42,321 [INFO] PluginManager:220 - loadIPPluginJar : add adc
2025-04-17 00:26:42,327 [INFO] IPUIPlugin:80 - create IPUIPlugin
2025-04-17 00:26:42,328 [INFO] PluginManager:220 - loadIPPluginJar : add aes
2025-04-17 00:26:42,335 [INFO] IPUIPlugin:80 - create IPUIPlugin
2025-04-17 00:26:42,336 [INFO] PluginManager:220 - loadIPPluginJar : add can
2025-04-17 00:26:42,342 [INFO] IPUIPlugin:80 - create IPUIPlugin
2025-04-17 00:26:42,342 [INFO] PluginManager:220 - loadIPPluginJar : add comp
2025-04-17 00:26:42,347 [INFO] IPUIPlugin:80 - create IPUIPlugin
2025-04-17 00:26:42,347 [INFO] PluginManager:220 - loadIPPluginJar : add cryp
2025-04-17 00:26:42,353 [INFO] IPUIPlugin:80 - create IPUIPlugin
2025-04-17 00:26:42,353 [INFO] PluginManager:220 - loadIPPluginJar : add ddr_ctrl_phy
2025-04-17 00:26:42,358 [INFO] IPUIPlugin:80 - create IPUIPlugin
2025-04-17 00:26:42,358 [INFO] PluginManager:220 - loadIPPluginJar : add dfsdm
2025-04-17 00:26:42,370 [INFO] IPUIPlugin:80 - create IPUIPlugin
2025-04-17 00:26:42,371 [INFO] PluginManager:220 - loadIPPluginJar : add dma
2025-04-17 00:26:42,375 [INFO] IPUIPlugin:80 - create IPUIPlugin
2025-04-17 00:26:42,376 [INFO] PluginManager:220 - loadIPPluginJar : add dma3
2025-04-17 00:26:42,382 [INFO] IPUIPlugin:80 - create IPUIPlugin
2025-04-17 00:26:42,382 [INFO] PluginManager:220 - loadIPPluginJar : add extmemmanager
2025-04-17 00:26:42,385 [INFO] IPUIPlugin:80 - create IPUIPlugin
2025-04-17 00:26:42,386 [INFO] PluginManager:220 - loadIPPluginJar : add fatfs
2025-04-17 00:26:42,394 [INFO] IPUIPlugin:80 - create IPUIPlugin
2025-04-17 00:26:42,394 [INFO] PluginManager:220 - loadIPPluginJar : add fmc
2025-04-17 00:26:42,402 [INFO] IPUIPlugin:80 - create IPUIPlugin
2025-04-17 00:26:42,403 [INFO] PluginManager:220 - loadIPPluginJar : add freertos
2025-04-17 00:26:42,406 [INFO] IPUIPlugin:80 - create IPUIPlugin
2025-04-17 00:26:42,406 [INFO] PluginManager:220 - loadIPPluginJar : add genericplugin
2025-04-17 00:26:42,411 [INFO] IPUIPlugin:80 - create IPUIPlugin
2025-04-17 00:26:42,411 [INFO] PluginManager:220 - loadIPPluginJar : add gfxmmu
2025-04-17 00:26:42,421 [INFO] IPUIPlugin:80 - create IPUIPlugin
2025-04-17 00:26:42,421 [INFO] PluginManager:220 - loadIPPluginJar : add gic
2025-04-17 00:26:42,431 [INFO] IPUIPlugin:80 - create IPUIPlugin
2025-04-17 00:26:42,431 [INFO] PluginManager:220 - loadIPPluginJar : add gpio
2025-04-17 00:26:42,436 [INFO] IPUIPlugin:80 - create IPUIPlugin
2025-04-17 00:26:42,437 [INFO] PluginManager:220 - loadIPPluginJar : add gtzc
2025-04-17 00:26:42,441 [INFO] IPUIPlugin:80 - create IPUIPlugin
2025-04-17 00:26:42,442 [INFO] PluginManager:220 - loadIPPluginJar : add hash
2025-04-17 00:26:42,448 [INFO] IPUIPlugin:80 - create IPUIPlugin
2025-04-17 00:26:42,449 [INFO] PluginManager:220 - loadIPPluginJar : add i2c
2025-04-17 00:26:42,455 [INFO] IPUIPlugin:80 - create IPUIPlugin
2025-04-17 00:26:42,455 [INFO] PluginManager:220 - loadIPPluginJar : add i2s
2025-04-17 00:26:42,462 [INFO] IPUIPlugin:80 - create IPUIPlugin
2025-04-17 00:26:42,462 [INFO] PluginManager:220 - loadIPPluginJar : add i3c
2025-04-17 00:26:42,468 [INFO] IPUIPlugin:80 - create IPUIPlugin
2025-04-17 00:26:42,468 [INFO] PluginManager:220 - loadIPPluginJar : add ipddr
2025-04-17 00:26:42,481 [INFO] IPUIPlugin:80 - create IPUIPlugin
2025-04-17 00:26:42,481 [INFO] PluginManager:220 - loadIPPluginJar : add linkedlist
2025-04-17 00:26:42,487 [INFO] IPUIPlugin:80 - create IPUIPlugin
2025-04-17 00:26:42,487 [INFO] PluginManager:220 - loadIPPluginJar : add lorawan
2025-04-17 00:26:42,490 [INFO] IPUIPlugin:80 - create IPUIPlugin
2025-04-17 00:26:42,490 [INFO] PluginManager:220 - loadIPPluginJar : add ltdc
2025-04-17 00:26:42,499 [INFO] IPUIPlugin:80 - create IPUIPlugin
2025-04-17 00:26:42,500 [INFO] PluginManager:220 - loadIPPluginJar : add mdma
2025-04-17 00:26:42,506 [INFO] IPUIPlugin:80 - create IPUIPlugin
2025-04-17 00:26:42,506 [INFO] PluginManager:220 - loadIPPluginJar : add nvic
2025-04-17 00:26:42,512 [INFO] IPUIPlugin:80 - create IPUIPlugin
2025-04-17 00:26:42,512 [INFO] PluginManager:220 - loadIPPluginJar : add opamp
2025-04-17 00:26:42,522 [INFO] IPUIPlugin:80 - create IPUIPlugin
2025-04-17 00:26:42,522 [INFO] PluginManager:220 - loadIPPluginJar : add openamp
2025-04-17 00:26:42,530 [INFO] IPUIPlugin:80 - create IPUIPlugin
2025-04-17 00:26:42,530 [INFO] PluginManager:220 - loadIPPluginJar : add pdm2pcm
2025-04-17 00:26:42,542 [INFO] IPUIPlugin:80 - create IPUIPlugin
2025-04-17 00:26:42,546 [INFO] PluginManager:220 - loadIPPluginJar : add plateformsettings
2025-04-17 00:26:42,550 [INFO] IPUIPlugin:80 - create IPUIPlugin
2025-04-17 00:26:42,550 [INFO] PluginManager:220 - loadIPPluginJar : add quadspi
2025-04-17 00:26:42,555 [INFO] IPUIPlugin:80 - create IPUIPlugin
2025-04-17 00:26:42,557 [INFO] PluginManager:220 - loadIPPluginJar : add radio
2025-04-17 00:26:42,565 [INFO] IPUIPlugin:80 - create IPUIPlugin
2025-04-17 00:26:42,565 [INFO] PluginManager:220 - loadIPPluginJar : add resmgrutility
2025-04-17 00:26:42,572 [INFO] IPUIPlugin:80 - create IPUIPlugin
2025-04-17 00:26:42,573 [INFO] PluginManager:220 - loadIPPluginJar : add sai
2025-04-17 00:26:42,578 [INFO] IPUIPlugin:80 - create IPUIPlugin
2025-04-17 00:26:42,578 [INFO] PluginManager:220 - loadIPPluginJar : add spi
2025-04-17 00:26:42,588 [INFO] IPUIPlugin:80 - create IPUIPlugin
2025-04-17 00:26:42,588 [INFO] PluginManager:220 - loadIPPluginJar : add stm32_wpan
2025-04-17 00:26:42,592 [INFO] IPUIPlugin:80 - create IPUIPlugin
2025-04-17 00:26:42,593 [INFO] PluginManager:220 - loadIPPluginJar : add tim
2025-04-17 00:26:42,599 [INFO] IPUIPlugin:80 - create IPUIPlugin
2025-04-17 00:26:42,600 [INFO] PluginManager:220 - loadIPPluginJar : add touchsensing
2025-04-17 00:26:42,604 [INFO] IPUIPlugin:80 - create IPUIPlugin
2025-04-17 00:26:42,604 [INFO] PluginManager:220 - loadIPPluginJar : add tracer_emb
2025-04-17 00:26:42,607 [INFO] IPUIPlugin:80 - create IPUIPlugin
2025-04-17 00:26:42,608 [INFO] PluginManager:220 - loadIPPluginJar : add ts
2025-04-17 00:26:42,611 [INFO] IPUIPlugin:80 - create IPUIPlugin
2025-04-17 00:26:42,611 [INFO] PluginManager:220 - loadIPPluginJar : add tsc
2025-04-17 00:26:42,616 [INFO] IPUIPlugin:80 - create IPUIPlugin
2025-04-17 00:26:42,616 [INFO] PluginManager:220 - loadIPPluginJar : add ucpd
2025-04-17 00:26:42,621 [INFO] IPUIPlugin:80 - create IPUIPlugin
2025-04-17 00:26:42,621 [INFO] PluginManager:220 - loadIPPluginJar : add usart
2025-04-17 00:26:42,626 [INFO] IPUIPlugin:80 - create IPUIPlugin
2025-04-17 00:26:42,627 [INFO] PluginManager:220 - loadIPPluginJar : add usbx
2025-04-17 00:26:42,795 [FATAL] Updater:351 - Updater called before beeing initialized
2025-04-17 00:26:42,845 [INFO] RulesReader:64 - Compatibility file has been processed (301 Rules)
2025-04-17 00:26:42,883 [INFO] RulesReader:64 - Compatibility file has been processed (301 Rules)
2025-04-17 00:26:42,909 [INFO] CADModel:165 - CPN selected for project level
2025-04-17 00:26:42,910 [INFO] CADModel:114 - Register for checkConnection events
2025-04-17 00:26:42,910 [FATAL] Updater:351 - Updater called before beeing initialized
2025-04-17 00:26:42,910 [ERROR] CADModel:125 - Updater not yet initialized, retry later 
2025-04-17 00:26:43,147 [FATAL] Updater:351 - Updater called before beeing initialized
2025-04-17 00:26:43,150 [INFO] CADModel:165 - CPN selected for project level
2025-04-17 00:26:43,151 [INFO] CADModel:114 - Register for checkConnection events
2025-04-17 00:26:43,151 [FATAL] Updater:351 - Updater called before beeing initialized
2025-04-17 00:26:43,151 [ERROR] CADModel:125 - Updater not yet initialized, retry later 
2025-04-17 00:26:43,156 [FATAL] Updater:351 - Updater called before beeing initialized
2025-04-17 00:26:43,377 [FATAL] Updater:351 - Updater called before beeing initialized
2025-04-17 00:26:43,383 [INFO] DbMcusAds:53 - JSON generation date=Thu Mar 06 08:54:22 CST 2025 (1741272862204)
2025-04-17 00:26:43,383 [FATAL] Updater:351 - Updater called before beeing initialized
2025-04-17 00:26:43,444 [WARN] DetailPanel:346 - Failed to get advertising image, set to default
2025-04-17 00:26:43,833 [FATAL] Updater:351 - Updater called before beeing initialized
2025-04-17 00:26:43,836 [FATAL] Updater:351 - Updater called before beeing initialized
2025-04-17 00:26:43,836 [FATAL] Updater:351 - Updater called before beeing initialized
2025-04-17 00:26:43,836 [WARN] DetailPanel:346 - Failed to get advertising image, set to default
2025-04-17 00:26:43,837 [FATAL] Updater:351 - Updater called before beeing initialized
2025-04-17 00:26:43,920 [ERROR] Updater:1198 - MainUpdater not yet initialized. External WinMGr cannot be set.
2025-04-17 00:26:43,923 [INFO] Updater:1134 - Updater Version found : 6.14.0
2025-04-17 00:26:43,957 [INFO] ApplicationProperties:184 - Using Application install path: C:\ST\STM32CubeIDE_1.18.0\STM32CubeIDE\plugins\com.st.stm32cube.common.mx_6.14.0.202502271554
2025-04-17 00:26:44,284 [INFO] ThirdPartyUpdaterWithRetryManager:70 - Updater plugin not ready yet. [2/15]
2025-04-17 00:26:45,543 [ERROR] LogOutputStream:75 - [STDERR_REDIRECT] Apr 17, 2025 12:26:45 AM java.util.prefs.WindowsPreferences <init>
2025-04-17 00:26:45,545 [ERROR] LogOutputStream:75 - [STDERR_REDIRECT] WARNING: Could not open/create prefs root node Software\JavaSoft\Prefs at root 0xffffffff80000002. Windows RegCreateKeyEx(...) returned error code 5.
2025-04-17 00:26:45,546 [ERROR] LogOutputStream:75 - [STDERR_REDIRECT] 
2025-04-17 00:26:46,174 [INFO] MainUpdater:2872 - connection check result : 10
2025-04-17 00:26:46,175 [INFO] MainUpdater:289 - Updater Check For Update Now.
2025-04-17 00:26:46,176 [INFO] MicroXplorer:498 - Change Database Version : DB.6.0.140
2025-04-17 00:26:46,187 [INFO] McuFinderGlobals:63 - Set McuFinder mode to 2 (CubeIDE integrated)
2025-04-17 00:26:46,189 [INFO] UserAuth:486 - Internet connection configuration mode: 1
2025-04-17 00:26:46,234 [INFO] JxBrowserEngine:152 - Initiate JxBrowser Engine with user profile folder
2025-04-17 00:26:46,406 [INFO] CheckServerUpdateThread:120 - End of CheckServer Thread
2025-04-17 00:26:47,949 [INFO] WebApp:169 - Instantiating new browser for Auth
2025-04-17 00:26:48,023 [WARN] PackLoader:240 - Cannot read IP mode file for STMicroelectronics.FP-SNS-MOTENVWB1.1.4.0
2025-04-17 00:26:48,046 [WARN] PackLoader:240 - Cannot read IP mode file for STMicroelectronics.FP-ATR-ASTRA1.2.0.2
2025-04-17 00:26:48,072 [WARN] PackLoader:240 - Cannot read IP mode file for STMicroelectronics.X-CUBE-SMBUS.2.1.0
2025-04-17 00:26:48,097 [WARN] PackLoader:240 - Cannot read IP mode file for STMicroelectronics.X-CUBE-WB05N.1.1.0
2025-04-17 00:26:48,183 [WARN] PackLoader:240 - Cannot read IP mode file for STMicroelectronics.X-CUBE-AZRTOS-F7.1.1.0
2025-04-17 00:26:48,270 [WARN] PackLoader:240 - Cannot read IP mode file for Infineon.AIROC-Wi-Fi-Bluetooth-STM32.1.7.0
2025-04-17 00:26:48,303 [WARN] PackLoader:240 - Cannot read IP mode file for STMicroelectronics.X-CUBE-DISPLAY.3.0.0
2025-04-17 00:26:48,338 [WARN] PackLoader:240 - Cannot read IP mode file for STMicroelectronics.X-CUBE-NFC10.1.0.0
2025-04-17 00:26:48,368 [WARN] PackLoader:240 - Cannot read IP mode file for STMicroelectronics.X-CUBE-BLEMGR.4.0.0
2025-04-17 00:26:48,412 [WARN] PackLoader:240 - Cannot read IP mode file for emotas.I-CUBE-CANOPEN.1.3.0
2025-04-17 00:26:48,426 [WARN] ConditionMgr:438 - getConditionDescription Invalid condition id : Cortex-A Device cause : null
2025-04-17 00:26:48,482 [WARN] ConditionMgr:1044 - genDependencies : Invalid condition id : Cortex-A Device cause : null
2025-04-17 00:26:48,483 [WARN] ConditionMgr:1044 - genDependencies : Invalid condition id : Cortex-A Device cause : null
2025-04-17 00:26:48,483 [WARN] ConditionMgr:1044 - genDependencies : Invalid condition id : Cortex-A Device cause : null
2025-04-17 00:26:48,696 [WARN] PackLoader:240 - Cannot read IP mode file for STMicroelectronics.X-CUBE-AI.10.0.0
2025-04-17 00:26:48,708 [WARN] PackLoader:240 - Cannot read IP mode file for STMicroelectronics.FP-SNS-SMARTAG2.1.2.0
2025-04-17 00:26:48,719 [WARN] PackLoader:240 - Cannot read IP mode file for STMicroelectronics.FP-SNS-FLIGHT1.5.1.0
2025-04-17 00:26:48,859 [WARN] PackLoader:240 - Cannot read IP mode file for STMicroelectronics.X-CUBE-MEMS1.11.1.0
2025-04-17 00:26:49,153 [INFO] LogOutputStream:77 - [STDOUT_REDIRECT] 1 : Invalid condition id : UX_CORESTACK_Condition cause : null
2025-04-17 00:26:49,155 [INFO] LogOutputStream:77 - [STDOUT_REDIRECT] 1 : Invalid condition id : UX_CORESTACK_Condition cause : null
2025-04-17 00:26:49,159 [INFO] LogOutputStream:77 - [STDOUT_REDIRECT] 1 : Invalid condition id : UX_CORESTACK_Condition cause : null
2025-04-17 00:26:49,161 [INFO] LogOutputStream:77 - [STDOUT_REDIRECT] 1 : Invalid condition id : UX_CORESTACK_Condition cause : null
2025-04-17 00:26:49,164 [INFO] LogOutputStream:77 - [STDOUT_REDIRECT] 1 : Invalid condition id : UX_CORESTACK_Condition cause : null
2025-04-17 00:26:49,171 [WARN] PackLoader:240 - Cannot read IP mode file for STMicroelectronics.X-CUBE-AZRTOS-WL.2.0.0
2025-04-17 00:26:49,183 [WARN] PackLoader:240 - Cannot read IP mode file for STMicroelectronics.FP-SNS-MOTENV1.5.0.0
2025-04-17 00:26:49,200 [WARN] PackLoader:240 - Cannot read IP mode file for WES.I-CUBE-Cesium.1.3.0
2025-04-17 00:26:49,210 [WARN] PackLoader:240 - Cannot read IP mode file for STMicroelectronics.X-CUBE-BLE2.3.3.0
2025-04-17 00:26:49,223 [WARN] PackLoader:240 - Cannot read IP mode file for STMicroelectronics.X-CUBE-NFC9.1.0.0
2025-04-17 00:26:49,254 [WARN] PackLoader:240 - Cannot read IP mode file for STMicroelectronics.X-CUBE-BLE1.7.1.0
2025-04-17 00:26:49,266 [WARN] PackLoader:240 - Cannot read IP mode file for wolfSSL.I-CUBE-wolfMQTT.1.19.2
2025-04-17 00:26:49,299 [WARN] PackLoader:240 - Cannot read IP mode file for STMicroelectronics.X-CUBE-AZRTOS-G0.1.1.0
2025-04-17 00:26:49,319 [WARN] PackLoader:240 - Cannot read IP mode file for STMicroelectronics.X-CUBE-SAFEA1.1.2.2
2025-04-17 00:26:49,332 [WARN] PackLoader:240 - Cannot read IP mode file for STMicroelectronics.X-CUBE-NFC4.3.0.0
2025-04-17 00:26:49,352 [WARN] PackLoader:240 - Cannot read IP mode file for EmbeddedOffice.I-CUBE-FS-RTOS.1.0.1
2025-04-17 00:26:49,362 [WARN] PackLoader:240 - Cannot read IP mode file for wolfSSL.I-CUBE-wolfTPM.3.8.0
2025-04-17 00:26:49,377 [WARN] PackLoader:240 - Cannot read IP mode file for STMicroelectronics.X-CUBE-TCPP.4.2.0
2025-04-17 00:26:49,427 [WARN] PackLoader:240 - Cannot read IP mode file for RealThread.X-CUBE-RT-Thread_Nano.4.1.1
2025-04-17 00:26:49,438 [WARN] PackLoader:240 - Cannot read IP mode file for STMicroelectronics.FP-ATR-SIGFOX1.3.2.0
2025-04-17 00:26:49,450 [WARN] PackLoader:240 - Cannot read IP mode file for STMicroelectronics.X-CUBE-EEPRMA1.5.1.0
2025-04-17 00:26:49,484 [WARN] PackLoader:240 - Cannot read IP mode file for wolfSSL.I-CUBE-wolfSSL.5.7.6
2025-04-17 00:26:49,497 [WARN] PackLoader:240 - Cannot read IP mode file for ITTIA_DB.I-CUBE-ITTIADB.8.9.0
2025-04-17 00:26:49,552 [WARN] PackLoader:240 - Cannot read IP mode file for SEGGER.I-CUBE-embOS.1.3.1
2025-04-17 00:26:49,627 [WARN] PackLoader:240 - Cannot read IP mode file for STMicroelectronics.X-CUBE-ALGOBUILD.1.4.0
2025-04-17 00:26:49,654 [WARN] PackLoader:240 - Cannot read IP mode file for STMicroelectronics.X-CUBE-AZRTOS-F4.1.1.0
2025-04-17 00:26:49,666 [WARN] PackLoader:240 - Cannot read IP mode file for STMicroelectronics.X-CUBE-ISPU.2.1.0
2025-04-17 00:26:49,693 [WARN] PackLoader:240 - Cannot read IP mode file for STMicroelectronics.X-CUBE-AZRTOS-L5.2.0.0
2025-04-17 00:26:49,711 [WARN] PackLoader:240 - Cannot read IP mode file for STMicroelectronics.X-CUBE-NFC6.3.1.0
2025-04-17 00:26:49,726 [WARN] PackLoader:240 - Cannot read IP mode file for STMicroelectronics.X-CUBE-DPower.1.2.0
2025-04-17 00:26:49,737 [WARN] PackLoader:240 - Cannot read IP mode file for STMicroelectronics.X-CUBE-FREERTOS.1.3.0
2025-04-17 00:26:49,749 [WARN] PackLoader:240 - Cannot read IP mode file for STMicroelectronics.X-CUBE-NFC7.1.0.1
2025-04-17 00:26:49,760 [WARN] PackLoader:240 - Cannot read IP mode file for STMicroelectronics.X-CUBE-DPower.1.3.0
2025-04-17 00:26:49,789 [WARN] ConditionMgr:438 - getConditionDescription Invalid condition id : LAN8742 Phy interface Condition cause : null
2025-04-17 00:26:49,790 [WARN] PackLoader:240 - Cannot read IP mode file for STMicroelectronics.X-CUBE-AZRTOS-L4.2.0.0
2025-04-17 00:26:49,792 [WARN] ConditionMgr:1044 - genDependencies : Invalid condition id : LAN8742 Phy interface Condition cause : null
2025-04-17 00:26:49,793 [WARN] ConditionMgr:1044 - genDependencies : Invalid condition id : LAN8742 Phy interface Condition cause : null
2025-04-17 00:26:49,794 [WARN] ConditionMgr:1044 - genDependencies : Invalid condition id : LAN8742 Phy interface Condition cause : null
2025-04-17 00:26:49,812 [WARN] PackLoader:240 - Cannot read IP mode file for STMicroelectronics.X-CUBE-SFXS2LP1.4.0.0
2025-04-17 00:26:49,857 [WARN] PackLoader:240 - Cannot read IP mode file for STMicroelectronics.X-CUBE-AZRTOS-H7.3.3.0
2025-04-17 00:26:49,880 [WARN] ConditionMgr:438 - getConditionDescription Invalid condition id : UX DEVICE CLASS RTOS Condition cause : null
2025-04-17 00:26:49,881 [WARN] ConditionMgr:438 - getConditionDescription Invalid condition id : UX DEVICE CLASS RTOS Condition cause : null
2025-04-17 00:26:49,884 [WARN] PackLoader:240 - Cannot read IP mode file for STMicroelectronics.X-CUBE-AZRTOS-WB.2.0.0
2025-04-17 00:26:49,885 [WARN] ConditionMgr:1044 - genDependencies : Invalid condition id : UX DEVICE CLASS RTOS Condition cause : null
2025-04-17 00:26:49,885 [WARN] ConditionMgr:1044 - genDependencies : Invalid condition id : UX DEVICE CLASS RTOS Condition cause : null
2025-04-17 00:26:49,887 [WARN] ConditionMgr:1044 - genDependencies : Invalid condition id : UX DEVICE CLASS RTOS Condition cause : null
2025-04-17 00:26:49,888 [WARN] ConditionMgr:1044 - genDependencies : Invalid condition id : UX DEVICE CLASS RTOS Condition cause : null
2025-04-17 00:26:49,888 [WARN] ConditionMgr:1044 - genDependencies : Invalid condition id : UX DEVICE CLASS RTOS Condition cause : null
2025-04-17 00:26:49,899 [WARN] PackLoader:240 - Cannot read IP mode file for STMicroelectronics.X-CUBE-GNSS1.7.0.1
2025-04-17 00:26:49,911 [WARN] PackLoader:240 - Cannot read IP mode file for STMicroelectronics.X-CUBE-TOUCHGFX.4.25.0
2025-04-17 00:26:49,923 [WARN] PackLoader:240 - Cannot read IP mode file for STMicroelectronics.FP-SNS-STBOX1.2.0.0
2025-04-17 00:26:49,945 [WARN] PackLoader:240 - Cannot read IP mode file for STMicroelectronics.X-CUBE-SUBG2.5.0.0
2025-04-17 00:26:49,984 [WARN] PackLoader:240 - Cannot read IP mode file for STMicroelectronics.X-CUBE-AZRTOS-H7RS.1.1.0
2025-04-17 00:26:50,008 [WARN] PackLoader:240 - Cannot read IP mode file for Cesanta.I-CUBE-Mongoose.7.13.0
2025-04-17 00:26:50,032 [WARN] PackLoader:240 - Cannot read IP mode file for STMicroelectronics.X-CUBE-AZRTOS-G4.2.0.0
2025-04-17 00:26:50,049 [WARN] PackLoader:240 - Cannot read IP mode file for wolfSSL.I-CUBE-wolfSSH.1.4.20
2025-04-17 00:26:50,077 [WARN] PackLoader:240 - Cannot read IP mode file for STMicroelectronics.X-CUBE-IPS.3.1.0
2025-04-17 00:26:50,103 [WARN] PackLoader:240 - Cannot read IP mode file for STMicroelectronics.X-CUBE-ALS.1.0.2
2025-04-17 00:26:50,123 [WARN] PackLoader:240 - Cannot read IP mode file for portGmbH.I-Cube-SoM-uGOAL.1.1.0
2025-04-17 00:26:50,164 [WARN] PackLoader:240 - Cannot read IP mode file for STMicroelectronics.X-CUBE-AZRTOS-H7RS.1.0.0
2025-04-17 00:26:50,200 [WARN] PackLoader:240 - Cannot read IP mode file for STMicroelectronics.X-CUBE-TOF1.3.4.2
2025-04-17 00:26:50,224 [INFO] ThirdParty:978 - Integrity check success = true
2025-04-17 00:26:50,224 [INFO] IntegrityCheckThread:100 - exiting critical section [integrity check]
2025-04-17 00:26:50,225 [INFO] IntegrityCheckThread:103 - End integrity checks thread
2025-04-17 00:26:50,409 [INFO] WebApp:463 - Apply proxy settings
2025-04-17 00:26:50,410 [INFO] WebApp:548 - Chromium requires no authentication
2025-04-17 00:26:50,428 [INFO] WebApp:491 - Direct internet connection detected
2025-04-17 00:26:50,479 [INFO] WebApp:894 - Register for checkConnection events
2025-04-17 00:26:50,479 [INFO] WebApp:463 - Apply proxy settings
2025-04-17 00:26:50,480 [INFO] WebApp:548 - Chromium requires no authentication
2025-04-17 00:26:50,480 [INFO] WebApp:491 - Direct internet connection detected
2025-04-17 00:26:50,736 [INFO] WebApp:225 - Starting web application
2025-04-17 00:26:50,737 [INFO] WebApp:593 - Web application path used C:\ST\STM32CubeIDE_1.18.0\STM32CubeIDE\plugins\com.st.stm32cube.common.mx_6.14.0.202502271554\db\plugins\mcufinder\reactClient1\index.html
2025-04-17 00:26:50,795 [INFO] WebApp:191 - Connection restablished
2025-04-17 00:26:51,206 [INFO] UserAuth:486 - Internet connection configuration mode: 1
2025-04-17 10:09:48,981 [INFO] WebApp:194 - Connection lost
2025-04-17 10:09:49,501 [INFO] WebApp:191 - Connection restablished
2025-04-17 14:39:40,750 [INFO] WebApp:194 - Connection lost
2025-04-17 14:39:47,285 [INFO] WebApp:191 - Connection restablished
2025-04-17 15:09:09,885 [ERROR] LogOutputStream:75 - [STDERR_REDIRECT] 
2025-04-17 20:36:47,816 [INFO] Activator:176 - 


2025-04-17 20:36:47,820 [INFO] Activator:177 - !SESSION log4j initialized
2025-04-17 20:36:57,326 [INFO] LogOutputStream:77 - [STDOUT_REDIRECT] 
2025-04-17 20:37:01,136 [INFO] ApplicationProperties:184 - Using Application install path: C:\ST\STM32CubeIDE_1.18.0\STM32CubeIDE\plugins\com.st.stm32cube.common.mx_6.14.0.202502271554
2025-04-17 20:37:01,159 [INFO] DbMcusXml:78 - Set database path to: C:\ST\STM32CubeIDE_1.18.0\STM32CubeIDE\plugins\com.st.stm32cube.common.mx_6.14.0.202502271554\\db\/mcu/
2025-04-17 20:37:01,159 [INFO] ApiDb:274 - Set plugin database path to: C:\ST\STM32CubeIDE_1.18.0\STM32CubeIDE\plugins\com.st.stm32cube.common.mx_6.14.0.202502271554\\db\/plugins/boardmanager/
2025-04-17 20:37:01,159 [WARN] ApiDb:259 - Overriding images path with different value:  => C:\ST\STM32CubeIDE_1.18.0\STM32CubeIDE\plugins\com.st.stm32cube.common.mx_6.14.0.202502271554\\db\/plugins/mcufinder/images/
2025-04-17 20:37:01,171 [INFO] ApiDb:250 - Set database path to: C:\Users\bjosu\.stmcufinder\plugins\mcufinder//mcu/
2025-04-17 20:37:01,172 [INFO] DbMcusAds:125 - Set database path to: C:\Users\bjosu\.stmcufinder\plugins\mcufinder//mcu/
2025-04-17 20:37:01,176 [INFO] CrossReferenceDbSqlite:203 - Set database path to: C:\Users\bjosu\.stmcufinder\plugins\mcufinder//mcu/cs/
2025-04-17 20:37:01,321 [INFO] RulesReader:64 - Compatibility file has been processed (301 Rules)
2025-04-17 20:37:01,435 [INFO] DbMcusXml:78 - Set database path to: C:\ST\STM32CubeIDE_1.18.0\STM32CubeIDE\plugins\com.st.stm32cube.common.mx_6.14.0.202502271554\\db\/mcu/
2025-04-17 20:37:01,436 [INFO] ApiDb:274 - Set plugin database path to: C:\ST\STM32CubeIDE_1.18.0\STM32CubeIDE\plugins\com.st.stm32cube.common.mx_6.14.0.202502271554\\db\/plugins/boardmanager/
2025-04-17 20:37:01,436 [INFO] ApiDb:261 - Set plugin images path to: C:\ST\STM32CubeIDE_1.18.0\STM32CubeIDE\plugins\com.st.stm32cube.common.mx_6.14.0.202502271554\\db\/plugins/mcufinder/images/
2025-04-17 20:37:01,436 [WARN] DbFile:41 - Overriding database path with different value: C:\Users\bjosu\.stmcufinder\plugins\mcufinder/ => C:\Users\bjosu\.stmcufinder\plugins\mcufinder
2025-04-17 20:37:01,436 [INFO] ApiDb:250 - Set database path to: C:\Users\bjosu\.stmcufinder\plugins\mcufinder//mcu/
2025-04-17 20:37:01,436 [WARN] DbFile:41 - Overriding database path with different value: C:\Users\bjosu\.stmcufinder\plugins\mcufinder/ => C:\Users\bjosu\.stmcufinder\plugins\mcufinder
2025-04-17 20:37:01,436 [INFO] DbMcusAds:125 - Set database path to: C:\Users\bjosu\.stmcufinder\plugins\mcufinder//mcu/
2025-04-17 20:37:01,436 [WARN] DbFile:41 - Overriding database path with different value: C:\Users\bjosu\.stmcufinder\plugins\mcufinder/ => C:\Users\bjosu\.stmcufinder\plugins\mcufinder
2025-04-17 20:37:01,436 [WARN] DbFile:41 - Overriding database path with different value: C:\Users\bjosu\.stmcufinder\plugins\mcufinder/ => C:\Users\bjosu\.stmcufinder\plugins\mcufinder
2025-04-17 20:37:01,437 [INFO] CrossReferenceDbSqlite:203 - Set database path to: C:\Users\bjosu\.stmcufinder\plugins\mcufinder//mcu/cs/
2025-04-17 20:37:01,545 [INFO] MainPanel:272 - HeapMemory: 268435456
2025-04-17 20:37:01,682 [INFO] DbMcusXml:78 - Set database path to: C:\ST\STM32CubeIDE_1.18.0\STM32CubeIDE\plugins\com.st.stm32cube.common.mx_6.14.0.202502271554\\db\/mcu/
2025-04-17 20:37:01,683 [INFO] ApiDb:274 - Set plugin database path to: C:\ST\STM32CubeIDE_1.18.0\STM32CubeIDE\plugins\com.st.stm32cube.common.mx_6.14.0.202502271554\\db\/plugins/boardmanager/
2025-04-17 20:37:01,683 [INFO] ApiDb:261 - Set plugin images path to: C:\ST\STM32CubeIDE_1.18.0\STM32CubeIDE\plugins\com.st.stm32cube.common.mx_6.14.0.202502271554\\db\/plugins/mcufinder/images/
2025-04-17 20:37:01,683 [WARN] DbFile:41 - Overriding database path with different value: C:\Users\bjosu\.stmcufinder\plugins\mcufinder/ => C:\Users\bjosu\.stmcufinder\plugins\mcufinder
2025-04-17 20:37:01,683 [INFO] ApiDb:250 - Set database path to: C:\Users\bjosu\.stmcufinder\plugins\mcufinder//mcu/
2025-04-17 20:37:01,683 [WARN] DbFile:41 - Overriding database path with different value: C:\Users\bjosu\.stmcufinder\plugins\mcufinder/ => C:\Users\bjosu\.stmcufinder\plugins\mcufinder
2025-04-17 20:37:01,683 [INFO] DbMcusAds:125 - Set database path to: C:\Users\bjosu\.stmcufinder\plugins\mcufinder//mcu/
2025-04-17 20:37:01,684 [WARN] DbFile:41 - Overriding database path with different value: C:\Users\bjosu\.stmcufinder\plugins\mcufinder/ => C:\Users\bjosu\.stmcufinder\plugins\mcufinder
2025-04-17 20:37:01,684 [WARN] DbFile:41 - Overriding database path with different value: C:\Users\bjosu\.stmcufinder\plugins\mcufinder/ => C:\Users\bjosu\.stmcufinder\plugins\mcufinder
2025-04-17 20:37:01,684 [INFO] CrossReferenceDbSqlite:203 - Set database path to: C:\Users\bjosu\.stmcufinder\plugins\mcufinder//mcu/cs/
2025-04-17 20:37:01,709 [INFO] ApplicationProperties:184 - Using Application install path: C:\ST\STM32CubeIDE_1.18.0\STM32CubeIDE\plugins\com.st.stm32cube.common.mx_6.14.0.202502271554
2025-04-17 20:37:01,710 [INFO] PluginManage:196 - Search for loadable plugins [exclusion list=, ]
2025-04-17 20:37:01,712 [INFO] PluginManage:310 - Check plugin analytics
2025-04-17 20:37:02,015 [INFO] AnalyticsPlugin:253 - Accepted Software Licenses: 
2025-04-17 20:37:02,016 [INFO] AnalyticsPlugin:255 - Accepted CMSIS Pack Licenses: 
2025-04-17 20:37:02,016 [INFO] AnalyticsPlugin:257 - Accepted Firmware Licenses: FW.F4.1.28.0
2025-04-17 20:37:02,022 [INFO] PluginManage:359 - Loaded plugin analytics (category:tool,tabindex:-1)
2025-04-17 20:37:02,023 [INFO] PluginManage:310 - Check plugin cadmodel
2025-04-17 20:37:02,033 [INFO] CADModel:105 - Init CAD model plugin
2025-04-17 20:37:02,034 [INFO] PluginManage:359 - Loaded plugin cadmodel (category:power,tabindex:5)
2025-04-17 20:37:02,035 [INFO] PluginManage:310 - Check plugin clock
2025-04-17 20:37:02,054 [INFO] PluginManage:359 - Loaded plugin clock (category:base,tabindex:2)
2025-04-17 20:37:02,055 [INFO] PluginManage:310 - Check plugin ddr
2025-04-17 20:37:02,060 [INFO] PluginManage:359 - Loaded plugin ddr (category:tool,tabindex:6)
2025-04-17 20:37:02,061 [INFO] PluginManage:310 - Check plugin filemanager
2025-04-17 20:37:02,322 [INFO] PluginManage:359 - Loaded plugin filemanager (category:base,tabindex:10)
2025-04-17 20:37:02,322 [INFO] PluginManage:310 - Check plugin ipmanager
2025-04-17 20:37:02,332 [INFO] PluginManage:359 - Loaded plugin ipmanager (category:base,tabindex:5)
2025-04-17 20:37:02,332 [INFO] PluginManage:310 - Check plugin lpbam
2025-04-17 20:37:02,345 [INFO] PluginManage:359 - Loaded plugin lpbam (category:base,tabindex:0)
2025-04-17 20:37:02,346 [INFO] PluginManage:310 - Check plugin memorymap
2025-04-17 20:37:02,365 [INFO] PluginManage:359 - Loaded plugin memorymap (category:base,tabindex:4)
2025-04-17 20:37:02,365 [INFO] PluginManage:310 - Check plugin pinoutandconfiguration
2025-04-17 20:37:02,377 [INFO] PluginManage:359 - Loaded plugin pinoutandconfiguration (category:base,tabindex:1)
2025-04-17 20:37:02,377 [INFO] PluginManage:310 - Check plugin pinoutconfig
2025-04-17 20:37:02,502 [WARN] SupportedApi:132 - Cannot load RTOS API schema: s4s-elt-must-match.1: The content of 'definitions' must match (annotation?, (simpleType | complexType)?, (unique | key | keyref)*)). A problem was found starting at: attribute.
2025-04-17 20:37:02,689 [INFO] PluginManage:359 - Loaded plugin pinoutconfig (category:base,tabindex:0)
2025-04-17 20:37:02,689 [INFO] PluginManage:310 - Check plugin power
2025-04-17 20:37:02,702 [INFO] PluginManage:359 - Loaded plugin power (category:power,tabindex:4)
2025-04-17 20:37:02,703 [INFO] PluginManage:310 - Check plugin projectmanager
2025-04-17 20:37:02,723 [INFO] PluginManage:359 - Loaded plugin projectmanager (category:projectmanager,tabindex:4)
2025-04-17 20:37:02,724 [INFO] PluginManage:310 - Check plugin rif
2025-04-17 20:37:02,733 [INFO] PluginManage:359 - Loaded plugin rif (category:base,tabindex:3)
2025-04-17 20:37:02,733 [INFO] PluginManage:310 - Check plugin thirdparty
2025-04-17 20:37:02,965 [INFO] PluginManage:359 - Loaded plugin thirdparty (category:base,tabindex:-1)
2025-04-17 20:37:02,965 [INFO] PluginManage:310 - Check plugin tools
2025-04-17 20:37:02,965 [WARN] IntegrityCheckThread:84 - waiting for thirdparty lock release [integrity check]
2025-04-17 20:37:02,965 [INFO] IntegrityCheckThread:86 - entering critical section [integrity check]
2025-04-17 20:37:02,966 [INFO] ThirdPartyUpdaterWithRetryManager:70 - Updater plugin not ready yet. [1/15]
2025-04-17 20:37:02,969 [INFO] PluginManage:359 - Loaded plugin tools (category:base,tabindex:7)
2025-04-17 20:37:02,970 [INFO] PluginManage:310 - Check plugin tutovideos
2025-04-17 20:37:03,197 [INFO] PluginManage:359 - Loaded plugin tutovideos (category:base,tabindex:-1)
2025-04-17 20:37:03,197 [INFO] PluginManage:310 - Check plugin updater
2025-04-17 20:37:03,232 [INFO] PluginManage:359 - Loaded plugin updater (category:base,tabindex:12)
2025-04-17 20:37:03,232 [INFO] PluginManage:310 - Check plugin userauth
2025-04-17 20:37:03,238 [INFO] UserAuth:118 - Init User Auth plugin
2025-04-17 20:37:03,239 [INFO] PluginManage:359 - Loaded plugin userauth (category:base,tabindex:14)
2025-04-17 20:37:03,240 [INFO] PluginManage:283 - PluginManage : Loaded plugins [18]
2025-04-17 20:37:03,567 [INFO] PinOutPanel:1589 - setPackage(No Configuration,No Configuration)
2025-04-17 20:37:03,720 [INFO] CADModel:165 - CPN selected for project level
2025-04-17 20:37:03,720 [INFO] CADModel:114 - Register for checkConnection events
2025-04-17 20:37:03,755 [INFO] IPUIPlugin:80 - create IPUIPlugin
2025-04-17 20:37:03,756 [INFO] PluginManager:220 - loadIPPluginJar : add adc
2025-04-17 20:37:03,763 [INFO] IPUIPlugin:80 - create IPUIPlugin
2025-04-17 20:37:03,763 [INFO] PluginManager:220 - loadIPPluginJar : add aes
2025-04-17 20:37:03,771 [INFO] IPUIPlugin:80 - create IPUIPlugin
2025-04-17 20:37:03,771 [INFO] PluginManager:220 - loadIPPluginJar : add can
2025-04-17 20:37:03,776 [INFO] IPUIPlugin:80 - create IPUIPlugin
2025-04-17 20:37:03,776 [INFO] PluginManager:220 - loadIPPluginJar : add comp
2025-04-17 20:37:03,781 [INFO] IPUIPlugin:80 - create IPUIPlugin
2025-04-17 20:37:03,781 [INFO] PluginManager:220 - loadIPPluginJar : add cryp
2025-04-17 20:37:03,788 [INFO] IPUIPlugin:80 - create IPUIPlugin
2025-04-17 20:37:03,789 [INFO] PluginManager:220 - loadIPPluginJar : add ddr_ctrl_phy
2025-04-17 20:37:03,795 [INFO] IPUIPlugin:80 - create IPUIPlugin
2025-04-17 20:37:03,795 [INFO] PluginManager:220 - loadIPPluginJar : add dfsdm
2025-04-17 20:37:03,804 [INFO] IPUIPlugin:80 - create IPUIPlugin
2025-04-17 20:37:03,805 [INFO] PluginManager:220 - loadIPPluginJar : add dma
2025-04-17 20:37:03,811 [INFO] IPUIPlugin:80 - create IPUIPlugin
2025-04-17 20:37:03,811 [INFO] PluginManager:220 - loadIPPluginJar : add dma3
2025-04-17 20:37:03,818 [INFO] IPUIPlugin:80 - create IPUIPlugin
2025-04-17 20:37:03,818 [INFO] PluginManager:220 - loadIPPluginJar : add extmemmanager
2025-04-17 20:37:03,822 [INFO] IPUIPlugin:80 - create IPUIPlugin
2025-04-17 20:37:03,822 [INFO] PluginManager:220 - loadIPPluginJar : add fatfs
2025-04-17 20:37:03,830 [INFO] IPUIPlugin:80 - create IPUIPlugin
2025-04-17 20:37:03,830 [INFO] PluginManager:220 - loadIPPluginJar : add fmc
2025-04-17 20:37:03,838 [INFO] IPUIPlugin:80 - create IPUIPlugin
2025-04-17 20:37:03,838 [INFO] PluginManager:220 - loadIPPluginJar : add freertos
2025-04-17 20:37:03,842 [INFO] IPUIPlugin:80 - create IPUIPlugin
2025-04-17 20:37:03,842 [INFO] PluginManager:220 - loadIPPluginJar : add genericplugin
2025-04-17 20:37:03,846 [INFO] IPUIPlugin:80 - create IPUIPlugin
2025-04-17 20:37:03,846 [INFO] PluginManager:220 - loadIPPluginJar : add gfxmmu
2025-04-17 20:37:03,856 [INFO] IPUIPlugin:80 - create IPUIPlugin
2025-04-17 20:37:03,857 [INFO] PluginManager:220 - loadIPPluginJar : add gic
2025-04-17 20:37:03,865 [INFO] IPUIPlugin:80 - create IPUIPlugin
2025-04-17 20:37:03,866 [INFO] PluginManager:220 - loadIPPluginJar : add gpio
2025-04-17 20:37:03,872 [INFO] IPUIPlugin:80 - create IPUIPlugin
2025-04-17 20:37:03,872 [INFO] PluginManager:220 - loadIPPluginJar : add gtzc
2025-04-17 20:37:03,878 [INFO] IPUIPlugin:80 - create IPUIPlugin
2025-04-17 20:37:03,878 [INFO] PluginManager:220 - loadIPPluginJar : add hash
2025-04-17 20:37:03,883 [INFO] IPUIPlugin:80 - create IPUIPlugin
2025-04-17 20:37:03,884 [INFO] PluginManager:220 - loadIPPluginJar : add i2c
2025-04-17 20:37:03,889 [INFO] IPUIPlugin:80 - create IPUIPlugin
2025-04-17 20:37:03,889 [INFO] PluginManager:220 - loadIPPluginJar : add i2s
2025-04-17 20:37:03,896 [INFO] IPUIPlugin:80 - create IPUIPlugin
2025-04-17 20:37:03,897 [INFO] PluginManager:220 - loadIPPluginJar : add i3c
2025-04-17 20:37:03,902 [INFO] IPUIPlugin:80 - create IPUIPlugin
2025-04-17 20:37:03,903 [INFO] PluginManager:220 - loadIPPluginJar : add ipddr
2025-04-17 20:37:03,915 [INFO] IPUIPlugin:80 - create IPUIPlugin
2025-04-17 20:37:03,915 [INFO] PluginManager:220 - loadIPPluginJar : add linkedlist
2025-04-17 20:37:03,922 [INFO] IPUIPlugin:80 - create IPUIPlugin
2025-04-17 20:37:03,923 [INFO] PluginManager:220 - loadIPPluginJar : add lorawan
2025-04-17 20:37:03,927 [INFO] IPUIPlugin:80 - create IPUIPlugin
2025-04-17 20:37:03,927 [INFO] PluginManager:220 - loadIPPluginJar : add ltdc
2025-04-17 20:37:03,937 [INFO] IPUIPlugin:80 - create IPUIPlugin
2025-04-17 20:37:03,937 [INFO] PluginManager:220 - loadIPPluginJar : add mdma
2025-04-17 20:37:03,945 [INFO] IPUIPlugin:80 - create IPUIPlugin
2025-04-17 20:37:03,945 [INFO] PluginManager:220 - loadIPPluginJar : add nvic
2025-04-17 20:37:03,950 [INFO] IPUIPlugin:80 - create IPUIPlugin
2025-04-17 20:37:03,951 [INFO] PluginManager:220 - loadIPPluginJar : add opamp
2025-04-17 20:37:03,956 [INFO] IPUIPlugin:80 - create IPUIPlugin
2025-04-17 20:37:03,956 [INFO] PluginManager:220 - loadIPPluginJar : add openamp
2025-04-17 20:37:03,961 [INFO] IPUIPlugin:80 - create IPUIPlugin
2025-04-17 20:37:03,961 [INFO] PluginManager:220 - loadIPPluginJar : add pdm2pcm
2025-04-17 20:37:03,969 [INFO] IPUIPlugin:80 - create IPUIPlugin
2025-04-17 20:37:03,972 [INFO] PluginManager:220 - loadIPPluginJar : add plateformsettings
2025-04-17 20:37:03,975 [INFO] IPUIPlugin:80 - create IPUIPlugin
2025-04-17 20:37:03,975 [INFO] PluginManager:220 - loadIPPluginJar : add quadspi
2025-04-17 20:37:03,979 [INFO] IPUIPlugin:80 - create IPUIPlugin
2025-04-17 20:37:03,980 [INFO] PluginManager:220 - loadIPPluginJar : add radio
2025-04-17 20:37:03,987 [INFO] IPUIPlugin:80 - create IPUIPlugin
2025-04-17 20:37:03,988 [INFO] PluginManager:220 - loadIPPluginJar : add resmgrutility
2025-04-17 20:37:03,994 [INFO] IPUIPlugin:80 - create IPUIPlugin
2025-04-17 20:37:03,995 [INFO] PluginManager:220 - loadIPPluginJar : add sai
2025-04-17 20:37:04,000 [INFO] IPUIPlugin:80 - create IPUIPlugin
2025-04-17 20:37:04,000 [INFO] PluginManager:220 - loadIPPluginJar : add spi
2025-04-17 20:37:04,010 [INFO] IPUIPlugin:80 - create IPUIPlugin
2025-04-17 20:37:04,011 [INFO] PluginManager:220 - loadIPPluginJar : add stm32_wpan
2025-04-17 20:37:04,015 [INFO] IPUIPlugin:80 - create IPUIPlugin
2025-04-17 20:37:04,015 [INFO] PluginManager:220 - loadIPPluginJar : add tim
2025-04-17 20:37:04,022 [INFO] IPUIPlugin:80 - create IPUIPlugin
2025-04-17 20:37:04,022 [INFO] PluginManager:220 - loadIPPluginJar : add touchsensing
2025-04-17 20:37:04,026 [INFO] IPUIPlugin:80 - create IPUIPlugin
2025-04-17 20:37:04,026 [INFO] PluginManager:220 - loadIPPluginJar : add tracer_emb
2025-04-17 20:37:04,030 [INFO] IPUIPlugin:80 - create IPUIPlugin
2025-04-17 20:37:04,030 [INFO] PluginManager:220 - loadIPPluginJar : add ts
2025-04-17 20:37:04,033 [INFO] IPUIPlugin:80 - create IPUIPlugin
2025-04-17 20:37:04,034 [INFO] PluginManager:220 - loadIPPluginJar : add tsc
2025-04-17 20:37:04,037 [INFO] IPUIPlugin:80 - create IPUIPlugin
2025-04-17 20:37:04,038 [INFO] PluginManager:220 - loadIPPluginJar : add ucpd
2025-04-17 20:37:04,043 [INFO] IPUIPlugin:80 - create IPUIPlugin
2025-04-17 20:37:04,043 [INFO] PluginManager:220 - loadIPPluginJar : add usart
2025-04-17 20:37:04,048 [INFO] IPUIPlugin:80 - create IPUIPlugin
2025-04-17 20:37:04,049 [INFO] PluginManager:220 - loadIPPluginJar : add usbx
2025-04-17 20:37:04,210 [FATAL] Updater:351 - Updater called before beeing initialized
2025-04-17 20:37:04,250 [INFO] RulesReader:64 - Compatibility file has been processed (301 Rules)
2025-04-17 20:37:04,267 [INFO] RulesReader:64 - Compatibility file has been processed (301 Rules)
2025-04-17 20:37:04,281 [INFO] CADModel:165 - CPN selected for project level
2025-04-17 20:37:04,281 [INFO] CADModel:114 - Register for checkConnection events
2025-04-17 20:37:04,281 [FATAL] Updater:351 - Updater called before beeing initialized
2025-04-17 20:37:04,281 [ERROR] CADModel:125 - Updater not yet initialized, retry later 
2025-04-17 20:37:04,480 [FATAL] Updater:351 - Updater called before beeing initialized
2025-04-17 20:37:04,483 [INFO] CADModel:165 - CPN selected for project level
2025-04-17 20:37:04,483 [INFO] CADModel:114 - Register for checkConnection events
2025-04-17 20:37:04,483 [FATAL] Updater:351 - Updater called before beeing initialized
2025-04-17 20:37:04,483 [ERROR] CADModel:125 - Updater not yet initialized, retry later 
2025-04-17 20:37:04,488 [FATAL] Updater:351 - Updater called before beeing initialized
2025-04-17 20:37:04,671 [FATAL] Updater:351 - Updater called before beeing initialized
2025-04-17 20:37:04,677 [INFO] DbMcusAds:53 - JSON generation date=Thu Mar 06 08:54:22 CST 2025 (1741272862204)
2025-04-17 20:37:04,677 [FATAL] Updater:351 - Updater called before beeing initialized
2025-04-17 20:37:04,722 [WARN] DetailPanel:346 - Failed to get advertising image, set to default
2025-04-17 20:37:05,061 [FATAL] Updater:351 - Updater called before beeing initialized
2025-04-17 20:37:05,063 [FATAL] Updater:351 - Updater called before beeing initialized
2025-04-17 20:37:05,064 [FATAL] Updater:351 - Updater called before beeing initialized
2025-04-17 20:37:05,064 [WARN] DetailPanel:346 - Failed to get advertising image, set to default
2025-04-17 20:37:05,065 [FATAL] Updater:351 - Updater called before beeing initialized
2025-04-17 20:37:05,136 [ERROR] Updater:1198 - MainUpdater not yet initialized. External WinMGr cannot be set.
2025-04-17 20:37:05,139 [INFO] Updater:1134 - Updater Version found : 6.14.0
2025-04-17 20:37:05,165 [INFO] ApplicationProperties:184 - Using Application install path: C:\ST\STM32CubeIDE_1.18.0\STM32CubeIDE\plugins\com.st.stm32cube.common.mx_6.14.0.202502271554
2025-04-17 20:37:05,968 [INFO] ThirdPartyUpdaterWithRetryManager:70 - Updater plugin not ready yet. [2/15]
2025-04-17 20:37:06,752 [ERROR] LogOutputStream:75 - [STDERR_REDIRECT] Apr 17, 2025 8:37:06 PM java.util.prefs.WindowsPreferences <init>
2025-04-17 20:37:06,754 [ERROR] LogOutputStream:75 - [STDERR_REDIRECT] WARNING: Could not open/create prefs root node Software\JavaSoft\Prefs at root 0xffffffff80000002. Windows RegCreateKeyEx(...) returned error code 5.
2025-04-17 20:37:06,755 [ERROR] LogOutputStream:75 - [STDERR_REDIRECT] 
2025-04-17 20:37:07,359 [INFO] MainUpdater:2872 - connection check result : 10
2025-04-17 20:37:07,360 [INFO] MainUpdater:289 - Updater Check For Update Now.
2025-04-17 20:37:07,360 [INFO] MicroXplorer:498 - Change Database Version : DB.6.0.140
2025-04-17 20:37:07,369 [INFO] McuFinderGlobals:63 - Set McuFinder mode to 2 (CubeIDE integrated)
2025-04-17 20:37:07,372 [INFO] UserAuth:486 - Internet connection configuration mode: 1
2025-04-17 20:37:07,416 [INFO] JxBrowserEngine:152 - Initiate JxBrowser Engine with user profile folder
2025-04-17 20:37:07,620 [INFO] CheckServerUpdateThread:120 - End of CheckServer Thread
2025-04-17 20:37:08,984 [INFO] WebApp:169 - Instantiating new browser for Auth
2025-04-17 20:37:09,588 [WARN] PackLoader:240 - Cannot read IP mode file for STMicroelectronics.FP-SNS-MOTENVWB1.1.4.0
2025-04-17 20:37:09,600 [WARN] PackLoader:240 - Cannot read IP mode file for STMicroelectronics.FP-ATR-ASTRA1.2.0.2
2025-04-17 20:37:09,618 [WARN] PackLoader:240 - Cannot read IP mode file for STMicroelectronics.X-CUBE-SMBUS.2.1.0
2025-04-17 20:37:09,632 [WARN] PackLoader:240 - Cannot read IP mode file for STMicroelectronics.X-CUBE-WB05N.1.1.0
2025-04-17 20:37:09,683 [WARN] PackLoader:240 - Cannot read IP mode file for STMicroelectronics.X-CUBE-AZRTOS-F7.1.1.0
2025-04-17 20:37:09,779 [WARN] PackLoader:240 - Cannot read IP mode file for Infineon.AIROC-Wi-Fi-Bluetooth-STM32.1.7.0
2025-04-17 20:37:09,813 [WARN] PackLoader:240 - Cannot read IP mode file for STMicroelectronics.X-CUBE-DISPLAY.3.0.0
2025-04-17 20:37:09,848 [WARN] PackLoader:240 - Cannot read IP mode file for STMicroelectronics.X-CUBE-NFC10.1.0.0
2025-04-17 20:37:09,881 [WARN] PackLoader:240 - Cannot read IP mode file for STMicroelectronics.X-CUBE-BLEMGR.4.0.0
2025-04-17 20:37:09,930 [WARN] PackLoader:240 - Cannot read IP mode file for emotas.I-CUBE-CANOPEN.1.3.0
2025-04-17 20:37:09,943 [WARN] ConditionMgr:438 - getConditionDescription Invalid condition id : Cortex-A Device cause : null
2025-04-17 20:37:09,984 [WARN] ConditionMgr:1044 - genDependencies : Invalid condition id : Cortex-A Device cause : null
2025-04-17 20:37:09,985 [WARN] ConditionMgr:1044 - genDependencies : Invalid condition id : Cortex-A Device cause : null
2025-04-17 20:37:09,986 [WARN] ConditionMgr:1044 - genDependencies : Invalid condition id : Cortex-A Device cause : null
2025-04-17 20:37:09,998 [WARN] PackLoader:240 - Cannot read IP mode file for STMicroelectronics.X-CUBE-AI.10.0.0
2025-04-17 20:37:10,009 [WARN] PackLoader:240 - Cannot read IP mode file for STMicroelectronics.FP-SNS-SMARTAG2.1.2.0
2025-04-17 20:37:10,022 [WARN] PackLoader:240 - Cannot read IP mode file for STMicroelectronics.FP-SNS-FLIGHT1.5.1.0
2025-04-17 20:37:10,118 [WARN] PackLoader:240 - Cannot read IP mode file for STMicroelectronics.X-CUBE-MEMS1.11.1.0
2025-04-17 20:37:10,377 [INFO] LogOutputStream:77 - [STDOUT_REDIRECT] 1 : Invalid condition id : UX_CORESTACK_Condition cause : null
2025-04-17 20:37:10,379 [INFO] LogOutputStream:77 - [STDOUT_REDIRECT] 1 : Invalid condition id : UX_CORESTACK_Condition cause : null
2025-04-17 20:37:10,381 [INFO] LogOutputStream:77 - [STDOUT_REDIRECT] 1 : Invalid condition id : UX_CORESTACK_Condition cause : null
2025-04-17 20:37:10,384 [INFO] LogOutputStream:77 - [STDOUT_REDIRECT] 1 : Invalid condition id : UX_CORESTACK_Condition cause : null
2025-04-17 20:37:10,387 [INFO] LogOutputStream:77 - [STDOUT_REDIRECT] 1 : Invalid condition id : UX_CORESTACK_Condition cause : null
2025-04-17 20:37:10,392 [WARN] PackLoader:240 - Cannot read IP mode file for STMicroelectronics.X-CUBE-AZRTOS-WL.2.0.0
2025-04-17 20:37:10,402 [WARN] PackLoader:240 - Cannot read IP mode file for STMicroelectronics.FP-SNS-MOTENV1.5.0.0
2025-04-17 20:37:10,416 [WARN] PackLoader:240 - Cannot read IP mode file for WES.I-CUBE-Cesium.1.3.0
2025-04-17 20:37:10,425 [WARN] PackLoader:240 - Cannot read IP mode file for STMicroelectronics.X-CUBE-BLE2.3.3.0
2025-04-17 20:37:10,436 [WARN] PackLoader:240 - Cannot read IP mode file for STMicroelectronics.X-CUBE-NFC9.1.0.0
2025-04-17 20:37:10,447 [WARN] PackLoader:240 - Cannot read IP mode file for STMicroelectronics.X-CUBE-BLE1.7.1.0
2025-04-17 20:37:10,456 [WARN] PackLoader:240 - Cannot read IP mode file for wolfSSL.I-CUBE-wolfMQTT.1.19.2
2025-04-17 20:37:10,477 [WARN] PackLoader:240 - Cannot read IP mode file for STMicroelectronics.X-CUBE-AZRTOS-G0.1.1.0
2025-04-17 20:37:10,494 [WARN] PackLoader:240 - Cannot read IP mode file for STMicroelectronics.X-CUBE-SAFEA1.1.2.2
2025-04-17 20:37:10,505 [WARN] PackLoader:240 - Cannot read IP mode file for STMicroelectronics.X-CUBE-NFC4.3.0.0
2025-04-17 20:37:10,523 [WARN] PackLoader:240 - Cannot read IP mode file for EmbeddedOffice.I-CUBE-FS-RTOS.1.0.1
2025-04-17 20:37:10,535 [WARN] PackLoader:240 - Cannot read IP mode file for wolfSSL.I-CUBE-wolfTPM.3.8.0
2025-04-17 20:37:10,546 [WARN] PackLoader:240 - Cannot read IP mode file for STMicroelectronics.X-CUBE-TCPP.4.2.0
2025-04-17 20:37:10,564 [WARN] PackLoader:240 - Cannot read IP mode file for RealThread.X-CUBE-RT-Thread_Nano.4.1.1
2025-04-17 20:37:10,575 [WARN] PackLoader:240 - Cannot read IP mode file for STMicroelectronics.FP-ATR-SIGFOX1.3.2.0
2025-04-17 20:37:10,600 [WARN] PackLoader:240 - Cannot read IP mode file for STMicroelectronics.X-CUBE-EEPRMA1.5.1.0
2025-04-17 20:37:10,614 [WARN] PackLoader:240 - Cannot read IP mode file for wolfSSL.I-CUBE-wolfSSL.5.7.6
2025-04-17 20:37:10,634 [WARN] PackLoader:240 - Cannot read IP mode file for ITTIA_DB.I-CUBE-ITTIADB.8.9.0
2025-04-17 20:37:10,692 [WARN] PackLoader:240 - Cannot read IP mode file for SEGGER.I-CUBE-embOS.1.3.1
2025-04-17 20:37:10,841 [WARN] PackLoader:240 - Cannot read IP mode file for STMicroelectronics.X-CUBE-ALGOBUILD.1.4.0
2025-04-17 20:37:10,888 [WARN] PackLoader:240 - Cannot read IP mode file for STMicroelectronics.X-CUBE-AZRTOS-F4.1.1.0
2025-04-17 20:37:10,907 [WARN] PackLoader:240 - Cannot read IP mode file for STMicroelectronics.X-CUBE-ISPU.2.1.0
2025-04-17 20:37:10,943 [WARN] PackLoader:240 - Cannot read IP mode file for STMicroelectronics.X-CUBE-AZRTOS-L5.2.0.0
2025-04-17 20:37:10,962 [WARN] PackLoader:240 - Cannot read IP mode file for STMicroelectronics.X-CUBE-NFC6.3.1.0
2025-04-17 20:37:10,983 [WARN] PackLoader:240 - Cannot read IP mode file for STMicroelectronics.X-CUBE-DPower.1.2.0
2025-04-17 20:37:10,996 [WARN] PackLoader:240 - Cannot read IP mode file for STMicroelectronics.X-CUBE-FREERTOS.1.3.0
2025-04-17 20:37:11,008 [WARN] PackLoader:240 - Cannot read IP mode file for STMicroelectronics.X-CUBE-NFC7.1.0.1
2025-04-17 20:37:11,020 [WARN] PackLoader:240 - Cannot read IP mode file for STMicroelectronics.X-CUBE-DPower.1.3.0
2025-04-17 20:37:11,054 [WARN] ConditionMgr:438 - getConditionDescription Invalid condition id : LAN8742 Phy interface Condition cause : null
2025-04-17 20:37:11,056 [WARN] PackLoader:240 - Cannot read IP mode file for STMicroelectronics.X-CUBE-AZRTOS-L4.2.0.0
2025-04-17 20:37:11,058 [WARN] ConditionMgr:1044 - genDependencies : Invalid condition id : LAN8742 Phy interface Condition cause : null
2025-04-17 20:37:11,059 [WARN] ConditionMgr:1044 - genDependencies : Invalid condition id : LAN8742 Phy interface Condition cause : null
2025-04-17 20:37:11,060 [WARN] ConditionMgr:1044 - genDependencies : Invalid condition id : LAN8742 Phy interface Condition cause : null
2025-04-17 20:37:11,081 [WARN] PackLoader:240 - Cannot read IP mode file for STMicroelectronics.X-CUBE-SFXS2LP1.4.0.0
2025-04-17 20:37:11,125 [WARN] PackLoader:240 - Cannot read IP mode file for STMicroelectronics.X-CUBE-AZRTOS-H7.3.3.0
2025-04-17 20:37:11,154 [WARN] ConditionMgr:438 - getConditionDescription Invalid condition id : UX DEVICE CLASS RTOS Condition cause : null
2025-04-17 20:37:11,155 [WARN] ConditionMgr:438 - getConditionDescription Invalid condition id : UX DEVICE CLASS RTOS Condition cause : null
2025-04-17 20:37:11,159 [WARN] PackLoader:240 - Cannot read IP mode file for STMicroelectronics.X-CUBE-AZRTOS-WB.2.0.0
2025-04-17 20:37:11,160 [WARN] ConditionMgr:1044 - genDependencies : Invalid condition id : UX DEVICE CLASS RTOS Condition cause : null
2025-04-17 20:37:11,160 [INFO] WebApp:463 - Apply proxy settings
2025-04-17 20:37:11,161 [WARN] ConditionMgr:1044 - genDependencies : Invalid condition id : UX DEVICE CLASS RTOS Condition cause : null
2025-04-17 20:37:11,162 [INFO] WebApp:548 - Chromium requires no authentication
2025-04-17 20:37:11,162 [WARN] ConditionMgr:1044 - genDependencies : Invalid condition id : UX DEVICE CLASS RTOS Condition cause : null
2025-04-17 20:37:11,163 [WARN] ConditionMgr:1044 - genDependencies : Invalid condition id : UX DEVICE CLASS RTOS Condition cause : null
2025-04-17 20:37:11,164 [WARN] ConditionMgr:1044 - genDependencies : Invalid condition id : UX DEVICE CLASS RTOS Condition cause : null
2025-04-17 20:37:11,176 [WARN] PackLoader:240 - Cannot read IP mode file for STMicroelectronics.X-CUBE-GNSS1.7.0.1
2025-04-17 20:37:11,183 [INFO] WebApp:491 - Direct internet connection detected
2025-04-17 20:37:11,189 [WARN] PackLoader:240 - Cannot read IP mode file for STMicroelectronics.X-CUBE-TOUCHGFX.4.25.0
2025-04-17 20:37:11,207 [WARN] PackLoader:240 - Cannot read IP mode file for STMicroelectronics.FP-SNS-STBOX1.2.0.0
2025-04-17 20:37:11,232 [WARN] PackLoader:240 - Cannot read IP mode file for STMicroelectronics.X-CUBE-SUBG2.5.0.0
2025-04-17 20:37:11,260 [INFO] WebApp:894 - Register for checkConnection events
2025-04-17 20:37:11,261 [INFO] WebApp:463 - Apply proxy settings
2025-04-17 20:37:11,261 [INFO] WebApp:548 - Chromium requires no authentication
2025-04-17 20:37:11,264 [INFO] WebApp:491 - Direct internet connection detected
2025-04-17 20:37:11,286 [WARN] PackLoader:240 - Cannot read IP mode file for STMicroelectronics.X-CUBE-AZRTOS-H7RS.1.1.0
2025-04-17 20:37:11,307 [WARN] PackLoader:240 - Cannot read IP mode file for Cesanta.I-CUBE-Mongoose.7.13.0
2025-04-17 20:37:11,336 [WARN] PackLoader:240 - Cannot read IP mode file for STMicroelectronics.X-CUBE-AZRTOS-G4.2.0.0
2025-04-17 20:37:11,352 [WARN] PackLoader:240 - Cannot read IP mode file for wolfSSL.I-CUBE-wolfSSH.1.4.20
2025-04-17 20:37:11,382 [WARN] PackLoader:240 - Cannot read IP mode file for STMicroelectronics.X-CUBE-IPS.3.1.0
2025-04-17 20:37:11,405 [WARN] PackLoader:240 - Cannot read IP mode file for STMicroelectronics.X-CUBE-ALS.1.0.2
2025-04-17 20:37:11,419 [WARN] PackLoader:240 - Cannot read IP mode file for portGmbH.I-Cube-SoM-uGOAL.1.1.0
2025-04-17 20:37:11,448 [WARN] PackLoader:240 - Cannot read IP mode file for STMicroelectronics.X-CUBE-AZRTOS-H7RS.1.0.0
2025-04-17 20:37:11,514 [WARN] PackLoader:240 - Cannot read IP mode file for STMicroelectronics.X-CUBE-TOF1.3.4.2
2025-04-17 20:37:11,548 [INFO] ThirdParty:978 - Integrity check success = true
2025-04-17 20:37:11,548 [INFO] IntegrityCheckThread:100 - exiting critical section [integrity check]
2025-04-17 20:37:11,548 [INFO] IntegrityCheckThread:103 - End integrity checks thread
2025-04-17 20:37:11,676 [INFO] WebApp:191 - Connection restablished
2025-04-17 20:37:11,979 [INFO] WebApp:225 - Starting web application
2025-04-17 20:37:11,980 [INFO] WebApp:593 - Web application path used C:\ST\STM32CubeIDE_1.18.0\STM32CubeIDE\plugins\com.st.stm32cube.common.mx_6.14.0.202502271554\db\plugins\mcufinder\reactClient1\index.html
2025-04-17 20:37:12,601 [INFO] UserAuth:486 - Internet connection configuration mode: 1
2025-04-17 23:25:15,333 [INFO] WebApp:194 - Connection lost
2025-04-17 23:25:15,519 [INFO] WebApp:191 - Connection restablished
2025-04-17 23:27:44,286 [ERROR] LogOutputStream:75 - [STDERR_REDIRECT] 
2025-04-17 23:27:44,289 [ERROR] LogOutputStream:75 - [STDERR_REDIRECT] 
