2025-04-24 00:27:39,219 [ERROR] LogOutputStream:75 - [STDERR_REDIRECT] 
2025-04-24 09:57:02,082 [INFO] Activator:176 - 


2025-04-24 09:57:02,084 [INFO] Activator:177 - !SESSION log4j initialized
2025-04-24 09:57:11,048 [INFO] LogOutputStream:77 - [STDOUT_REDIRECT] 
2025-04-24 09:57:14,354 [INFO] ApplicationProperties:184 - Using Application install path: C:\ST\STM32CubeIDE_1.18.0\STM32CubeIDE\plugins\com.st.stm32cube.common.mx_6.14.0.202502271554
2025-04-24 09:57:14,384 [INFO] DbMcusXml:78 - Set database path to: C:\ST\STM32CubeIDE_1.18.0\STM32CubeIDE\plugins\com.st.stm32cube.common.mx_6.14.0.202502271554\\db\/mcu/
2025-04-24 09:57:14,384 [INFO] ApiDb:274 - Set plugin database path to: C:\ST\STM32CubeIDE_1.18.0\STM32CubeIDE\plugins\com.st.stm32cube.common.mx_6.14.0.202502271554\\db\/plugins/boardmanager/
2025-04-24 09:57:14,384 [WARN] ApiDb:259 - Overriding images path with different value:  => C:\ST\STM32CubeIDE_1.18.0\STM32CubeIDE\plugins\com.st.stm32cube.common.mx_6.14.0.202502271554\\db\/plugins/mcufinder/images/
2025-04-24 09:57:14,397 [INFO] ApiDb:250 - Set database path to: C:\Users\bjosu\.stmcufinder\plugins\mcufinder//mcu/
2025-04-24 09:57:14,399 [INFO] DbMcusAds:125 - Set database path to: C:\Users\bjosu\.stmcufinder\plugins\mcufinder//mcu/
2025-04-24 09:57:14,402 [INFO] CrossReferenceDbSqlite:203 - Set database path to: C:\Users\bjosu\.stmcufinder\plugins\mcufinder//mcu/cs/
2025-04-24 09:57:14,556 [INFO] RulesReader:64 - Compatibility file has been processed (301 Rules)
2025-04-24 09:57:14,676 [INFO] DbMcusXml:78 - Set database path to: C:\ST\STM32CubeIDE_1.18.0\STM32CubeIDE\plugins\com.st.stm32cube.common.mx_6.14.0.202502271554\\db\/mcu/
2025-04-24 09:57:14,676 [INFO] ApiDb:274 - Set plugin database path to: C:\ST\STM32CubeIDE_1.18.0\STM32CubeIDE\plugins\com.st.stm32cube.common.mx_6.14.0.202502271554\\db\/plugins/boardmanager/
2025-04-24 09:57:14,676 [INFO] ApiDb:261 - Set plugin images path to: C:\ST\STM32CubeIDE_1.18.0\STM32CubeIDE\plugins\com.st.stm32cube.common.mx_6.14.0.202502271554\\db\/plugins/mcufinder/images/
2025-04-24 09:57:14,677 [WARN] DbFile:41 - Overriding database path with different value: C:\Users\bjosu\.stmcufinder\plugins\mcufinder/ => C:\Users\bjosu\.stmcufinder\plugins\mcufinder
2025-04-24 09:57:14,677 [INFO] ApiDb:250 - Set database path to: C:\Users\bjosu\.stmcufinder\plugins\mcufinder//mcu/
2025-04-24 09:57:14,677 [WARN] DbFile:41 - Overriding database path with different value: C:\Users\bjosu\.stmcufinder\plugins\mcufinder/ => C:\Users\bjosu\.stmcufinder\plugins\mcufinder
2025-04-24 09:57:14,677 [INFO] DbMcusAds:125 - Set database path to: C:\Users\bjosu\.stmcufinder\plugins\mcufinder//mcu/
2025-04-24 09:57:14,677 [WARN] DbFile:41 - Overriding database path with different value: C:\Users\bjosu\.stmcufinder\plugins\mcufinder/ => C:\Users\bjosu\.stmcufinder\plugins\mcufinder
2025-04-24 09:57:14,677 [WARN] DbFile:41 - Overriding database path with different value: C:\Users\bjosu\.stmcufinder\plugins\mcufinder/ => C:\Users\bjosu\.stmcufinder\plugins\mcufinder
2025-04-24 09:57:14,677 [INFO] CrossReferenceDbSqlite:203 - Set database path to: C:\Users\bjosu\.stmcufinder\plugins\mcufinder//mcu/cs/
2025-04-24 09:57:14,779 [INFO] MainPanel:272 - HeapMemory: 268435456
2025-04-24 09:57:14,927 [INFO] DbMcusXml:78 - Set database path to: C:\ST\STM32CubeIDE_1.18.0\STM32CubeIDE\plugins\com.st.stm32cube.common.mx_6.14.0.202502271554\\db\/mcu/
2025-04-24 09:57:14,927 [INFO] ApiDb:274 - Set plugin database path to: C:\ST\STM32CubeIDE_1.18.0\STM32CubeIDE\plugins\com.st.stm32cube.common.mx_6.14.0.202502271554\\db\/plugins/boardmanager/
2025-04-24 09:57:14,927 [INFO] ApiDb:261 - Set plugin images path to: C:\ST\STM32CubeIDE_1.18.0\STM32CubeIDE\plugins\com.st.stm32cube.common.mx_6.14.0.202502271554\\db\/plugins/mcufinder/images/
2025-04-24 09:57:14,927 [WARN] DbFile:41 - Overriding database path with different value: C:\Users\bjosu\.stmcufinder\plugins\mcufinder/ => C:\Users\bjosu\.stmcufinder\plugins\mcufinder
2025-04-24 09:57:14,927 [INFO] ApiDb:250 - Set database path to: C:\Users\bjosu\.stmcufinder\plugins\mcufinder//mcu/
2025-04-24 09:57:14,928 [WARN] DbFile:41 - Overriding database path with different value: C:\Users\bjosu\.stmcufinder\plugins\mcufinder/ => C:\Users\bjosu\.stmcufinder\plugins\mcufinder
2025-04-24 09:57:14,928 [INFO] DbMcusAds:125 - Set database path to: C:\Users\bjosu\.stmcufinder\plugins\mcufinder//mcu/
2025-04-24 09:57:14,928 [WARN] DbFile:41 - Overriding database path with different value: C:\Users\bjosu\.stmcufinder\plugins\mcufinder/ => C:\Users\bjosu\.stmcufinder\plugins\mcufinder
2025-04-24 09:57:14,928 [WARN] DbFile:41 - Overriding database path with different value: C:\Users\bjosu\.stmcufinder\plugins\mcufinder/ => C:\Users\bjosu\.stmcufinder\plugins\mcufinder
2025-04-24 09:57:14,928 [INFO] CrossReferenceDbSqlite:203 - Set database path to: C:\Users\bjosu\.stmcufinder\plugins\mcufinder//mcu/cs/
2025-04-24 09:57:14,953 [INFO] ApplicationProperties:184 - Using Application install path: C:\ST\STM32CubeIDE_1.18.0\STM32CubeIDE\plugins\com.st.stm32cube.common.mx_6.14.0.202502271554
2025-04-24 09:57:14,955 [INFO] PluginManage:196 - Search for loadable plugins [exclusion list=, ]
2025-04-24 09:57:14,957 [INFO] PluginManage:310 - Check plugin analytics
2025-04-24 09:57:15,200 [INFO] AnalyticsPlugin:253 - Accepted Software Licenses: 
2025-04-24 09:57:15,201 [INFO] AnalyticsPlugin:255 - Accepted CMSIS Pack Licenses: 
2025-04-24 09:57:15,201 [INFO] AnalyticsPlugin:257 - Accepted Firmware Licenses: FW.F4.1.28.0
2025-04-24 09:57:15,205 [INFO] PluginManage:359 - Loaded plugin analytics (category:tool,tabindex:-1)
2025-04-24 09:57:15,205 [INFO] PluginManage:310 - Check plugin cadmodel
2025-04-24 09:57:15,214 [INFO] CADModel:105 - Init CAD model plugin
2025-04-24 09:57:15,214 [INFO] PluginManage:359 - Loaded plugin cadmodel (category:power,tabindex:5)
2025-04-24 09:57:15,214 [INFO] PluginManage:310 - Check plugin clock
2025-04-24 09:57:15,231 [INFO] PluginManage:359 - Loaded plugin clock (category:base,tabindex:2)
2025-04-24 09:57:15,231 [INFO] PluginManage:310 - Check plugin ddr
2025-04-24 09:57:15,234 [INFO] PluginManage:359 - Loaded plugin ddr (category:tool,tabindex:6)
2025-04-24 09:57:15,235 [INFO] PluginManage:310 - Check plugin filemanager
2025-04-24 09:57:15,456 [INFO] PluginManage:359 - Loaded plugin filemanager (category:base,tabindex:10)
2025-04-24 09:57:15,457 [INFO] PluginManage:310 - Check plugin ipmanager
2025-04-24 09:57:15,468 [INFO] PluginManage:359 - Loaded plugin ipmanager (category:base,tabindex:5)
2025-04-24 09:57:15,468 [INFO] PluginManage:310 - Check plugin lpbam
2025-04-24 09:57:15,482 [INFO] PluginManage:359 - Loaded plugin lpbam (category:base,tabindex:0)
2025-04-24 09:57:15,482 [INFO] PluginManage:310 - Check plugin memorymap
2025-04-24 09:57:15,507 [INFO] PluginManage:359 - Loaded plugin memorymap (category:base,tabindex:4)
2025-04-24 09:57:15,507 [INFO] PluginManage:310 - Check plugin pinoutandconfiguration
2025-04-24 09:57:15,521 [INFO] PluginManage:359 - Loaded plugin pinoutandconfiguration (category:base,tabindex:1)
2025-04-24 09:57:15,521 [INFO] PluginManage:310 - Check plugin pinoutconfig
2025-04-24 09:57:15,648 [WARN] SupportedApi:132 - Cannot load RTOS API schema: s4s-elt-must-match.1: The content of 'definitions' must match (annotation?, (simpleType | complexType)?, (unique | key | keyref)*)). A problem was found starting at: attribute.
2025-04-24 09:57:15,850 [INFO] PluginManage:359 - Loaded plugin pinoutconfig (category:base,tabindex:0)
2025-04-24 09:57:15,851 [INFO] PluginManage:310 - Check plugin power
2025-04-24 09:57:15,867 [INFO] PluginManage:359 - Loaded plugin power (category:power,tabindex:4)
2025-04-24 09:57:15,867 [INFO] PluginManage:310 - Check plugin projectmanager
2025-04-24 09:57:15,892 [INFO] PluginManage:359 - Loaded plugin projectmanager (category:projectmanager,tabindex:4)
2025-04-24 09:57:15,892 [INFO] PluginManage:310 - Check plugin rif
2025-04-24 09:57:15,902 [INFO] PluginManage:359 - Loaded plugin rif (category:base,tabindex:3)
2025-04-24 09:57:15,902 [INFO] PluginManage:310 - Check plugin thirdparty
2025-04-24 09:57:16,154 [INFO] PluginManage:359 - Loaded plugin thirdparty (category:base,tabindex:-1)
2025-04-24 09:57:16,155 [INFO] PluginManage:310 - Check plugin tools
2025-04-24 09:57:16,154 [WARN] IntegrityCheckThread:84 - waiting for thirdparty lock release [integrity check]
2025-04-24 09:57:16,155 [INFO] IntegrityCheckThread:86 - entering critical section [integrity check]
2025-04-24 09:57:16,156 [INFO] ThirdPartyUpdaterWithRetryManager:70 - Updater plugin not ready yet. [1/15]
2025-04-24 09:57:16,160 [INFO] PluginManage:359 - Loaded plugin tools (category:base,tabindex:7)
2025-04-24 09:57:16,161 [INFO] PluginManage:310 - Check plugin tutovideos
2025-04-24 09:57:16,446 [INFO] PluginManage:359 - Loaded plugin tutovideos (category:base,tabindex:-1)
2025-04-24 09:57:16,447 [INFO] PluginManage:310 - Check plugin updater
2025-04-24 09:57:16,483 [INFO] PluginManage:359 - Loaded plugin updater (category:base,tabindex:12)
2025-04-24 09:57:16,483 [INFO] PluginManage:310 - Check plugin userauth
2025-04-24 09:57:16,490 [INFO] UserAuth:118 - Init User Auth plugin
2025-04-24 09:57:16,491 [INFO] PluginManage:359 - Loaded plugin userauth (category:base,tabindex:14)
2025-04-24 09:57:16,492 [INFO] PluginManage:283 - PluginManage : Loaded plugins [18]
2025-04-24 09:57:16,816 [INFO] PinOutPanel:1589 - setPackage(No Configuration,No Configuration)
2025-04-24 09:57:16,946 [INFO] CADModel:165 - CPN selected for project level
2025-04-24 09:57:16,946 [INFO] CADModel:114 - Register for checkConnection events
2025-04-24 09:57:16,979 [INFO] IPUIPlugin:80 - create IPUIPlugin
2025-04-24 09:57:16,979 [INFO] PluginManager:220 - loadIPPluginJar : add adc
2025-04-24 09:57:16,984 [INFO] IPUIPlugin:80 - create IPUIPlugin
2025-04-24 09:57:16,985 [INFO] PluginManager:220 - loadIPPluginJar : add aes
2025-04-24 09:57:16,989 [INFO] IPUIPlugin:80 - create IPUIPlugin
2025-04-24 09:57:16,989 [INFO] PluginManager:220 - loadIPPluginJar : add can
2025-04-24 09:57:16,993 [INFO] IPUIPlugin:80 - create IPUIPlugin
2025-04-24 09:57:16,993 [INFO] PluginManager:220 - loadIPPluginJar : add comp
2025-04-24 09:57:16,998 [INFO] IPUIPlugin:80 - create IPUIPlugin
2025-04-24 09:57:16,999 [INFO] PluginManager:220 - loadIPPluginJar : add cryp
2025-04-24 09:57:17,004 [INFO] IPUIPlugin:80 - create IPUIPlugin
2025-04-24 09:57:17,004 [INFO] PluginManager:220 - loadIPPluginJar : add ddr_ctrl_phy
2025-04-24 09:57:17,009 [INFO] IPUIPlugin:80 - create IPUIPlugin
2025-04-24 09:57:17,009 [INFO] PluginManager:220 - loadIPPluginJar : add dfsdm
2025-04-24 09:57:17,017 [INFO] IPUIPlugin:80 - create IPUIPlugin
2025-04-24 09:57:17,017 [INFO] PluginManager:220 - loadIPPluginJar : add dma
2025-04-24 09:57:17,021 [INFO] IPUIPlugin:80 - create IPUIPlugin
2025-04-24 09:57:17,022 [INFO] PluginManager:220 - loadIPPluginJar : add dma3
2025-04-24 09:57:17,027 [INFO] IPUIPlugin:80 - create IPUIPlugin
2025-04-24 09:57:17,028 [INFO] PluginManager:220 - loadIPPluginJar : add extmemmanager
2025-04-24 09:57:17,032 [INFO] IPUIPlugin:80 - create IPUIPlugin
2025-04-24 09:57:17,032 [INFO] PluginManager:220 - loadIPPluginJar : add fatfs
2025-04-24 09:57:17,041 [INFO] IPUIPlugin:80 - create IPUIPlugin
2025-04-24 09:57:17,041 [INFO] PluginManager:220 - loadIPPluginJar : add fmc
2025-04-24 09:57:17,049 [INFO] IPUIPlugin:80 - create IPUIPlugin
2025-04-24 09:57:17,049 [INFO] PluginManager:220 - loadIPPluginJar : add freertos
2025-04-24 09:57:17,052 [INFO] IPUIPlugin:80 - create IPUIPlugin
2025-04-24 09:57:17,052 [INFO] PluginManager:220 - loadIPPluginJar : add genericplugin
2025-04-24 09:57:17,056 [INFO] IPUIPlugin:80 - create IPUIPlugin
2025-04-24 09:57:17,057 [INFO] PluginManager:220 - loadIPPluginJar : add gfxmmu
2025-04-24 09:57:17,064 [INFO] IPUIPlugin:80 - create IPUIPlugin
2025-04-24 09:57:17,064 [INFO] PluginManager:220 - loadIPPluginJar : add gic
2025-04-24 09:57:17,071 [INFO] IPUIPlugin:80 - create IPUIPlugin
2025-04-24 09:57:17,071 [INFO] PluginManager:220 - loadIPPluginJar : add gpio
2025-04-24 09:57:17,077 [INFO] IPUIPlugin:80 - create IPUIPlugin
2025-04-24 09:57:17,077 [INFO] PluginManager:220 - loadIPPluginJar : add gtzc
2025-04-24 09:57:17,083 [INFO] IPUIPlugin:80 - create IPUIPlugin
2025-04-24 09:57:17,083 [INFO] PluginManager:220 - loadIPPluginJar : add hash
2025-04-24 09:57:17,089 [INFO] IPUIPlugin:80 - create IPUIPlugin
2025-04-24 09:57:17,089 [INFO] PluginManager:220 - loadIPPluginJar : add i2c
2025-04-24 09:57:17,093 [INFO] IPUIPlugin:80 - create IPUIPlugin
2025-04-24 09:57:17,094 [INFO] PluginManager:220 - loadIPPluginJar : add i2s
2025-04-24 09:57:17,099 [INFO] IPUIPlugin:80 - create IPUIPlugin
2025-04-24 09:57:17,099 [INFO] PluginManager:220 - loadIPPluginJar : add i3c
2025-04-24 09:57:17,105 [INFO] IPUIPlugin:80 - create IPUIPlugin
2025-04-24 09:57:17,105 [INFO] PluginManager:220 - loadIPPluginJar : add ipddr
2025-04-24 09:57:17,117 [INFO] IPUIPlugin:80 - create IPUIPlugin
2025-04-24 09:57:17,118 [INFO] PluginManager:220 - loadIPPluginJar : add linkedlist
2025-04-24 09:57:17,123 [INFO] IPUIPlugin:80 - create IPUIPlugin
2025-04-24 09:57:17,123 [INFO] PluginManager:220 - loadIPPluginJar : add lorawan
2025-04-24 09:57:17,126 [INFO] IPUIPlugin:80 - create IPUIPlugin
2025-04-24 09:57:17,126 [INFO] PluginManager:220 - loadIPPluginJar : add ltdc
2025-04-24 09:57:17,134 [INFO] IPUIPlugin:80 - create IPUIPlugin
2025-04-24 09:57:17,134 [INFO] PluginManager:220 - loadIPPluginJar : add mdma
2025-04-24 09:57:17,139 [INFO] IPUIPlugin:80 - create IPUIPlugin
2025-04-24 09:57:17,140 [INFO] PluginManager:220 - loadIPPluginJar : add nvic
2025-04-24 09:57:17,146 [INFO] IPUIPlugin:80 - create IPUIPlugin
2025-04-24 09:57:17,146 [INFO] PluginManager:220 - loadIPPluginJar : add opamp
2025-04-24 09:57:17,152 [INFO] IPUIPlugin:80 - create IPUIPlugin
2025-04-24 09:57:17,153 [INFO] PluginManager:220 - loadIPPluginJar : add openamp
2025-04-24 09:57:17,159 [INFO] IPUIPlugin:80 - create IPUIPlugin
2025-04-24 09:57:17,159 [INFO] PluginManager:220 - loadIPPluginJar : add pdm2pcm
2025-04-24 09:57:17,169 [INFO] IPUIPlugin:80 - create IPUIPlugin
2025-04-24 09:57:17,172 [INFO] PluginManager:220 - loadIPPluginJar : add plateformsettings
2025-04-24 09:57:17,176 [INFO] IPUIPlugin:80 - create IPUIPlugin
2025-04-24 09:57:17,176 [INFO] PluginManager:220 - loadIPPluginJar : add quadspi
2025-04-24 09:57:17,180 [INFO] IPUIPlugin:80 - create IPUIPlugin
2025-04-24 09:57:17,181 [INFO] PluginManager:220 - loadIPPluginJar : add radio
2025-04-24 09:57:17,188 [INFO] IPUIPlugin:80 - create IPUIPlugin
2025-04-24 09:57:17,188 [INFO] PluginManager:220 - loadIPPluginJar : add resmgrutility
2025-04-24 09:57:17,194 [INFO] IPUIPlugin:80 - create IPUIPlugin
2025-04-24 09:57:17,194 [INFO] PluginManager:220 - loadIPPluginJar : add sai
2025-04-24 09:57:17,198 [INFO] IPUIPlugin:80 - create IPUIPlugin
2025-04-24 09:57:17,199 [INFO] PluginManager:220 - loadIPPluginJar : add spi
2025-04-24 09:57:17,207 [INFO] IPUIPlugin:80 - create IPUIPlugin
2025-04-24 09:57:17,207 [INFO] PluginManager:220 - loadIPPluginJar : add stm32_wpan
2025-04-24 09:57:17,211 [INFO] IPUIPlugin:80 - create IPUIPlugin
2025-04-24 09:57:17,211 [INFO] PluginManager:220 - loadIPPluginJar : add tim
2025-04-24 09:57:17,218 [INFO] IPUIPlugin:80 - create IPUIPlugin
2025-04-24 09:57:17,218 [INFO] PluginManager:220 - loadIPPluginJar : add touchsensing
2025-04-24 09:57:17,222 [INFO] IPUIPlugin:80 - create IPUIPlugin
2025-04-24 09:57:17,222 [INFO] PluginManager:220 - loadIPPluginJar : add tracer_emb
2025-04-24 09:57:17,226 [INFO] IPUIPlugin:80 - create IPUIPlugin
2025-04-24 09:57:17,226 [INFO] PluginManager:220 - loadIPPluginJar : add ts
2025-04-24 09:57:17,230 [INFO] IPUIPlugin:80 - create IPUIPlugin
2025-04-24 09:57:17,230 [INFO] PluginManager:220 - loadIPPluginJar : add tsc
2025-04-24 09:57:17,233 [INFO] IPUIPlugin:80 - create IPUIPlugin
2025-04-24 09:57:17,234 [INFO] PluginManager:220 - loadIPPluginJar : add ucpd
2025-04-24 09:57:17,238 [INFO] IPUIPlugin:80 - create IPUIPlugin
2025-04-24 09:57:17,239 [INFO] PluginManager:220 - loadIPPluginJar : add usart
2025-04-24 09:57:17,245 [INFO] IPUIPlugin:80 - create IPUIPlugin
2025-04-24 09:57:17,245 [INFO] PluginManager:220 - loadIPPluginJar : add usbx
2025-04-24 09:57:17,406 [FATAL] Updater:351 - Updater called before beeing initialized
2025-04-24 09:57:17,443 [INFO] RulesReader:64 - Compatibility file has been processed (301 Rules)
2025-04-24 09:57:17,457 [INFO] RulesReader:64 - Compatibility file has been processed (301 Rules)
2025-04-24 09:57:17,466 [INFO] CADModel:165 - CPN selected for project level
2025-04-24 09:57:17,467 [INFO] CADModel:114 - Register for checkConnection events
2025-04-24 09:57:17,467 [FATAL] Updater:351 - Updater called before beeing initialized
2025-04-24 09:57:17,467 [ERROR] CADModel:125 - Updater not yet initialized, retry later 
2025-04-24 09:57:17,675 [FATAL] Updater:351 - Updater called before beeing initialized
2025-04-24 09:57:17,678 [INFO] CADModel:165 - CPN selected for project level
2025-04-24 09:57:17,678 [INFO] CADModel:114 - Register for checkConnection events
2025-04-24 09:57:17,678 [FATAL] Updater:351 - Updater called before beeing initialized
2025-04-24 09:57:17,678 [ERROR] CADModel:125 - Updater not yet initialized, retry later 
2025-04-24 09:57:17,684 [FATAL] Updater:351 - Updater called before beeing initialized
2025-04-24 09:57:17,852 [FATAL] Updater:351 - Updater called before beeing initialized
2025-04-24 09:57:17,856 [INFO] DbMcusAds:53 - JSON generation date=Thu Mar 06 08:54:22 CST 2025 (1741272862204)
2025-04-24 09:57:17,857 [FATAL] Updater:351 - Updater called before beeing initialized
2025-04-24 09:57:17,909 [WARN] DetailPanel:346 - Failed to get advertising image, set to default
2025-04-24 09:57:18,321 [FATAL] Updater:351 - Updater called before beeing initialized
2025-04-24 09:57:18,323 [FATAL] Updater:351 - Updater called before beeing initialized
2025-04-24 09:57:18,323 [FATAL] Updater:351 - Updater called before beeing initialized
2025-04-24 09:57:18,323 [WARN] DetailPanel:346 - Failed to get advertising image, set to default
2025-04-24 09:57:18,325 [FATAL] Updater:351 - Updater called before beeing initialized
2025-04-24 09:57:18,401 [ERROR] Updater:1198 - MainUpdater not yet initialized. External WinMGr cannot be set.
2025-04-24 09:57:18,404 [INFO] Updater:1134 - Updater Version found : 6.14.0
2025-04-24 09:57:18,425 [INFO] ApplicationProperties:184 - Using Application install path: C:\ST\STM32CubeIDE_1.18.0\STM32CubeIDE\plugins\com.st.stm32cube.common.mx_6.14.0.202502271554
2025-04-24 09:57:19,158 [INFO] ThirdPartyUpdaterWithRetryManager:70 - Updater plugin not ready yet. [2/15]
2025-04-24 09:57:20,006 [ERROR] LogOutputStream:75 - [STDERR_REDIRECT] Apr 24, 2025 9:57:20 AM java.util.prefs.WindowsPreferences <init>
2025-04-24 09:57:20,008 [ERROR] LogOutputStream:75 - [STDERR_REDIRECT] WARNING: Could not open/create prefs root node Software\JavaSoft\Prefs at root 0xffffffff80000002. Windows RegCreateKeyEx(...) returned error code 5.
2025-04-24 09:57:20,008 [ERROR] LogOutputStream:75 - [STDERR_REDIRECT] 
2025-04-24 09:57:22,158 [FATAL] Updater:351 - Updater called before beeing initialized
2025-04-24 09:57:22,158 [ERROR] IntegrityCheckThread:130 - Cannot retrieve database content from updater: error 21
2025-04-24 09:57:22,159 [INFO] ThirdParty:978 - Integrity check success = false
2025-04-24 09:57:22,159 [INFO] IntegrityCheckThread:100 - exiting critical section [integrity check]
2025-04-24 09:57:22,159 [INFO] IntegrityCheckThread:103 - End integrity checks thread
2025-04-24 09:57:23,419 [INFO] MainUpdater:2872 - connection check result : 10
2025-04-24 09:57:23,420 [INFO] MainUpdater:289 - Updater Check For Update Now.
2025-04-24 09:57:23,421 [INFO] MicroXplorer:498 - Change Database Version : DB.6.0.140
2025-04-24 09:57:23,435 [INFO] McuFinderGlobals:63 - Set McuFinder mode to 2 (CubeIDE integrated)
2025-04-24 09:57:23,437 [INFO] UserAuth:486 - Internet connection configuration mode: 1
2025-04-24 09:57:23,473 [INFO] JxBrowserEngine:152 - Initiate JxBrowser Engine with user profile folder
2025-04-24 09:57:23,651 [INFO] CheckServerUpdateThread:120 - End of CheckServer Thread
2025-04-24 09:57:25,248 [INFO] WebApp:169 - Instantiating new browser for Auth
2025-04-24 09:57:26,798 [INFO] WebApp:463 - Apply proxy settings
2025-04-24 09:57:26,799 [INFO] WebApp:548 - Chromium requires no authentication
2025-04-24 09:57:26,811 [INFO] WebApp:491 - Direct internet connection detected
2025-04-24 09:57:26,847 [INFO] WebApp:894 - Register for checkConnection events
2025-04-24 09:57:26,847 [INFO] WebApp:463 - Apply proxy settings
2025-04-24 09:57:26,847 [INFO] WebApp:548 - Chromium requires no authentication
2025-04-24 09:57:26,848 [INFO] WebApp:491 - Direct internet connection detected
2025-04-24 09:57:27,113 [INFO] WebApp:225 - Starting web application
2025-04-24 09:57:27,114 [INFO] WebApp:593 - Web application path used C:\ST\STM32CubeIDE_1.18.0\STM32CubeIDE\plugins\com.st.stm32cube.common.mx_6.14.0.202502271554\db\plugins\mcufinder\reactClient1\index.html
2025-04-24 09:57:27,623 [INFO] WebApp:191 - Connection restablished
2025-04-24 09:57:27,867 [INFO] UserAuth:486 - Internet connection configuration mode: 1
2025-04-24 11:51:13,647 [ERROR] LogOutputStream:75 - [STDERR_REDIRECT] 
2025-04-24 13:30:51,887 [INFO] Activator:176 - 


2025-04-24 13:30:51,892 [INFO] Activator:177 - !SESSION log4j initialized
2025-04-24 13:31:04,685 [INFO] LogOutputStream:77 - [STDOUT_REDIRECT] 
2025-04-24 13:31:08,661 [INFO] ApplicationProperties:184 - Using Application install path: C:\ST\STM32CubeIDE_1.18.0\STM32CubeIDE\plugins\com.st.stm32cube.common.mx_6.14.0.202502271554
2025-04-24 13:31:08,684 [INFO] DbMcusXml:78 - Set database path to: C:\ST\STM32CubeIDE_1.18.0\STM32CubeIDE\plugins\com.st.stm32cube.common.mx_6.14.0.202502271554\\db\/mcu/
2025-04-24 13:31:08,685 [INFO] ApiDb:274 - Set plugin database path to: C:\ST\STM32CubeIDE_1.18.0\STM32CubeIDE\plugins\com.st.stm32cube.common.mx_6.14.0.202502271554\\db\/plugins/boardmanager/
2025-04-24 13:31:08,685 [WARN] ApiDb:259 - Overriding images path with different value:  => C:\ST\STM32CubeIDE_1.18.0\STM32CubeIDE\plugins\com.st.stm32cube.common.mx_6.14.0.202502271554\\db\/plugins/mcufinder/images/
2025-04-24 13:31:08,699 [INFO] ApiDb:250 - Set database path to: C:\Users\bjosu\.stmcufinder\plugins\mcufinder//mcu/
2025-04-24 13:31:08,700 [INFO] DbMcusAds:125 - Set database path to: C:\Users\bjosu\.stmcufinder\plugins\mcufinder//mcu/
2025-04-24 13:31:08,703 [INFO] CrossReferenceDbSqlite:203 - Set database path to: C:\Users\bjosu\.stmcufinder\plugins\mcufinder//mcu/cs/
2025-04-24 13:31:08,870 [INFO] RulesReader:64 - Compatibility file has been processed (301 Rules)
2025-04-24 13:31:08,990 [INFO] DbMcusXml:78 - Set database path to: C:\ST\STM32CubeIDE_1.18.0\STM32CubeIDE\plugins\com.st.stm32cube.common.mx_6.14.0.202502271554\\db\/mcu/
2025-04-24 13:31:08,990 [INFO] ApiDb:274 - Set plugin database path to: C:\ST\STM32CubeIDE_1.18.0\STM32CubeIDE\plugins\com.st.stm32cube.common.mx_6.14.0.202502271554\\db\/plugins/boardmanager/
2025-04-24 13:31:08,990 [INFO] ApiDb:261 - Set plugin images path to: C:\ST\STM32CubeIDE_1.18.0\STM32CubeIDE\plugins\com.st.stm32cube.common.mx_6.14.0.202502271554\\db\/plugins/mcufinder/images/
2025-04-24 13:31:08,991 [WARN] DbFile:41 - Overriding database path with different value: C:\Users\bjosu\.stmcufinder\plugins\mcufinder/ => C:\Users\bjosu\.stmcufinder\plugins\mcufinder
2025-04-24 13:31:08,991 [INFO] ApiDb:250 - Set database path to: C:\Users\bjosu\.stmcufinder\plugins\mcufinder//mcu/
2025-04-24 13:31:08,991 [WARN] DbFile:41 - Overriding database path with different value: C:\Users\bjosu\.stmcufinder\plugins\mcufinder/ => C:\Users\bjosu\.stmcufinder\plugins\mcufinder
2025-04-24 13:31:08,991 [INFO] DbMcusAds:125 - Set database path to: C:\Users\bjosu\.stmcufinder\plugins\mcufinder//mcu/
2025-04-24 13:31:08,991 [WARN] DbFile:41 - Overriding database path with different value: C:\Users\bjosu\.stmcufinder\plugins\mcufinder/ => C:\Users\bjosu\.stmcufinder\plugins\mcufinder
2025-04-24 13:31:08,991 [WARN] DbFile:41 - Overriding database path with different value: C:\Users\bjosu\.stmcufinder\plugins\mcufinder/ => C:\Users\bjosu\.stmcufinder\plugins\mcufinder
2025-04-24 13:31:08,991 [INFO] CrossReferenceDbSqlite:203 - Set database path to: C:\Users\bjosu\.stmcufinder\plugins\mcufinder//mcu/cs/
2025-04-24 13:31:09,106 [INFO] MainPanel:272 - HeapMemory: 268435456
2025-04-24 13:31:09,253 [INFO] DbMcusXml:78 - Set database path to: C:\ST\STM32CubeIDE_1.18.0\STM32CubeIDE\plugins\com.st.stm32cube.common.mx_6.14.0.202502271554\\db\/mcu/
2025-04-24 13:31:09,253 [INFO] ApiDb:274 - Set plugin database path to: C:\ST\STM32CubeIDE_1.18.0\STM32CubeIDE\plugins\com.st.stm32cube.common.mx_6.14.0.202502271554\\db\/plugins/boardmanager/
2025-04-24 13:31:09,253 [INFO] ApiDb:261 - Set plugin images path to: C:\ST\STM32CubeIDE_1.18.0\STM32CubeIDE\plugins\com.st.stm32cube.common.mx_6.14.0.202502271554\\db\/plugins/mcufinder/images/
2025-04-24 13:31:09,255 [WARN] DbFile:41 - Overriding database path with different value: C:\Users\bjosu\.stmcufinder\plugins\mcufinder/ => C:\Users\bjosu\.stmcufinder\plugins\mcufinder
2025-04-24 13:31:09,255 [INFO] ApiDb:250 - Set database path to: C:\Users\bjosu\.stmcufinder\plugins\mcufinder//mcu/
2025-04-24 13:31:09,255 [WARN] DbFile:41 - Overriding database path with different value: C:\Users\bjosu\.stmcufinder\plugins\mcufinder/ => C:\Users\bjosu\.stmcufinder\plugins\mcufinder
2025-04-24 13:31:09,255 [INFO] DbMcusAds:125 - Set database path to: C:\Users\bjosu\.stmcufinder\plugins\mcufinder//mcu/
2025-04-24 13:31:09,256 [WARN] DbFile:41 - Overriding database path with different value: C:\Users\bjosu\.stmcufinder\plugins\mcufinder/ => C:\Users\bjosu\.stmcufinder\plugins\mcufinder
2025-04-24 13:31:09,256 [WARN] DbFile:41 - Overriding database path with different value: C:\Users\bjosu\.stmcufinder\plugins\mcufinder/ => C:\Users\bjosu\.stmcufinder\plugins\mcufinder
2025-04-24 13:31:09,256 [INFO] CrossReferenceDbSqlite:203 - Set database path to: C:\Users\bjosu\.stmcufinder\plugins\mcufinder//mcu/cs/
2025-04-24 13:31:09,278 [INFO] ApplicationProperties:184 - Using Application install path: C:\ST\STM32CubeIDE_1.18.0\STM32CubeIDE\plugins\com.st.stm32cube.common.mx_6.14.0.202502271554
2025-04-24 13:31:09,280 [INFO] PluginManage:196 - Search for loadable plugins [exclusion list=, ]
2025-04-24 13:31:09,282 [INFO] PluginManage:310 - Check plugin analytics
2025-04-24 13:31:09,560 [INFO] AnalyticsPlugin:253 - Accepted Software Licenses: 
2025-04-24 13:31:09,561 [INFO] AnalyticsPlugin:255 - Accepted CMSIS Pack Licenses: 
2025-04-24 13:31:09,561 [INFO] AnalyticsPlugin:257 - Accepted Firmware Licenses: FW.F4.1.28.0
2025-04-24 13:31:09,566 [INFO] PluginManage:359 - Loaded plugin analytics (category:tool,tabindex:-1)
2025-04-24 13:31:09,567 [INFO] PluginManage:310 - Check plugin cadmodel
2025-04-24 13:31:09,576 [INFO] CADModel:105 - Init CAD model plugin
2025-04-24 13:31:09,576 [INFO] PluginManage:359 - Loaded plugin cadmodel (category:power,tabindex:5)
2025-04-24 13:31:09,577 [INFO] PluginManage:310 - Check plugin clock
2025-04-24 13:31:09,594 [INFO] PluginManage:359 - Loaded plugin clock (category:base,tabindex:2)
2025-04-24 13:31:09,595 [INFO] PluginManage:310 - Check plugin ddr
2025-04-24 13:31:09,598 [INFO] PluginManage:359 - Loaded plugin ddr (category:tool,tabindex:6)
2025-04-24 13:31:09,599 [INFO] PluginManage:310 - Check plugin filemanager
2025-04-24 13:31:09,809 [INFO] PluginManage:359 - Loaded plugin filemanager (category:base,tabindex:10)
2025-04-24 13:31:09,809 [INFO] PluginManage:310 - Check plugin ipmanager
2025-04-24 13:31:09,820 [INFO] PluginManage:359 - Loaded plugin ipmanager (category:base,tabindex:5)
2025-04-24 13:31:09,820 [INFO] PluginManage:310 - Check plugin lpbam
2025-04-24 13:31:09,832 [INFO] PluginManage:359 - Loaded plugin lpbam (category:base,tabindex:0)
2025-04-24 13:31:09,832 [INFO] PluginManage:310 - Check plugin memorymap
2025-04-24 13:31:09,850 [INFO] PluginManage:359 - Loaded plugin memorymap (category:base,tabindex:4)
2025-04-24 13:31:09,850 [INFO] PluginManage:310 - Check plugin pinoutandconfiguration
2025-04-24 13:31:09,861 [INFO] PluginManage:359 - Loaded plugin pinoutandconfiguration (category:base,tabindex:1)
2025-04-24 13:31:09,861 [INFO] PluginManage:310 - Check plugin pinoutconfig
2025-04-24 13:31:09,990 [WARN] SupportedApi:132 - Cannot load RTOS API schema: s4s-elt-must-match.1: The content of 'definitions' must match (annotation?, (simpleType | complexType)?, (unique | key | keyref)*)). A problem was found starting at: attribute.
2025-04-24 13:31:10,189 [INFO] PluginManage:359 - Loaded plugin pinoutconfig (category:base,tabindex:0)
2025-04-24 13:31:10,189 [INFO] PluginManage:310 - Check plugin power
2025-04-24 13:31:10,206 [INFO] PluginManage:359 - Loaded plugin power (category:power,tabindex:4)
2025-04-24 13:31:10,206 [INFO] PluginManage:310 - Check plugin projectmanager
2025-04-24 13:31:10,229 [INFO] PluginManage:359 - Loaded plugin projectmanager (category:projectmanager,tabindex:4)
2025-04-24 13:31:10,230 [INFO] PluginManage:310 - Check plugin rif
2025-04-24 13:31:10,242 [INFO] PluginManage:359 - Loaded plugin rif (category:base,tabindex:3)
2025-04-24 13:31:10,243 [INFO] PluginManage:310 - Check plugin thirdparty
2025-04-24 13:31:10,462 [WARN] IntegrityCheckThread:84 - waiting for thirdparty lock release [integrity check]
2025-04-24 13:31:10,462 [INFO] PluginManage:359 - Loaded plugin thirdparty (category:base,tabindex:-1)
2025-04-24 13:31:10,462 [INFO] IntegrityCheckThread:86 - entering critical section [integrity check]
2025-04-24 13:31:10,462 [INFO] PluginManage:310 - Check plugin tools
2025-04-24 13:31:10,463 [INFO] ThirdPartyUpdaterWithRetryManager:70 - Updater plugin not ready yet. [1/15]
2025-04-24 13:31:10,467 [INFO] PluginManage:359 - Loaded plugin tools (category:base,tabindex:7)
2025-04-24 13:31:10,468 [INFO] PluginManage:310 - Check plugin tutovideos
2025-04-24 13:31:10,711 [INFO] PluginManage:359 - Loaded plugin tutovideos (category:base,tabindex:-1)
2025-04-24 13:31:10,712 [INFO] PluginManage:310 - Check plugin updater
2025-04-24 13:31:10,743 [INFO] PluginManage:359 - Loaded plugin updater (category:base,tabindex:12)
2025-04-24 13:31:10,743 [INFO] PluginManage:310 - Check plugin userauth
2025-04-24 13:31:10,749 [INFO] UserAuth:118 - Init User Auth plugin
2025-04-24 13:31:10,750 [INFO] PluginManage:359 - Loaded plugin userauth (category:base,tabindex:14)
2025-04-24 13:31:10,751 [INFO] PluginManage:283 - PluginManage : Loaded plugins [18]
2025-04-24 13:31:11,062 [INFO] PinOutPanel:1589 - setPackage(No Configuration,No Configuration)
2025-04-24 13:31:11,237 [INFO] CADModel:165 - CPN selected for project level
2025-04-24 13:31:11,238 [INFO] CADModel:114 - Register for checkConnection events
2025-04-24 13:31:11,276 [INFO] IPUIPlugin:80 - create IPUIPlugin
2025-04-24 13:31:11,276 [INFO] PluginManager:220 - loadIPPluginJar : add adc
2025-04-24 13:31:11,284 [INFO] IPUIPlugin:80 - create IPUIPlugin
2025-04-24 13:31:11,284 [INFO] PluginManager:220 - loadIPPluginJar : add aes
2025-04-24 13:31:11,291 [INFO] IPUIPlugin:80 - create IPUIPlugin
2025-04-24 13:31:11,291 [INFO] PluginManager:220 - loadIPPluginJar : add can
2025-04-24 13:31:11,296 [INFO] IPUIPlugin:80 - create IPUIPlugin
2025-04-24 13:31:11,296 [INFO] PluginManager:220 - loadIPPluginJar : add comp
2025-04-24 13:31:11,302 [INFO] IPUIPlugin:80 - create IPUIPlugin
2025-04-24 13:31:11,303 [INFO] PluginManager:220 - loadIPPluginJar : add cryp
2025-04-24 13:31:11,310 [INFO] IPUIPlugin:80 - create IPUIPlugin
2025-04-24 13:31:11,310 [INFO] PluginManager:220 - loadIPPluginJar : add ddr_ctrl_phy
2025-04-24 13:31:11,317 [INFO] IPUIPlugin:80 - create IPUIPlugin
2025-04-24 13:31:11,317 [INFO] PluginManager:220 - loadIPPluginJar : add dfsdm
2025-04-24 13:31:11,329 [INFO] IPUIPlugin:80 - create IPUIPlugin
2025-04-24 13:31:11,330 [INFO] PluginManager:220 - loadIPPluginJar : add dma
2025-04-24 13:31:11,368 [INFO] IPUIPlugin:80 - create IPUIPlugin
2025-04-24 13:31:11,369 [INFO] PluginManager:220 - loadIPPluginJar : add dma3
2025-04-24 13:31:11,377 [INFO] IPUIPlugin:80 - create IPUIPlugin
2025-04-24 13:31:11,377 [INFO] PluginManager:220 - loadIPPluginJar : add extmemmanager
2025-04-24 13:31:11,382 [INFO] IPUIPlugin:80 - create IPUIPlugin
2025-04-24 13:31:11,382 [INFO] PluginManager:220 - loadIPPluginJar : add fatfs
2025-04-24 13:31:11,395 [INFO] IPUIPlugin:80 - create IPUIPlugin
2025-04-24 13:31:11,396 [INFO] PluginManager:220 - loadIPPluginJar : add fmc
2025-04-24 13:31:11,407 [INFO] IPUIPlugin:80 - create IPUIPlugin
2025-04-24 13:31:11,407 [INFO] PluginManager:220 - loadIPPluginJar : add freertos
2025-04-24 13:31:11,411 [INFO] IPUIPlugin:80 - create IPUIPlugin
2025-04-24 13:31:11,412 [INFO] PluginManager:220 - loadIPPluginJar : add genericplugin
2025-04-24 13:31:11,418 [INFO] IPUIPlugin:80 - create IPUIPlugin
2025-04-24 13:31:11,418 [INFO] PluginManager:220 - loadIPPluginJar : add gfxmmu
2025-04-24 13:31:11,434 [INFO] IPUIPlugin:80 - create IPUIPlugin
2025-04-24 13:31:11,435 [INFO] PluginManager:220 - loadIPPluginJar : add gic
2025-04-24 13:31:11,446 [INFO] IPUIPlugin:80 - create IPUIPlugin
2025-04-24 13:31:11,447 [INFO] PluginManager:220 - loadIPPluginJar : add gpio
2025-04-24 13:31:11,456 [INFO] IPUIPlugin:80 - create IPUIPlugin
2025-04-24 13:31:11,457 [INFO] PluginManager:220 - loadIPPluginJar : add gtzc
2025-04-24 13:31:11,463 [INFO] IPUIPlugin:80 - create IPUIPlugin
2025-04-24 13:31:11,463 [INFO] PluginManager:220 - loadIPPluginJar : add hash
2025-04-24 13:31:11,469 [INFO] IPUIPlugin:80 - create IPUIPlugin
2025-04-24 13:31:11,471 [INFO] PluginManager:220 - loadIPPluginJar : add i2c
2025-04-24 13:31:11,477 [INFO] IPUIPlugin:80 - create IPUIPlugin
2025-04-24 13:31:11,478 [INFO] PluginManager:220 - loadIPPluginJar : add i2s
2025-04-24 13:31:11,484 [INFO] IPUIPlugin:80 - create IPUIPlugin
2025-04-24 13:31:11,484 [INFO] PluginManager:220 - loadIPPluginJar : add i3c
2025-04-24 13:31:11,490 [INFO] IPUIPlugin:80 - create IPUIPlugin
2025-04-24 13:31:11,491 [INFO] PluginManager:220 - loadIPPluginJar : add ipddr
2025-04-24 13:31:11,506 [INFO] IPUIPlugin:80 - create IPUIPlugin
2025-04-24 13:31:11,507 [INFO] PluginManager:220 - loadIPPluginJar : add linkedlist
2025-04-24 13:31:11,514 [INFO] IPUIPlugin:80 - create IPUIPlugin
2025-04-24 13:31:11,515 [INFO] PluginManager:220 - loadIPPluginJar : add lorawan
2025-04-24 13:31:11,519 [INFO] IPUIPlugin:80 - create IPUIPlugin
2025-04-24 13:31:11,520 [INFO] PluginManager:220 - loadIPPluginJar : add ltdc
2025-04-24 13:31:11,530 [INFO] IPUIPlugin:80 - create IPUIPlugin
2025-04-24 13:31:11,530 [INFO] PluginManager:220 - loadIPPluginJar : add mdma
2025-04-24 13:31:11,538 [INFO] IPUIPlugin:80 - create IPUIPlugin
2025-04-24 13:31:11,538 [INFO] PluginManager:220 - loadIPPluginJar : add nvic
2025-04-24 13:31:11,544 [INFO] IPUIPlugin:80 - create IPUIPlugin
2025-04-24 13:31:11,544 [INFO] PluginManager:220 - loadIPPluginJar : add opamp
2025-04-24 13:31:11,553 [INFO] IPUIPlugin:80 - create IPUIPlugin
2025-04-24 13:31:11,553 [INFO] PluginManager:220 - loadIPPluginJar : add openamp
2025-04-24 13:31:11,561 [INFO] IPUIPlugin:80 - create IPUIPlugin
2025-04-24 13:31:11,562 [INFO] PluginManager:220 - loadIPPluginJar : add pdm2pcm
2025-04-24 13:31:11,578 [INFO] IPUIPlugin:80 - create IPUIPlugin
2025-04-24 13:31:11,585 [INFO] PluginManager:220 - loadIPPluginJar : add plateformsettings
2025-04-24 13:31:11,590 [INFO] IPUIPlugin:80 - create IPUIPlugin
2025-04-24 13:31:11,590 [INFO] PluginManager:220 - loadIPPluginJar : add quadspi
2025-04-24 13:31:11,594 [INFO] IPUIPlugin:80 - create IPUIPlugin
2025-04-24 13:31:11,597 [INFO] PluginManager:220 - loadIPPluginJar : add radio
2025-04-24 13:31:11,607 [INFO] IPUIPlugin:80 - create IPUIPlugin
2025-04-24 13:31:11,607 [INFO] PluginManager:220 - loadIPPluginJar : add resmgrutility
2025-04-24 13:31:11,615 [INFO] IPUIPlugin:80 - create IPUIPlugin
2025-04-24 13:31:11,615 [INFO] PluginManager:220 - loadIPPluginJar : add sai
2025-04-24 13:31:11,622 [INFO] IPUIPlugin:80 - create IPUIPlugin
2025-04-24 13:31:11,622 [INFO] PluginManager:220 - loadIPPluginJar : add spi
2025-04-24 13:31:11,636 [INFO] IPUIPlugin:80 - create IPUIPlugin
2025-04-24 13:31:11,636 [INFO] PluginManager:220 - loadIPPluginJar : add stm32_wpan
2025-04-24 13:31:11,641 [INFO] IPUIPlugin:80 - create IPUIPlugin
2025-04-24 13:31:11,641 [INFO] PluginManager:220 - loadIPPluginJar : add tim
2025-04-24 13:31:11,650 [INFO] IPUIPlugin:80 - create IPUIPlugin
2025-04-24 13:31:11,650 [INFO] PluginManager:220 - loadIPPluginJar : add touchsensing
2025-04-24 13:31:11,656 [INFO] IPUIPlugin:80 - create IPUIPlugin
2025-04-24 13:31:11,656 [INFO] PluginManager:220 - loadIPPluginJar : add tracer_emb
2025-04-24 13:31:11,661 [INFO] IPUIPlugin:80 - create IPUIPlugin
2025-04-24 13:31:11,661 [INFO] PluginManager:220 - loadIPPluginJar : add ts
2025-04-24 13:31:11,665 [INFO] IPUIPlugin:80 - create IPUIPlugin
2025-04-24 13:31:11,665 [INFO] PluginManager:220 - loadIPPluginJar : add tsc
2025-04-24 13:31:11,672 [INFO] IPUIPlugin:80 - create IPUIPlugin
2025-04-24 13:31:11,673 [INFO] PluginManager:220 - loadIPPluginJar : add ucpd
2025-04-24 13:31:11,680 [INFO] IPUIPlugin:80 - create IPUIPlugin
2025-04-24 13:31:11,680 [INFO] PluginManager:220 - loadIPPluginJar : add usart
2025-04-24 13:31:11,688 [INFO] IPUIPlugin:80 - create IPUIPlugin
2025-04-24 13:31:11,689 [INFO] PluginManager:220 - loadIPPluginJar : add usbx
2025-04-24 13:31:11,888 [FATAL] Updater:351 - Updater called before beeing initialized
2025-04-24 13:31:11,935 [INFO] RulesReader:64 - Compatibility file has been processed (301 Rules)
2025-04-24 13:31:11,953 [INFO] RulesReader:64 - Compatibility file has been processed (301 Rules)
2025-04-24 13:31:11,964 [INFO] CADModel:165 - CPN selected for project level
2025-04-24 13:31:11,964 [INFO] CADModel:114 - Register for checkConnection events
2025-04-24 13:31:11,964 [FATAL] Updater:351 - Updater called before beeing initialized
2025-04-24 13:31:11,964 [ERROR] CADModel:125 - Updater not yet initialized, retry later 
2025-04-24 13:31:12,163 [FATAL] Updater:351 - Updater called before beeing initialized
2025-04-24 13:31:12,166 [INFO] CADModel:165 - CPN selected for project level
2025-04-24 13:31:12,166 [INFO] CADModel:114 - Register for checkConnection events
2025-04-24 13:31:12,166 [FATAL] Updater:351 - Updater called before beeing initialized
2025-04-24 13:31:12,167 [ERROR] CADModel:125 - Updater not yet initialized, retry later 
2025-04-24 13:31:12,172 [FATAL] Updater:351 - Updater called before beeing initialized
2025-04-24 13:31:12,359 [FATAL] Updater:351 - Updater called before beeing initialized
2025-04-24 13:31:12,364 [INFO] DbMcusAds:53 - JSON generation date=Thu Mar 06 08:54:22 CST 2025 (1741272862204)
2025-04-24 13:31:12,364 [FATAL] Updater:351 - Updater called before beeing initialized
2025-04-24 13:31:12,409 [WARN] DetailPanel:346 - Failed to get advertising image, set to default
2025-04-24 13:31:12,758 [FATAL] Updater:351 - Updater called before beeing initialized
2025-04-24 13:31:12,761 [FATAL] Updater:351 - Updater called before beeing initialized
2025-04-24 13:31:12,761 [FATAL] Updater:351 - Updater called before beeing initialized
2025-04-24 13:31:12,761 [WARN] DetailPanel:346 - Failed to get advertising image, set to default
2025-04-24 13:31:12,762 [FATAL] Updater:351 - Updater called before beeing initialized
2025-04-24 13:31:12,879 [ERROR] Updater:1198 - MainUpdater not yet initialized. External WinMGr cannot be set.
2025-04-24 13:31:12,883 [INFO] Updater:1134 - Updater Version found : 6.14.0
2025-04-24 13:31:12,916 [INFO] ApplicationProperties:184 - Using Application install path: C:\ST\STM32CubeIDE_1.18.0\STM32CubeIDE\plugins\com.st.stm32cube.common.mx_6.14.0.202502271554
2025-04-24 13:31:13,466 [INFO] ThirdPartyUpdaterWithRetryManager:70 - Updater plugin not ready yet. [2/15]
2025-04-24 13:31:14,507 [ERROR] LogOutputStream:75 - [STDERR_REDIRECT] Apr 24, 2025 1:31:14 PM java.util.prefs.WindowsPreferences <init>
2025-04-24 13:31:14,510 [ERROR] LogOutputStream:75 - [STDERR_REDIRECT] WARNING: Could not open/create prefs root node Software\JavaSoft\Prefs at root 0xffffffff80000002. Windows RegCreateKeyEx(...) returned error code 5.
2025-04-24 13:31:14,510 [ERROR] LogOutputStream:75 - [STDERR_REDIRECT] 
2025-04-24 13:31:15,064 [INFO] MainUpdater:2872 - connection check result : 10
2025-04-24 13:31:15,066 [INFO] MainUpdater:289 - Updater Check For Update Now.
2025-04-24 13:31:15,066 [INFO] MicroXplorer:498 - Change Database Version : DB.6.0.140
2025-04-24 13:31:15,072 [INFO] McuFinderGlobals:63 - Set McuFinder mode to 2 (CubeIDE integrated)
2025-04-24 13:31:15,074 [INFO] UserAuth:486 - Internet connection configuration mode: 1
2025-04-24 13:31:15,114 [INFO] JxBrowserEngine:152 - Initiate JxBrowser Engine with user profile folder
2025-04-24 13:31:15,302 [INFO] CheckServerUpdateThread:120 - End of CheckServer Thread
2025-04-24 13:31:16,775 [INFO] WebApp:169 - Instantiating new browser for Auth
2025-04-24 13:31:17,157 [WARN] PackLoader:240 - Cannot read IP mode file for STMicroelectronics.FP-SNS-MOTENVWB1.1.4.0
2025-04-24 13:31:17,177 [WARN] PackLoader:240 - Cannot read IP mode file for STMicroelectronics.FP-ATR-ASTRA1.2.0.2
2025-04-24 13:31:17,198 [WARN] PackLoader:240 - Cannot read IP mode file for STMicroelectronics.X-CUBE-SMBUS.2.1.0
2025-04-24 13:31:17,219 [WARN] PackLoader:240 - Cannot read IP mode file for STMicroelectronics.X-CUBE-WB05N.1.1.0
2025-04-24 13:31:17,305 [WARN] PackLoader:240 - Cannot read IP mode file for STMicroelectronics.X-CUBE-AZRTOS-F7.1.1.0
2025-04-24 13:31:17,375 [WARN] PackLoader:240 - Cannot read IP mode file for Infineon.AIROC-Wi-Fi-Bluetooth-STM32.1.7.0
2025-04-24 13:31:17,408 [WARN] PackLoader:240 - Cannot read IP mode file for STMicroelectronics.X-CUBE-DISPLAY.3.0.0
2025-04-24 13:31:17,434 [WARN] PackLoader:240 - Cannot read IP mode file for STMicroelectronics.X-CUBE-NFC10.1.0.0
2025-04-24 13:31:17,462 [WARN] PackLoader:240 - Cannot read IP mode file for STMicroelectronics.X-CUBE-BLEMGR.4.0.0
2025-04-24 13:31:17,481 [WARN] PackLoader:240 - Cannot read IP mode file for emotas.I-CUBE-CANOPEN.1.3.0
2025-04-24 13:31:17,492 [WARN] ConditionMgr:438 - getConditionDescription Invalid condition id : Cortex-A Device cause : null
2025-04-24 13:31:17,524 [WARN] ConditionMgr:1044 - genDependencies : Invalid condition id : Cortex-A Device cause : null
2025-04-24 13:31:17,525 [WARN] ConditionMgr:1044 - genDependencies : Invalid condition id : Cortex-A Device cause : null
2025-04-24 13:31:17,525 [WARN] ConditionMgr:1044 - genDependencies : Invalid condition id : Cortex-A Device cause : null
2025-04-24 13:31:17,532 [WARN] PackLoader:240 - Cannot read IP mode file for STMicroelectronics.X-CUBE-AI.10.0.0
2025-04-24 13:31:17,545 [WARN] PackLoader:240 - Cannot read IP mode file for STMicroelectronics.FP-SNS-SMARTAG2.1.2.0
2025-04-24 13:31:17,557 [WARN] PackLoader:240 - Cannot read IP mode file for STMicroelectronics.FP-SNS-FLIGHT1.5.1.0
2025-04-24 13:31:17,667 [WARN] PackLoader:240 - Cannot read IP mode file for STMicroelectronics.X-CUBE-MEMS1.11.1.0
2025-04-24 13:31:17,986 [INFO] LogOutputStream:77 - [STDOUT_REDIRECT] 1 : Invalid condition id : UX_CORESTACK_Condition cause : null
2025-04-24 13:31:17,987 [INFO] LogOutputStream:77 - [STDOUT_REDIRECT] 1 : Invalid condition id : UX_CORESTACK_Condition cause : null
2025-04-24 13:31:17,989 [INFO] LogOutputStream:77 - [STDOUT_REDIRECT] 1 : Invalid condition id : UX_CORESTACK_Condition cause : null
2025-04-24 13:31:17,992 [INFO] LogOutputStream:77 - [STDOUT_REDIRECT] 1 : Invalid condition id : UX_CORESTACK_Condition cause : null
2025-04-24 13:31:17,994 [INFO] LogOutputStream:77 - [STDOUT_REDIRECT] 1 : Invalid condition id : UX_CORESTACK_Condition cause : null
2025-04-24 13:31:17,998 [WARN] PackLoader:240 - Cannot read IP mode file for STMicroelectronics.X-CUBE-AZRTOS-WL.2.0.0
2025-04-24 13:31:18,011 [WARN] PackLoader:240 - Cannot read IP mode file for STMicroelectronics.FP-SNS-MOTENV1.5.0.0
2025-04-24 13:31:18,044 [WARN] PackLoader:240 - Cannot read IP mode file for WES.I-CUBE-Cesium.1.3.0
2025-04-24 13:31:18,057 [WARN] PackLoader:240 - Cannot read IP mode file for STMicroelectronics.X-CUBE-BLE2.3.3.0
2025-04-24 13:31:18,071 [WARN] PackLoader:240 - Cannot read IP mode file for STMicroelectronics.X-CUBE-NFC9.1.0.0
2025-04-24 13:31:18,086 [WARN] PackLoader:240 - Cannot read IP mode file for STMicroelectronics.X-CUBE-BLE1.7.1.0
2025-04-24 13:31:18,096 [WARN] PackLoader:240 - Cannot read IP mode file for wolfSSL.I-CUBE-wolfMQTT.1.19.2
2025-04-24 13:31:18,217 [WARN] PackLoader:240 - Cannot read IP mode file for STMicroelectronics.X-CUBE-MEMS1.11.2.0
2025-04-24 13:31:18,621 [WARN] PackLoader:240 - Cannot read IP mode file for STMicroelectronics.X-CUBE-AZRTOS-G0.1.1.0
2025-04-24 13:31:18,649 [WARN] PackLoader:240 - Cannot read IP mode file for STMicroelectronics.X-CUBE-SAFEA1.1.2.2
2025-04-24 13:31:18,667 [WARN] PackLoader:240 - Cannot read IP mode file for STMicroelectronics.X-CUBE-NFC4.3.0.0
2025-04-24 13:31:18,701 [WARN] PackLoader:240 - Cannot read IP mode file for EmbeddedOffice.I-CUBE-FS-RTOS.1.0.1
2025-04-24 13:31:18,713 [WARN] PackLoader:240 - Cannot read IP mode file for STMicroelectronics.X-CUBE-WB05N.2.0.0
2025-04-24 13:31:18,729 [WARN] PackLoader:240 - Cannot read IP mode file for wolfSSL.I-CUBE-wolfTPM.3.8.0
2025-04-24 13:31:18,743 [WARN] PackLoader:240 - Cannot read IP mode file for STMicroelectronics.X-CUBE-TCPP.4.2.0
2025-04-24 13:31:18,759 [WARN] PackLoader:240 - Cannot read IP mode file for RealThread.X-CUBE-RT-Thread_Nano.4.1.1
2025-04-24 13:31:18,771 [WARN] PackLoader:240 - Cannot read IP mode file for STMicroelectronics.FP-ATR-SIGFOX1.3.2.0
2025-04-24 13:31:18,784 [WARN] PackLoader:240 - Cannot read IP mode file for STMicroelectronics.X-CUBE-EEPRMA1.5.1.0
2025-04-24 13:31:18,795 [WARN] PackLoader:240 - Cannot read IP mode file for wolfSSL.I-CUBE-wolfSSL.5.7.6
2025-04-24 13:31:18,808 [WARN] PackLoader:240 - Cannot read IP mode file for ITTIA_DB.I-CUBE-ITTIADB.8.9.0
2025-04-24 13:31:18,857 [WARN] PackLoader:240 - Cannot read IP mode file for SEGGER.I-CUBE-embOS.1.3.1
2025-04-24 13:31:18,920 [INFO] WebApp:463 - Apply proxy settings
2025-04-24 13:31:18,921 [INFO] WebApp:548 - Chromium requires no authentication
2025-04-24 13:31:18,934 [WARN] PackLoader:240 - Cannot read IP mode file for STMicroelectronics.X-CUBE-ALGOBUILD.1.4.0
2025-04-24 13:31:18,945 [INFO] WebApp:491 - Direct internet connection detected
2025-04-24 13:31:18,960 [WARN] PackLoader:240 - Cannot read IP mode file for STMicroelectronics.X-CUBE-AZRTOS-F4.1.1.0
2025-04-24 13:31:18,972 [WARN] PackLoader:240 - Cannot read IP mode file for Avnet-IotConnect.X-CUBE-IoTC-DA16k-PMOD.1.0.0
2025-04-24 13:31:18,982 [WARN] PackLoader:240 - Cannot read IP mode file for STMicroelectronics.X-CUBE-ISPU.2.1.0
2025-04-24 13:31:19,001 [INFO] WebApp:894 - Register for checkConnection events
2025-04-24 13:31:19,002 [INFO] WebApp:463 - Apply proxy settings
2025-04-24 13:31:19,002 [INFO] WebApp:548 - Chromium requires no authentication
2025-04-24 13:31:19,003 [INFO] WebApp:491 - Direct internet connection detected
2025-04-24 13:31:19,013 [WARN] PackLoader:240 - Cannot read IP mode file for STMicroelectronics.X-CUBE-AZRTOS-L5.2.0.0
2025-04-24 13:31:19,031 [WARN] PackLoader:240 - Cannot read IP mode file for STMicroelectronics.X-CUBE-NFC6.3.1.0
2025-04-24 13:31:19,041 [WARN] PackLoader:240 - Cannot read IP mode file for STMicroelectronics.X-CUBE-DPower.1.2.0
2025-04-24 13:31:19,051 [WARN] PackLoader:240 - Cannot read IP mode file for STMicroelectronics.X-CUBE-FREERTOS.1.3.0
2025-04-24 13:31:19,060 [WARN] PackLoader:240 - Cannot read IP mode file for STMicroelectronics.X-CUBE-NFC7.1.0.1
2025-04-24 13:31:19,070 [WARN] PackLoader:240 - Cannot read IP mode file for STMicroelectronics.X-CUBE-DPower.1.3.0
2025-04-24 13:31:19,096 [WARN] ConditionMgr:438 - getConditionDescription Invalid condition id : LAN8742 Phy interface Condition cause : null
2025-04-24 13:31:19,098 [WARN] PackLoader:240 - Cannot read IP mode file for STMicroelectronics.X-CUBE-AZRTOS-L4.2.0.0
2025-04-24 13:31:19,101 [WARN] ConditionMgr:1044 - genDependencies : Invalid condition id : LAN8742 Phy interface Condition cause : null
2025-04-24 13:31:19,101 [WARN] ConditionMgr:1044 - genDependencies : Invalid condition id : LAN8742 Phy interface Condition cause : null
2025-04-24 13:31:19,103 [WARN] ConditionMgr:1044 - genDependencies : Invalid condition id : LAN8742 Phy interface Condition cause : null
2025-04-24 13:31:19,115 [WARN] PackLoader:240 - Cannot read IP mode file for STMicroelectronics.X-CUBE-SFXS2LP1.4.0.0
2025-04-24 13:31:19,143 [WARN] PackLoader:240 - Cannot read IP mode file for STMicroelectronics.X-CUBE-AZRTOS-H7.3.3.0
2025-04-24 13:31:19,166 [WARN] ConditionMgr:438 - getConditionDescription Invalid condition id : UX DEVICE CLASS RTOS Condition cause : null
2025-04-24 13:31:19,167 [WARN] ConditionMgr:438 - getConditionDescription Invalid condition id : UX DEVICE CLASS RTOS Condition cause : null
2025-04-24 13:31:19,183 [WARN] PackLoader:240 - Cannot read IP mode file for STMicroelectronics.X-CUBE-AZRTOS-WB.2.0.0
2025-04-24 13:31:19,185 [WARN] ConditionMgr:1044 - genDependencies : Invalid condition id : UX DEVICE CLASS RTOS Condition cause : null
2025-04-24 13:31:19,186 [WARN] ConditionMgr:1044 - genDependencies : Invalid condition id : UX DEVICE CLASS RTOS Condition cause : null
2025-04-24 13:31:19,187 [WARN] ConditionMgr:1044 - genDependencies : Invalid condition id : UX DEVICE CLASS RTOS Condition cause : null
2025-04-24 13:31:19,188 [WARN] ConditionMgr:1044 - genDependencies : Invalid condition id : UX DEVICE CLASS RTOS Condition cause : null
2025-04-24 13:31:19,188 [WARN] ConditionMgr:1044 - genDependencies : Invalid condition id : UX DEVICE CLASS RTOS Condition cause : null
2025-04-24 13:31:19,202 [WARN] PackLoader:240 - Cannot read IP mode file for STMicroelectronics.X-CUBE-GNSS1.7.0.1
2025-04-24 13:31:19,216 [WARN] PackLoader:240 - Cannot read IP mode file for STMicroelectronics.X-CUBE-TOUCHGFX.4.25.0
2025-04-24 13:31:19,233 [WARN] PackLoader:240 - Cannot read IP mode file for STMicroelectronics.FP-SNS-STBOX1.2.0.0
2025-04-24 13:31:19,253 [WARN] PackLoader:240 - Cannot read IP mode file for STMicroelectronics.X-CUBE-SUBG2.5.0.0
2025-04-24 13:31:19,292 [WARN] PackLoader:240 - Cannot read IP mode file for STMicroelectronics.X-CUBE-AZRTOS-H7RS.1.1.0
2025-04-24 13:31:19,307 [WARN] PackLoader:240 - Cannot read IP mode file for Cesanta.I-CUBE-Mongoose.7.13.0
2025-04-24 13:31:19,332 [WARN] PackLoader:240 - Cannot read IP mode file for STMicroelectronics.X-CUBE-AZRTOS-G4.2.0.0
2025-04-24 13:31:19,345 [WARN] PackLoader:240 - Cannot read IP mode file for wolfSSL.I-CUBE-wolfSSH.1.4.20
2025-04-24 13:31:19,368 [WARN] PackLoader:240 - Cannot read IP mode file for STMicroelectronics.X-CUBE-IPS.3.1.0
2025-04-24 13:31:19,387 [WARN] PackLoader:240 - Cannot read IP mode file for STMicroelectronics.X-CUBE-ALS.1.0.2
2025-04-24 13:31:19,405 [WARN] PackLoader:240 - Cannot read IP mode file for portGmbH.I-Cube-SoM-uGOAL.1.1.0
2025-04-24 13:31:19,446 [WARN] PackLoader:240 - Cannot read IP mode file for STMicroelectronics.X-CUBE-AZRTOS-H7RS.1.0.0
2025-04-24 13:31:19,460 [INFO] WebApp:191 - Connection restablished
2025-04-24 13:31:19,471 [WARN] PackLoader:240 - Cannot read IP mode file for STMicroelectronics.X-CUBE-TOF1.3.4.2
2025-04-24 13:31:19,513 [WARN] PackLoader:240 - Cannot read IP mode file for STMicroelectronics.X-CUBE-TOF1.3.4.3
2025-04-24 13:31:19,565 [INFO] ThirdParty:978 - Integrity check success = true
2025-04-24 13:31:19,566 [INFO] IntegrityCheckThread:100 - exiting critical section [integrity check]
2025-04-24 13:31:19,566 [INFO] IntegrityCheckThread:103 - End integrity checks thread
2025-04-24 13:31:19,589 [INFO] WebApp:225 - Starting web application
2025-04-24 13:31:19,589 [INFO] WebApp:593 - Web application path used C:\ST\STM32CubeIDE_1.18.0\STM32CubeIDE\plugins\com.st.stm32cube.common.mx_6.14.0.202502271554\db\plugins\mcufinder\reactClient1\index.html
2025-04-24 13:31:20,289 [INFO] UserAuth:486 - Internet connection configuration mode: 1
2025-04-24 15:53:57,941 [ERROR] LogOutputStream:75 - [STDERR_REDIRECT] 
