2025-05-13 10:37:36,095 [INFO] Activator:176 - 


2025-05-13 10:37:36,101 [INFO] Activator:177 - !SESSION log4j initialized
2025-05-13 10:37:50,039 [INFO] LogOutputStream:77 - [STDOUT_REDIRECT] 
2025-05-13 10:37:55,364 [INFO] ApplicationProperties:184 - Using Application install path: C:\ST\STM32CubeIDE_1.18.0\STM32CubeIDE\plugins\com.st.stm32cube.common.mx_6.14.0.202502271554
2025-05-13 10:37:55,403 [INFO] DbMcusXml:78 - Set database path to: C:\ST\STM32CubeIDE_1.18.0\STM32CubeIDE\plugins\com.st.stm32cube.common.mx_6.14.0.202502271554\\db\/mcu/
2025-05-13 10:37:55,404 [INFO] ApiDb:274 - Set plugin database path to: C:\ST\STM32CubeIDE_1.18.0\STM32CubeIDE\plugins\com.st.stm32cube.common.mx_6.14.0.202502271554\\db\/plugins/boardmanager/
2025-05-13 10:37:55,407 [WARN] ApiDb:259 - Overriding images path with different value:  => C:\ST\STM32CubeIDE_1.18.0\STM32CubeIDE\plugins\com.st.stm32cube.common.mx_6.14.0.202502271554\\db\/plugins/mcufinder/images/
2025-05-13 10:37:55,428 [INFO] ApiDb:250 - Set database path to: C:\Users\bjosu\.stmcufinder\plugins\mcufinder//mcu/
2025-05-13 10:37:55,430 [INFO] DbMcusAds:125 - Set database path to: C:\Users\bjosu\.stmcufinder\plugins\mcufinder//mcu/
2025-05-13 10:37:55,434 [INFO] CrossReferenceDbSqlite:203 - Set database path to: C:\Users\bjosu\.stmcufinder\plugins\mcufinder//mcu/cs/
2025-05-13 10:37:55,684 [INFO] RulesReader:64 - Compatibility file has been processed (301 Rules)
2025-05-13 10:37:55,884 [INFO] DbMcusXml:78 - Set database path to: C:\ST\STM32CubeIDE_1.18.0\STM32CubeIDE\plugins\com.st.stm32cube.common.mx_6.14.0.202502271554\\db\/mcu/
2025-05-13 10:37:55,884 [INFO] ApiDb:274 - Set plugin database path to: C:\ST\STM32CubeIDE_1.18.0\STM32CubeIDE\plugins\com.st.stm32cube.common.mx_6.14.0.202502271554\\db\/plugins/boardmanager/
2025-05-13 10:37:55,885 [INFO] ApiDb:261 - Set plugin images path to: C:\ST\STM32CubeIDE_1.18.0\STM32CubeIDE\plugins\com.st.stm32cube.common.mx_6.14.0.202502271554\\db\/plugins/mcufinder/images/
2025-05-13 10:37:55,885 [WARN] DbFile:41 - Overriding database path with different value: C:\Users\bjosu\.stmcufinder\plugins\mcufinder/ => C:\Users\bjosu\.stmcufinder\plugins\mcufinder
2025-05-13 10:37:55,885 [INFO] ApiDb:250 - Set database path to: C:\Users\bjosu\.stmcufinder\plugins\mcufinder//mcu/
2025-05-13 10:37:55,885 [WARN] DbFile:41 - Overriding database path with different value: C:\Users\bjosu\.stmcufinder\plugins\mcufinder/ => C:\Users\bjosu\.stmcufinder\plugins\mcufinder
2025-05-13 10:37:55,885 [INFO] DbMcusAds:125 - Set database path to: C:\Users\bjosu\.stmcufinder\plugins\mcufinder//mcu/
2025-05-13 10:37:55,885 [WARN] DbFile:41 - Overriding database path with different value: C:\Users\bjosu\.stmcufinder\plugins\mcufinder/ => C:\Users\bjosu\.stmcufinder\plugins\mcufinder
2025-05-13 10:37:55,885 [WARN] DbFile:41 - Overriding database path with different value: C:\Users\bjosu\.stmcufinder\plugins\mcufinder/ => C:\Users\bjosu\.stmcufinder\plugins\mcufinder
2025-05-13 10:37:55,886 [INFO] CrossReferenceDbSqlite:203 - Set database path to: C:\Users\bjosu\.stmcufinder\plugins\mcufinder//mcu/cs/
2025-05-13 10:37:56,096 [INFO] MainPanel:272 - HeapMemory: 268435456
2025-05-13 10:37:56,297 [INFO] DbMcusXml:78 - Set database path to: C:\ST\STM32CubeIDE_1.18.0\STM32CubeIDE\plugins\com.st.stm32cube.common.mx_6.14.0.202502271554\\db\/mcu/
2025-05-13 10:37:56,298 [INFO] ApiDb:274 - Set plugin database path to: C:\ST\STM32CubeIDE_1.18.0\STM32CubeIDE\plugins\com.st.stm32cube.common.mx_6.14.0.202502271554\\db\/plugins/boardmanager/
2025-05-13 10:37:56,298 [INFO] ApiDb:261 - Set plugin images path to: C:\ST\STM32CubeIDE_1.18.0\STM32CubeIDE\plugins\com.st.stm32cube.common.mx_6.14.0.202502271554\\db\/plugins/mcufinder/images/
2025-05-13 10:37:56,298 [WARN] DbFile:41 - Overriding database path with different value: C:\Users\bjosu\.stmcufinder\plugins\mcufinder/ => C:\Users\bjosu\.stmcufinder\plugins\mcufinder
2025-05-13 10:37:56,298 [INFO] ApiDb:250 - Set database path to: C:\Users\bjosu\.stmcufinder\plugins\mcufinder//mcu/
2025-05-13 10:37:56,298 [WARN] DbFile:41 - Overriding database path with different value: C:\Users\bjosu\.stmcufinder\plugins\mcufinder/ => C:\Users\bjosu\.stmcufinder\plugins\mcufinder
2025-05-13 10:37:56,299 [INFO] DbMcusAds:125 - Set database path to: C:\Users\bjosu\.stmcufinder\plugins\mcufinder//mcu/
2025-05-13 10:37:56,299 [WARN] DbFile:41 - Overriding database path with different value: C:\Users\bjosu\.stmcufinder\plugins\mcufinder/ => C:\Users\bjosu\.stmcufinder\plugins\mcufinder
2025-05-13 10:37:56,299 [WARN] DbFile:41 - Overriding database path with different value: C:\Users\bjosu\.stmcufinder\plugins\mcufinder/ => C:\Users\bjosu\.stmcufinder\plugins\mcufinder
2025-05-13 10:37:56,299 [INFO] CrossReferenceDbSqlite:203 - Set database path to: C:\Users\bjosu\.stmcufinder\plugins\mcufinder//mcu/cs/
2025-05-13 10:37:56,333 [INFO] ApplicationProperties:184 - Using Application install path: C:\ST\STM32CubeIDE_1.18.0\STM32CubeIDE\plugins\com.st.stm32cube.common.mx_6.14.0.202502271554
2025-05-13 10:37:56,335 [INFO] PluginManage:196 - Search for loadable plugins [exclusion list=, ]
2025-05-13 10:37:56,341 [INFO] PluginManage:310 - Check plugin analytics
2025-05-13 10:37:56,791 [INFO] AnalyticsPlugin:253 - Accepted Software Licenses: 
2025-05-13 10:37:56,792 [INFO] AnalyticsPlugin:255 - Accepted CMSIS Pack Licenses: 
2025-05-13 10:37:56,793 [INFO] AnalyticsPlugin:257 - Accepted Firmware Licenses: FW.F4.1.28.0
2025-05-13 10:37:56,800 [INFO] PluginManage:359 - Loaded plugin analytics (category:tool,tabindex:-1)
2025-05-13 10:37:56,801 [INFO] PluginManage:310 - Check plugin cadmodel
2025-05-13 10:37:56,816 [INFO] CADModel:105 - Init CAD model plugin
2025-05-13 10:37:56,817 [INFO] PluginManage:359 - Loaded plugin cadmodel (category:power,tabindex:5)
2025-05-13 10:37:56,817 [INFO] PluginManage:310 - Check plugin clock
2025-05-13 10:37:56,848 [INFO] PluginManage:359 - Loaded plugin clock (category:base,tabindex:2)
2025-05-13 10:37:56,848 [INFO] PluginManage:310 - Check plugin ddr
2025-05-13 10:37:56,854 [INFO] PluginManage:359 - Loaded plugin ddr (category:tool,tabindex:6)
2025-05-13 10:37:56,855 [INFO] PluginManage:310 - Check plugin filemanager
2025-05-13 10:37:57,280 [INFO] PluginManage:359 - Loaded plugin filemanager (category:base,tabindex:10)
2025-05-13 10:37:57,281 [INFO] PluginManage:310 - Check plugin ipmanager
2025-05-13 10:37:57,294 [INFO] PluginManage:359 - Loaded plugin ipmanager (category:base,tabindex:5)
2025-05-13 10:37:57,294 [INFO] PluginManage:310 - Check plugin lpbam
2025-05-13 10:37:57,310 [INFO] PluginManage:359 - Loaded plugin lpbam (category:base,tabindex:0)
2025-05-13 10:37:57,310 [INFO] PluginManage:310 - Check plugin memorymap
2025-05-13 10:37:57,334 [INFO] PluginManage:359 - Loaded plugin memorymap (category:base,tabindex:4)
2025-05-13 10:37:57,334 [INFO] PluginManage:310 - Check plugin pinoutandconfiguration
2025-05-13 10:37:57,360 [INFO] PluginManage:359 - Loaded plugin pinoutandconfiguration (category:base,tabindex:1)
2025-05-13 10:37:57,361 [INFO] PluginManage:310 - Check plugin pinoutconfig
2025-05-13 10:37:57,527 [WARN] SupportedApi:132 - Cannot load RTOS API schema: s4s-elt-must-match.1: The content of 'definitions' must match (annotation?, (simpleType | complexType)?, (unique | key | keyref)*)). A problem was found starting at: attribute.
2025-05-13 10:37:57,766 [INFO] PluginManage:359 - Loaded plugin pinoutconfig (category:base,tabindex:0)
2025-05-13 10:37:57,766 [INFO] PluginManage:310 - Check plugin power
2025-05-13 10:37:57,787 [INFO] PluginManage:359 - Loaded plugin power (category:power,tabindex:4)
2025-05-13 10:37:57,787 [INFO] PluginManage:310 - Check plugin projectmanager
2025-05-13 10:37:57,818 [INFO] PluginManage:359 - Loaded plugin projectmanager (category:projectmanager,tabindex:4)
2025-05-13 10:37:57,818 [INFO] PluginManage:310 - Check plugin rif
2025-05-13 10:37:57,833 [INFO] PluginManage:359 - Loaded plugin rif (category:base,tabindex:3)
2025-05-13 10:37:57,834 [INFO] PluginManage:310 - Check plugin thirdparty
2025-05-13 10:37:58,101 [INFO] PluginManage:359 - Loaded plugin thirdparty (category:base,tabindex:-1)
2025-05-13 10:37:58,101 [WARN] IntegrityCheckThread:84 - waiting for thirdparty lock release [integrity check]
2025-05-13 10:37:58,102 [INFO] PluginManage:310 - Check plugin tools
2025-05-13 10:37:58,102 [INFO] IntegrityCheckThread:86 - entering critical section [integrity check]
2025-05-13 10:37:58,104 [INFO] ThirdPartyUpdaterWithRetryManager:70 - Updater plugin not ready yet. [1/15]
2025-05-13 10:37:58,110 [INFO] PluginManage:359 - Loaded plugin tools (category:base,tabindex:7)
2025-05-13 10:37:58,110 [INFO] PluginManage:310 - Check plugin tutovideos
2025-05-13 10:37:58,409 [INFO] PluginManage:359 - Loaded plugin tutovideos (category:base,tabindex:-1)
2025-05-13 10:37:58,410 [INFO] PluginManage:310 - Check plugin updater
2025-05-13 10:37:58,446 [INFO] PluginManage:359 - Loaded plugin updater (category:base,tabindex:12)
2025-05-13 10:37:58,447 [INFO] PluginManage:310 - Check plugin userauth
2025-05-13 10:37:58,454 [INFO] UserAuth:118 - Init User Auth plugin
2025-05-13 10:37:58,456 [INFO] PluginManage:359 - Loaded plugin userauth (category:base,tabindex:14)
2025-05-13 10:37:58,457 [INFO] PluginManage:283 - PluginManage : Loaded plugins [18]
2025-05-13 10:37:58,918 [INFO] PinOutPanel:1589 - setPackage(No Configuration,No Configuration)
2025-05-13 10:37:59,091 [INFO] CADModel:165 - CPN selected for project level
2025-05-13 10:37:59,091 [INFO] CADModel:114 - Register for checkConnection events
2025-05-13 10:37:59,138 [INFO] IPUIPlugin:80 - create IPUIPlugin
2025-05-13 10:37:59,139 [INFO] PluginManager:220 - loadIPPluginJar : add adc
2025-05-13 10:37:59,145 [INFO] IPUIPlugin:80 - create IPUIPlugin
2025-05-13 10:37:59,145 [INFO] PluginManager:220 - loadIPPluginJar : add aes
2025-05-13 10:37:59,151 [INFO] IPUIPlugin:80 - create IPUIPlugin
2025-05-13 10:37:59,151 [INFO] PluginManager:220 - loadIPPluginJar : add can
2025-05-13 10:37:59,156 [INFO] IPUIPlugin:80 - create IPUIPlugin
2025-05-13 10:37:59,156 [INFO] PluginManager:220 - loadIPPluginJar : add comp
2025-05-13 10:37:59,162 [INFO] IPUIPlugin:80 - create IPUIPlugin
2025-05-13 10:37:59,162 [INFO] PluginManager:220 - loadIPPluginJar : add cryp
2025-05-13 10:37:59,170 [INFO] IPUIPlugin:80 - create IPUIPlugin
2025-05-13 10:37:59,171 [INFO] PluginManager:220 - loadIPPluginJar : add ddr_ctrl_phy
2025-05-13 10:37:59,176 [INFO] IPUIPlugin:80 - create IPUIPlugin
2025-05-13 10:37:59,177 [INFO] PluginManager:220 - loadIPPluginJar : add dfsdm
2025-05-13 10:37:59,185 [INFO] IPUIPlugin:80 - create IPUIPlugin
2025-05-13 10:37:59,186 [INFO] PluginManager:220 - loadIPPluginJar : add dma
2025-05-13 10:37:59,193 [INFO] IPUIPlugin:80 - create IPUIPlugin
2025-05-13 10:37:59,193 [INFO] PluginManager:220 - loadIPPluginJar : add dma3
2025-05-13 10:37:59,199 [INFO] IPUIPlugin:80 - create IPUIPlugin
2025-05-13 10:37:59,199 [INFO] PluginManager:220 - loadIPPluginJar : add extmemmanager
2025-05-13 10:37:59,206 [INFO] IPUIPlugin:80 - create IPUIPlugin
2025-05-13 10:37:59,206 [INFO] PluginManager:220 - loadIPPluginJar : add fatfs
2025-05-13 10:37:59,214 [INFO] IPUIPlugin:80 - create IPUIPlugin
2025-05-13 10:37:59,214 [INFO] PluginManager:220 - loadIPPluginJar : add fmc
2025-05-13 10:37:59,225 [INFO] IPUIPlugin:80 - create IPUIPlugin
2025-05-13 10:37:59,226 [INFO] PluginManager:220 - loadIPPluginJar : add freertos
2025-05-13 10:37:59,229 [INFO] IPUIPlugin:80 - create IPUIPlugin
2025-05-13 10:37:59,229 [INFO] PluginManager:220 - loadIPPluginJar : add genericplugin
2025-05-13 10:37:59,235 [INFO] IPUIPlugin:80 - create IPUIPlugin
2025-05-13 10:37:59,236 [INFO] PluginManager:220 - loadIPPluginJar : add gfxmmu
2025-05-13 10:37:59,243 [INFO] IPUIPlugin:80 - create IPUIPlugin
2025-05-13 10:37:59,243 [INFO] PluginManager:220 - loadIPPluginJar : add gic
2025-05-13 10:37:59,251 [INFO] IPUIPlugin:80 - create IPUIPlugin
2025-05-13 10:37:59,251 [INFO] PluginManager:220 - loadIPPluginJar : add gpio
2025-05-13 10:37:59,258 [INFO] IPUIPlugin:80 - create IPUIPlugin
2025-05-13 10:37:59,258 [INFO] PluginManager:220 - loadIPPluginJar : add gtzc
2025-05-13 10:37:59,262 [INFO] IPUIPlugin:80 - create IPUIPlugin
2025-05-13 10:37:59,262 [INFO] PluginManager:220 - loadIPPluginJar : add hash
2025-05-13 10:37:59,267 [INFO] IPUIPlugin:80 - create IPUIPlugin
2025-05-13 10:37:59,267 [INFO] PluginManager:220 - loadIPPluginJar : add i2c
2025-05-13 10:37:59,275 [INFO] IPUIPlugin:80 - create IPUIPlugin
2025-05-13 10:37:59,275 [INFO] PluginManager:220 - loadIPPluginJar : add i2s
2025-05-13 10:37:59,280 [INFO] IPUIPlugin:80 - create IPUIPlugin
2025-05-13 10:37:59,280 [INFO] PluginManager:220 - loadIPPluginJar : add i3c
2025-05-13 10:37:59,287 [INFO] IPUIPlugin:80 - create IPUIPlugin
2025-05-13 10:37:59,287 [INFO] PluginManager:220 - loadIPPluginJar : add ipddr
2025-05-13 10:37:59,298 [INFO] IPUIPlugin:80 - create IPUIPlugin
2025-05-13 10:37:59,298 [INFO] PluginManager:220 - loadIPPluginJar : add linkedlist
2025-05-13 10:37:59,305 [INFO] IPUIPlugin:80 - create IPUIPlugin
2025-05-13 10:37:59,305 [INFO] PluginManager:220 - loadIPPluginJar : add lorawan
2025-05-13 10:37:59,308 [INFO] IPUIPlugin:80 - create IPUIPlugin
2025-05-13 10:37:59,308 [INFO] PluginManager:220 - loadIPPluginJar : add ltdc
2025-05-13 10:37:59,316 [INFO] IPUIPlugin:80 - create IPUIPlugin
2025-05-13 10:37:59,316 [INFO] PluginManager:220 - loadIPPluginJar : add mdma
2025-05-13 10:37:59,325 [INFO] IPUIPlugin:80 - create IPUIPlugin
2025-05-13 10:37:59,325 [INFO] PluginManager:220 - loadIPPluginJar : add nvic
2025-05-13 10:37:59,330 [INFO] IPUIPlugin:80 - create IPUIPlugin
2025-05-13 10:37:59,330 [INFO] PluginManager:220 - loadIPPluginJar : add opamp
2025-05-13 10:37:59,340 [INFO] IPUIPlugin:80 - create IPUIPlugin
2025-05-13 10:37:59,340 [INFO] PluginManager:220 - loadIPPluginJar : add openamp
2025-05-13 10:37:59,347 [INFO] IPUIPlugin:80 - create IPUIPlugin
2025-05-13 10:37:59,347 [INFO] PluginManager:220 - loadIPPluginJar : add pdm2pcm
2025-05-13 10:37:59,359 [INFO] IPUIPlugin:80 - create IPUIPlugin
2025-05-13 10:37:59,363 [INFO] PluginManager:220 - loadIPPluginJar : add plateformsettings
2025-05-13 10:37:59,366 [INFO] IPUIPlugin:80 - create IPUIPlugin
2025-05-13 10:37:59,366 [INFO] PluginManager:220 - loadIPPluginJar : add quadspi
2025-05-13 10:37:59,372 [INFO] IPUIPlugin:80 - create IPUIPlugin
2025-05-13 10:37:59,373 [INFO] PluginManager:220 - loadIPPluginJar : add radio
2025-05-13 10:37:59,378 [INFO] IPUIPlugin:80 - create IPUIPlugin
2025-05-13 10:37:59,378 [INFO] PluginManager:220 - loadIPPluginJar : add resmgrutility
2025-05-13 10:37:59,382 [INFO] IPUIPlugin:80 - create IPUIPlugin
2025-05-13 10:37:59,382 [INFO] PluginManager:220 - loadIPPluginJar : add sai
2025-05-13 10:37:59,388 [INFO] IPUIPlugin:80 - create IPUIPlugin
2025-05-13 10:37:59,388 [INFO] PluginManager:220 - loadIPPluginJar : add spi
2025-05-13 10:37:59,398 [INFO] IPUIPlugin:80 - create IPUIPlugin
2025-05-13 10:37:59,398 [INFO] PluginManager:220 - loadIPPluginJar : add stm32_wpan
2025-05-13 10:37:59,406 [INFO] IPUIPlugin:80 - create IPUIPlugin
2025-05-13 10:37:59,406 [INFO] PluginManager:220 - loadIPPluginJar : add tim
2025-05-13 10:37:59,411 [INFO] IPUIPlugin:80 - create IPUIPlugin
2025-05-13 10:37:59,412 [INFO] PluginManager:220 - loadIPPluginJar : add touchsensing
2025-05-13 10:37:59,415 [INFO] IPUIPlugin:80 - create IPUIPlugin
2025-05-13 10:37:59,416 [INFO] PluginManager:220 - loadIPPluginJar : add tracer_emb
2025-05-13 10:37:59,422 [INFO] IPUIPlugin:80 - create IPUIPlugin
2025-05-13 10:37:59,423 [INFO] PluginManager:220 - loadIPPluginJar : add ts
2025-05-13 10:37:59,427 [INFO] IPUIPlugin:80 - create IPUIPlugin
2025-05-13 10:37:59,427 [INFO] PluginManager:220 - loadIPPluginJar : add tsc
2025-05-13 10:37:59,431 [INFO] IPUIPlugin:80 - create IPUIPlugin
2025-05-13 10:37:59,432 [INFO] PluginManager:220 - loadIPPluginJar : add ucpd
2025-05-13 10:37:59,440 [INFO] IPUIPlugin:80 - create IPUIPlugin
2025-05-13 10:37:59,441 [INFO] PluginManager:220 - loadIPPluginJar : add usart
2025-05-13 10:37:59,447 [INFO] IPUIPlugin:80 - create IPUIPlugin
2025-05-13 10:37:59,448 [INFO] PluginManager:220 - loadIPPluginJar : add usbx
2025-05-13 10:37:59,663 [FATAL] Updater:351 - Updater called before beeing initialized
2025-05-13 10:37:59,717 [INFO] RulesReader:64 - Compatibility file has been processed (301 Rules)
2025-05-13 10:37:59,735 [INFO] RulesReader:64 - Compatibility file has been processed (301 Rules)
2025-05-13 10:37:59,755 [INFO] CADModel:165 - CPN selected for project level
2025-05-13 10:37:59,755 [INFO] CADModel:114 - Register for checkConnection events
2025-05-13 10:37:59,755 [FATAL] Updater:351 - Updater called before beeing initialized
2025-05-13 10:37:59,756 [ERROR] CADModel:125 - Updater not yet initialized, retry later 
2025-05-13 10:38:00,097 [FATAL] Updater:351 - Updater called before beeing initialized
2025-05-13 10:38:00,103 [INFO] CADModel:165 - CPN selected for project level
2025-05-13 10:38:00,104 [INFO] CADModel:114 - Register for checkConnection events
2025-05-13 10:38:00,104 [FATAL] Updater:351 - Updater called before beeing initialized
2025-05-13 10:38:00,105 [ERROR] CADModel:125 - Updater not yet initialized, retry later 
2025-05-13 10:38:00,116 [FATAL] Updater:351 - Updater called before beeing initialized
2025-05-13 10:38:00,414 [FATAL] Updater:351 - Updater called before beeing initialized
2025-05-13 10:38:00,421 [INFO] DbMcusAds:53 - JSON generation date=Wed May 07 03:07:55 CST 2025 (1746608875513)
2025-05-13 10:38:00,421 [FATAL] Updater:351 - Updater called before beeing initialized
2025-05-13 10:38:00,476 [WARN] DetailPanel:346 - Failed to get advertising image, set to default
2025-05-13 10:38:00,851 [FATAL] Updater:351 - Updater called before beeing initialized
2025-05-13 10:38:00,854 [FATAL] Updater:351 - Updater called before beeing initialized
2025-05-13 10:38:00,854 [FATAL] Updater:351 - Updater called before beeing initialized
2025-05-13 10:38:00,854 [WARN] DetailPanel:346 - Failed to get advertising image, set to default
2025-05-13 10:38:00,856 [FATAL] Updater:351 - Updater called before beeing initialized
2025-05-13 10:38:00,950 [ERROR] Updater:1198 - MainUpdater not yet initialized. External WinMGr cannot be set.
2025-05-13 10:38:00,955 [INFO] Updater:1134 - Updater Version found : 6.14.0
2025-05-13 10:38:01,000 [INFO] ApplicationProperties:184 - Using Application install path: C:\ST\STM32CubeIDE_1.18.0\STM32CubeIDE\plugins\com.st.stm32cube.common.mx_6.14.0.202502271554
2025-05-13 10:38:01,105 [INFO] ThirdPartyUpdaterWithRetryManager:70 - Updater plugin not ready yet. [2/15]
2025-05-13 10:38:02,609 [ERROR] LogOutputStream:75 - [STDERR_REDIRECT] May 13, 2025 10:38:02 AM java.util.prefs.WindowsPreferences <init>
2025-05-13 10:38:02,612 [ERROR] LogOutputStream:75 - [STDERR_REDIRECT] WARNING: Could not open/create prefs root node Software\JavaSoft\Prefs at root 0xffffffff80000002. Windows RegCreateKeyEx(...) returned error code 5.
2025-05-13 10:38:02,613 [ERROR] LogOutputStream:75 - [STDERR_REDIRECT] 
2025-05-13 10:38:04,108 [FATAL] Updater:351 - Updater called before beeing initialized
2025-05-13 10:38:04,108 [ERROR] IntegrityCheckThread:130 - Cannot retrieve database content from updater: error 21
2025-05-13 10:38:04,109 [INFO] ThirdParty:978 - Integrity check success = false
2025-05-13 10:38:04,109 [INFO] IntegrityCheckThread:100 - exiting critical section [integrity check]
2025-05-13 10:38:04,109 [INFO] IntegrityCheckThread:103 - End integrity checks thread
2025-05-13 10:38:04,113 [INFO] MainUpdater:2872 - connection check result : 10
2025-05-13 10:38:04,116 [INFO] MainUpdater:289 - Updater Check For Update Now.
2025-05-13 10:38:04,117 [INFO] MicroXplorer:498 - Change Database Version : DB.6.0.140
2025-05-13 10:38:04,124 [INFO] McuFinderGlobals:63 - Set McuFinder mode to 2 (CubeIDE integrated)
2025-05-13 10:38:04,126 [INFO] UserAuth:486 - Internet connection configuration mode: 1
2025-05-13 10:38:04,167 [INFO] JxBrowserEngine:152 - Initiate JxBrowser Engine with user profile folder
2025-05-13 10:38:04,361 [INFO] CheckServerUpdateThread:120 - End of CheckServer Thread
2025-05-13 10:38:06,254 [INFO] WebApp:169 - Instantiating new browser for Auth
2025-05-13 10:38:08,802 [INFO] WebApp:463 - Apply proxy settings
2025-05-13 10:38:08,803 [INFO] WebApp:548 - Chromium requires no authentication
2025-05-13 10:38:08,817 [INFO] WebApp:491 - Direct internet connection detected
2025-05-13 10:38:08,872 [INFO] WebApp:894 - Register for checkConnection events
2025-05-13 10:38:08,872 [INFO] WebApp:463 - Apply proxy settings
2025-05-13 10:38:08,872 [INFO] WebApp:548 - Chromium requires no authentication
2025-05-13 10:38:08,873 [INFO] WebApp:491 - Direct internet connection detected
2025-05-13 10:38:09,198 [INFO] WebApp:191 - Connection restablished
2025-05-13 10:38:09,387 [INFO] WebApp:225 - Starting web application
2025-05-13 10:38:09,388 [INFO] WebApp:593 - Web application path used C:\ST\STM32CubeIDE_1.18.0\STM32CubeIDE\plugins\com.st.stm32cube.common.mx_6.14.0.202502271554\db\plugins\mcufinder\reactClient1\index.html
2025-05-13 10:38:10,386 [INFO] UserAuth:486 - Internet connection configuration mode: 1
2025-05-13 10:51:44,285 [INFO] WebApp:194 - Connection lost
2025-05-13 10:51:45,643 [INFO] WebApp:191 - Connection restablished
2025-05-13 12:07:28,984 [INFO] WebApp:194 - Connection lost
2025-05-13 12:07:44,297 [INFO] WebApp:191 - Connection restablished
2025-05-13 12:32:11,607 [ERROR] LogOutputStream:75 - [STDERR_REDIRECT] 
