2025-04-18 11:56:59,170 [INFO] Activator:176 - 


2025-04-18 11:56:59,180 [INFO] Activator:177 - !SESSION log4j initialized
2025-04-18 11:57:11,405 [INFO] LogOutputStream:77 - [STDOUT_REDIRECT] 
2025-04-18 11:57:16,656 [INFO] ApplicationProperties:184 - Using Application install path: C:\ST\STM32CubeIDE_1.18.0\STM32CubeIDE\plugins\com.st.stm32cube.common.mx_6.14.0.202502271554
2025-04-18 11:57:16,704 [INFO] DbMcusXml:78 - Set database path to: C:\ST\STM32CubeIDE_1.18.0\STM32CubeIDE\plugins\com.st.stm32cube.common.mx_6.14.0.202502271554\\db\/mcu/
2025-04-18 11:57:16,705 [INFO] ApiDb:274 - Set plugin database path to: C:\ST\STM32CubeIDE_1.18.0\STM32CubeIDE\plugins\com.st.stm32cube.common.mx_6.14.0.202502271554\\db\/plugins/boardmanager/
2025-04-18 11:57:16,706 [WARN] ApiDb:259 - Overriding images path with different value:  => C:\ST\STM32CubeIDE_1.18.0\STM32CubeIDE\plugins\com.st.stm32cube.common.mx_6.14.0.202502271554\\db\/plugins/mcufinder/images/
2025-04-18 11:57:16,733 [INFO] ApiDb:250 - Set database path to: C:\Users\bjosu\.stmcufinder\plugins\mcufinder//mcu/
2025-04-18 11:57:16,736 [INFO] DbMcusAds:125 - Set database path to: C:\Users\bjosu\.stmcufinder\plugins\mcufinder//mcu/
2025-04-18 11:57:16,746 [INFO] CrossReferenceDbSqlite:203 - Set database path to: C:\Users\bjosu\.stmcufinder\plugins\mcufinder//mcu/cs/
2025-04-18 11:57:16,998 [INFO] RulesReader:64 - Compatibility file has been processed (301 Rules)
2025-04-18 11:57:17,228 [INFO] DbMcusXml:78 - Set database path to: C:\ST\STM32CubeIDE_1.18.0\STM32CubeIDE\plugins\com.st.stm32cube.common.mx_6.14.0.202502271554\\db\/mcu/
2025-04-18 11:57:17,228 [INFO] ApiDb:274 - Set plugin database path to: C:\ST\STM32CubeIDE_1.18.0\STM32CubeIDE\plugins\com.st.stm32cube.common.mx_6.14.0.202502271554\\db\/plugins/boardmanager/
2025-04-18 11:57:17,229 [INFO] ApiDb:261 - Set plugin images path to: C:\ST\STM32CubeIDE_1.18.0\STM32CubeIDE\plugins\com.st.stm32cube.common.mx_6.14.0.202502271554\\db\/plugins/mcufinder/images/
2025-04-18 11:57:17,229 [WARN] DbFile:41 - Overriding database path with different value: C:\Users\bjosu\.stmcufinder\plugins\mcufinder/ => C:\Users\bjosu\.stmcufinder\plugins\mcufinder
2025-04-18 11:57:17,229 [INFO] ApiDb:250 - Set database path to: C:\Users\bjosu\.stmcufinder\plugins\mcufinder//mcu/
2025-04-18 11:57:17,229 [WARN] DbFile:41 - Overriding database path with different value: C:\Users\bjosu\.stmcufinder\plugins\mcufinder/ => C:\Users\bjosu\.stmcufinder\plugins\mcufinder
2025-04-18 11:57:17,229 [INFO] DbMcusAds:125 - Set database path to: C:\Users\bjosu\.stmcufinder\plugins\mcufinder//mcu/
2025-04-18 11:57:17,230 [WARN] DbFile:41 - Overriding database path with different value: C:\Users\bjosu\.stmcufinder\plugins\mcufinder/ => C:\Users\bjosu\.stmcufinder\plugins\mcufinder
2025-04-18 11:57:17,230 [WARN] DbFile:41 - Overriding database path with different value: C:\Users\bjosu\.stmcufinder\plugins\mcufinder/ => C:\Users\bjosu\.stmcufinder\plugins\mcufinder
2025-04-18 11:57:17,230 [INFO] CrossReferenceDbSqlite:203 - Set database path to: C:\Users\bjosu\.stmcufinder\plugins\mcufinder//mcu/cs/
2025-04-18 11:57:17,376 [INFO] MainPanel:272 - HeapMemory: 268435456
2025-04-18 11:57:17,579 [INFO] DbMcusXml:78 - Set database path to: C:\ST\STM32CubeIDE_1.18.0\STM32CubeIDE\plugins\com.st.stm32cube.common.mx_6.14.0.202502271554\\db\/mcu/
2025-04-18 11:57:17,579 [INFO] ApiDb:274 - Set plugin database path to: C:\ST\STM32CubeIDE_1.18.0\STM32CubeIDE\plugins\com.st.stm32cube.common.mx_6.14.0.202502271554\\db\/plugins/boardmanager/
2025-04-18 11:57:17,580 [INFO] ApiDb:261 - Set plugin images path to: C:\ST\STM32CubeIDE_1.18.0\STM32CubeIDE\plugins\com.st.stm32cube.common.mx_6.14.0.202502271554\\db\/plugins/mcufinder/images/
2025-04-18 11:57:17,581 [WARN] DbFile:41 - Overriding database path with different value: C:\Users\bjosu\.stmcufinder\plugins\mcufinder/ => C:\Users\bjosu\.stmcufinder\plugins\mcufinder
2025-04-18 11:57:17,581 [INFO] ApiDb:250 - Set database path to: C:\Users\bjosu\.stmcufinder\plugins\mcufinder//mcu/
2025-04-18 11:57:17,581 [WARN] DbFile:41 - Overriding database path with different value: C:\Users\bjosu\.stmcufinder\plugins\mcufinder/ => C:\Users\bjosu\.stmcufinder\plugins\mcufinder
2025-04-18 11:57:17,581 [INFO] DbMcusAds:125 - Set database path to: C:\Users\bjosu\.stmcufinder\plugins\mcufinder//mcu/
2025-04-18 11:57:17,581 [WARN] DbFile:41 - Overriding database path with different value: C:\Users\bjosu\.stmcufinder\plugins\mcufinder/ => C:\Users\bjosu\.stmcufinder\plugins\mcufinder
2025-04-18 11:57:17,581 [WARN] DbFile:41 - Overriding database path with different value: C:\Users\bjosu\.stmcufinder\plugins\mcufinder/ => C:\Users\bjosu\.stmcufinder\plugins\mcufinder
2025-04-18 11:57:17,582 [INFO] CrossReferenceDbSqlite:203 - Set database path to: C:\Users\bjosu\.stmcufinder\plugins\mcufinder//mcu/cs/
2025-04-18 11:57:17,615 [INFO] ApplicationProperties:184 - Using Application install path: C:\ST\STM32CubeIDE_1.18.0\STM32CubeIDE\plugins\com.st.stm32cube.common.mx_6.14.0.202502271554
2025-04-18 11:57:17,617 [INFO] PluginManage:196 - Search for loadable plugins [exclusion list=, ]
2025-04-18 11:57:17,621 [INFO] PluginManage:310 - Check plugin analytics
2025-04-18 11:57:18,050 [INFO] AnalyticsPlugin:253 - Accepted Software Licenses: 
2025-04-18 11:57:18,051 [INFO] AnalyticsPlugin:255 - Accepted CMSIS Pack Licenses: 
2025-04-18 11:57:18,051 [INFO] AnalyticsPlugin:257 - Accepted Firmware Licenses: FW.F4.1.28.0
2025-04-18 11:57:18,058 [INFO] PluginManage:359 - Loaded plugin analytics (category:tool,tabindex:-1)
2025-04-18 11:57:18,059 [INFO] PluginManage:310 - Check plugin cadmodel
2025-04-18 11:57:18,072 [INFO] CADModel:105 - Init CAD model plugin
2025-04-18 11:57:18,074 [INFO] PluginManage:359 - Loaded plugin cadmodel (category:power,tabindex:5)
2025-04-18 11:57:18,075 [INFO] PluginManage:310 - Check plugin clock
2025-04-18 11:57:18,094 [INFO] PluginManage:359 - Loaded plugin clock (category:base,tabindex:2)
2025-04-18 11:57:18,094 [INFO] PluginManage:310 - Check plugin ddr
2025-04-18 11:57:18,099 [INFO] PluginManage:359 - Loaded plugin ddr (category:tool,tabindex:6)
2025-04-18 11:57:18,099 [INFO] PluginManage:310 - Check plugin filemanager
2025-04-18 11:57:18,433 [INFO] PluginManage:359 - Loaded plugin filemanager (category:base,tabindex:10)
2025-04-18 11:57:18,434 [INFO] PluginManage:310 - Check plugin ipmanager
2025-04-18 11:57:18,455 [INFO] PluginManage:359 - Loaded plugin ipmanager (category:base,tabindex:5)
2025-04-18 11:57:18,456 [INFO] PluginManage:310 - Check plugin lpbam
2025-04-18 11:57:18,476 [INFO] PluginManage:359 - Loaded plugin lpbam (category:base,tabindex:0)
2025-04-18 11:57:18,477 [INFO] PluginManage:310 - Check plugin memorymap
2025-04-18 11:57:18,509 [INFO] PluginManage:359 - Loaded plugin memorymap (category:base,tabindex:4)
2025-04-18 11:57:18,509 [INFO] PluginManage:310 - Check plugin pinoutandconfiguration
2025-04-18 11:57:18,525 [INFO] PluginManage:359 - Loaded plugin pinoutandconfiguration (category:base,tabindex:1)
2025-04-18 11:57:18,526 [INFO] PluginManage:310 - Check plugin pinoutconfig
2025-04-18 11:57:18,689 [WARN] SupportedApi:132 - Cannot load RTOS API schema: s4s-elt-must-match.1: The content of 'definitions' must match (annotation?, (simpleType | complexType)?, (unique | key | keyref)*)). A problem was found starting at: attribute.
2025-04-18 11:57:18,978 [INFO] PluginManage:359 - Loaded plugin pinoutconfig (category:base,tabindex:0)
2025-04-18 11:57:18,979 [INFO] PluginManage:310 - Check plugin power
2025-04-18 11:57:18,999 [INFO] PluginManage:359 - Loaded plugin power (category:power,tabindex:4)
2025-04-18 11:57:19,000 [INFO] PluginManage:310 - Check plugin projectmanager
2025-04-18 11:57:19,044 [INFO] PluginManage:359 - Loaded plugin projectmanager (category:projectmanager,tabindex:4)
2025-04-18 11:57:19,045 [INFO] PluginManage:310 - Check plugin rif
2025-04-18 11:57:19,063 [INFO] PluginManage:359 - Loaded plugin rif (category:base,tabindex:3)
2025-04-18 11:57:19,064 [INFO] PluginManage:310 - Check plugin thirdparty
2025-04-18 11:57:19,416 [INFO] PluginManage:359 - Loaded plugin thirdparty (category:base,tabindex:-1)
2025-04-18 11:57:19,416 [WARN] IntegrityCheckThread:84 - waiting for thirdparty lock release [integrity check]
2025-04-18 11:57:19,417 [INFO] PluginManage:310 - Check plugin tools
2025-04-18 11:57:19,417 [INFO] IntegrityCheckThread:86 - entering critical section [integrity check]
2025-04-18 11:57:19,418 [INFO] ThirdPartyUpdaterWithRetryManager:70 - Updater plugin not ready yet. [1/15]
2025-04-18 11:57:19,423 [INFO] PluginManage:359 - Loaded plugin tools (category:base,tabindex:7)
2025-04-18 11:57:19,423 [INFO] PluginManage:310 - Check plugin tutovideos
2025-04-18 11:57:19,808 [INFO] PluginManage:359 - Loaded plugin tutovideos (category:base,tabindex:-1)
2025-04-18 11:57:19,809 [INFO] PluginManage:310 - Check plugin updater
2025-04-18 11:57:19,904 [INFO] PluginManage:359 - Loaded plugin updater (category:base,tabindex:12)
2025-04-18 11:57:19,905 [INFO] PluginManage:310 - Check plugin userauth
2025-04-18 11:57:19,914 [INFO] UserAuth:118 - Init User Auth plugin
2025-04-18 11:57:19,915 [INFO] PluginManage:359 - Loaded plugin userauth (category:base,tabindex:14)
2025-04-18 11:57:19,916 [INFO] PluginManage:283 - PluginManage : Loaded plugins [18]
2025-04-18 11:57:20,397 [INFO] PinOutPanel:1589 - setPackage(No Configuration,No Configuration)
2025-04-18 11:57:20,599 [INFO] CADModel:165 - CPN selected for project level
2025-04-18 11:57:20,600 [INFO] CADModel:114 - Register for checkConnection events
2025-04-18 11:57:20,638 [INFO] IPUIPlugin:80 - create IPUIPlugin
2025-04-18 11:57:20,639 [INFO] PluginManager:220 - loadIPPluginJar : add adc
2025-04-18 11:57:20,644 [INFO] IPUIPlugin:80 - create IPUIPlugin
2025-04-18 11:57:20,644 [INFO] PluginManager:220 - loadIPPluginJar : add aes
2025-04-18 11:57:20,650 [INFO] IPUIPlugin:80 - create IPUIPlugin
2025-04-18 11:57:20,651 [INFO] PluginManager:220 - loadIPPluginJar : add can
2025-04-18 11:57:20,655 [INFO] IPUIPlugin:80 - create IPUIPlugin
2025-04-18 11:57:20,656 [INFO] PluginManager:220 - loadIPPluginJar : add comp
2025-04-18 11:57:20,660 [INFO] IPUIPlugin:80 - create IPUIPlugin
2025-04-18 11:57:20,661 [INFO] PluginManager:220 - loadIPPluginJar : add cryp
2025-04-18 11:57:20,670 [INFO] IPUIPlugin:80 - create IPUIPlugin
2025-04-18 11:57:20,671 [INFO] PluginManager:220 - loadIPPluginJar : add ddr_ctrl_phy
2025-04-18 11:57:20,676 [INFO] IPUIPlugin:80 - create IPUIPlugin
2025-04-18 11:57:20,676 [INFO] PluginManager:220 - loadIPPluginJar : add dfsdm
2025-04-18 11:57:20,685 [INFO] IPUIPlugin:80 - create IPUIPlugin
2025-04-18 11:57:20,686 [INFO] PluginManager:220 - loadIPPluginJar : add dma
2025-04-18 11:57:20,692 [INFO] IPUIPlugin:80 - create IPUIPlugin
2025-04-18 11:57:20,693 [INFO] PluginManager:220 - loadIPPluginJar : add dma3
2025-04-18 11:57:20,701 [INFO] IPUIPlugin:80 - create IPUIPlugin
2025-04-18 11:57:20,701 [INFO] PluginManager:220 - loadIPPluginJar : add extmemmanager
2025-04-18 11:57:20,705 [INFO] IPUIPlugin:80 - create IPUIPlugin
2025-04-18 11:57:20,706 [INFO] PluginManager:220 - loadIPPluginJar : add fatfs
2025-04-18 11:57:20,713 [INFO] IPUIPlugin:80 - create IPUIPlugin
2025-04-18 11:57:20,713 [INFO] PluginManager:220 - loadIPPluginJar : add fmc
2025-04-18 11:57:20,724 [INFO] IPUIPlugin:80 - create IPUIPlugin
2025-04-18 11:57:20,724 [INFO] PluginManager:220 - loadIPPluginJar : add freertos
2025-04-18 11:57:20,727 [INFO] IPUIPlugin:80 - create IPUIPlugin
2025-04-18 11:57:20,727 [INFO] PluginManager:220 - loadIPPluginJar : add genericplugin
2025-04-18 11:57:20,731 [INFO] IPUIPlugin:80 - create IPUIPlugin
2025-04-18 11:57:20,731 [INFO] PluginManager:220 - loadIPPluginJar : add gfxmmu
2025-04-18 11:57:20,742 [INFO] IPUIPlugin:80 - create IPUIPlugin
2025-04-18 11:57:20,742 [INFO] PluginManager:220 - loadIPPluginJar : add gic
2025-04-18 11:57:20,750 [INFO] IPUIPlugin:80 - create IPUIPlugin
2025-04-18 11:57:20,750 [INFO] PluginManager:220 - loadIPPluginJar : add gpio
2025-04-18 11:57:20,758 [INFO] IPUIPlugin:80 - create IPUIPlugin
2025-04-18 11:57:20,758 [INFO] PluginManager:220 - loadIPPluginJar : add gtzc
2025-04-18 11:57:20,764 [INFO] IPUIPlugin:80 - create IPUIPlugin
2025-04-18 11:57:20,764 [INFO] PluginManager:220 - loadIPPluginJar : add hash
2025-04-18 11:57:20,775 [INFO] IPUIPlugin:80 - create IPUIPlugin
2025-04-18 11:57:20,775 [INFO] PluginManager:220 - loadIPPluginJar : add i2c
2025-04-18 11:57:20,780 [INFO] IPUIPlugin:80 - create IPUIPlugin
2025-04-18 11:57:20,780 [INFO] PluginManager:220 - loadIPPluginJar : add i2s
2025-04-18 11:57:20,788 [INFO] IPUIPlugin:80 - create IPUIPlugin
2025-04-18 11:57:20,789 [INFO] PluginManager:220 - loadIPPluginJar : add i3c
2025-04-18 11:57:20,794 [INFO] IPUIPlugin:80 - create IPUIPlugin
2025-04-18 11:57:20,795 [INFO] PluginManager:220 - loadIPPluginJar : add ipddr
2025-04-18 11:57:20,809 [INFO] IPUIPlugin:80 - create IPUIPlugin
2025-04-18 11:57:20,809 [INFO] PluginManager:220 - loadIPPluginJar : add linkedlist
2025-04-18 11:57:20,814 [INFO] IPUIPlugin:80 - create IPUIPlugin
2025-04-18 11:57:20,815 [INFO] PluginManager:220 - loadIPPluginJar : add lorawan
2025-04-18 11:57:20,820 [INFO] IPUIPlugin:80 - create IPUIPlugin
2025-04-18 11:57:20,820 [INFO] PluginManager:220 - loadIPPluginJar : add ltdc
2025-04-18 11:57:20,829 [INFO] IPUIPlugin:80 - create IPUIPlugin
2025-04-18 11:57:20,829 [INFO] PluginManager:220 - loadIPPluginJar : add mdma
2025-04-18 11:57:20,841 [INFO] IPUIPlugin:80 - create IPUIPlugin
2025-04-18 11:57:20,843 [INFO] PluginManager:220 - loadIPPluginJar : add nvic
2025-04-18 11:57:20,851 [INFO] IPUIPlugin:80 - create IPUIPlugin
2025-04-18 11:57:20,851 [INFO] PluginManager:220 - loadIPPluginJar : add opamp
2025-04-18 11:57:20,858 [INFO] IPUIPlugin:80 - create IPUIPlugin
2025-04-18 11:57:20,859 [INFO] PluginManager:220 - loadIPPluginJar : add openamp
2025-04-18 11:57:20,864 [INFO] IPUIPlugin:80 - create IPUIPlugin
2025-04-18 11:57:20,864 [INFO] PluginManager:220 - loadIPPluginJar : add pdm2pcm
2025-04-18 11:57:20,879 [INFO] IPUIPlugin:80 - create IPUIPlugin
2025-04-18 11:57:20,886 [INFO] PluginManager:220 - loadIPPluginJar : add plateformsettings
2025-04-18 11:57:20,891 [INFO] IPUIPlugin:80 - create IPUIPlugin
2025-04-18 11:57:20,891 [INFO] PluginManager:220 - loadIPPluginJar : add quadspi
2025-04-18 11:57:20,895 [INFO] IPUIPlugin:80 - create IPUIPlugin
2025-04-18 11:57:20,896 [INFO] PluginManager:220 - loadIPPluginJar : add radio
2025-04-18 11:57:20,912 [INFO] IPUIPlugin:80 - create IPUIPlugin
2025-04-18 11:57:20,912 [INFO] PluginManager:220 - loadIPPluginJar : add resmgrutility
2025-04-18 11:57:20,919 [INFO] IPUIPlugin:80 - create IPUIPlugin
2025-04-18 11:57:20,920 [INFO] PluginManager:220 - loadIPPluginJar : add sai
2025-04-18 11:57:20,924 [INFO] IPUIPlugin:80 - create IPUIPlugin
2025-04-18 11:57:20,924 [INFO] PluginManager:220 - loadIPPluginJar : add spi
2025-04-18 11:57:20,935 [INFO] IPUIPlugin:80 - create IPUIPlugin
2025-04-18 11:57:20,935 [INFO] PluginManager:220 - loadIPPluginJar : add stm32_wpan
2025-04-18 11:57:20,939 [INFO] IPUIPlugin:80 - create IPUIPlugin
2025-04-18 11:57:20,939 [INFO] PluginManager:220 - loadIPPluginJar : add tim
2025-04-18 11:57:20,945 [INFO] IPUIPlugin:80 - create IPUIPlugin
2025-04-18 11:57:20,946 [INFO] PluginManager:220 - loadIPPluginJar : add touchsensing
2025-04-18 11:57:20,953 [INFO] IPUIPlugin:80 - create IPUIPlugin
2025-04-18 11:57:20,954 [INFO] PluginManager:220 - loadIPPluginJar : add tracer_emb
2025-04-18 11:57:20,959 [INFO] IPUIPlugin:80 - create IPUIPlugin
2025-04-18 11:57:20,959 [INFO] PluginManager:220 - loadIPPluginJar : add ts
2025-04-18 11:57:20,963 [INFO] IPUIPlugin:80 - create IPUIPlugin
2025-04-18 11:57:20,963 [INFO] PluginManager:220 - loadIPPluginJar : add tsc
2025-04-18 11:57:20,971 [INFO] IPUIPlugin:80 - create IPUIPlugin
2025-04-18 11:57:20,972 [INFO] PluginManager:220 - loadIPPluginJar : add ucpd
2025-04-18 11:57:20,978 [INFO] IPUIPlugin:80 - create IPUIPlugin
2025-04-18 11:57:20,979 [INFO] PluginManager:220 - loadIPPluginJar : add usart
2025-04-18 11:57:20,987 [INFO] IPUIPlugin:80 - create IPUIPlugin
2025-04-18 11:57:20,987 [INFO] PluginManager:220 - loadIPPluginJar : add usbx
2025-04-18 11:57:21,207 [FATAL] Updater:351 - Updater called before beeing initialized
2025-04-18 11:57:21,286 [INFO] RulesReader:64 - Compatibility file has been processed (301 Rules)
2025-04-18 11:57:21,308 [INFO] RulesReader:64 - Compatibility file has been processed (301 Rules)
2025-04-18 11:57:21,322 [INFO] CADModel:165 - CPN selected for project level
2025-04-18 11:57:21,322 [INFO] CADModel:114 - Register for checkConnection events
2025-04-18 11:57:21,322 [FATAL] Updater:351 - Updater called before beeing initialized
2025-04-18 11:57:21,323 [ERROR] CADModel:125 - Updater not yet initialized, retry later 
2025-04-18 11:57:21,610 [FATAL] Updater:351 - Updater called before beeing initialized
2025-04-18 11:57:21,616 [INFO] CADModel:165 - CPN selected for project level
2025-04-18 11:57:21,616 [INFO] CADModel:114 - Register for checkConnection events
2025-04-18 11:57:21,617 [FATAL] Updater:351 - Updater called before beeing initialized
2025-04-18 11:57:21,617 [ERROR] CADModel:125 - Updater not yet initialized, retry later 
2025-04-18 11:57:21,624 [FATAL] Updater:351 - Updater called before beeing initialized
2025-04-18 11:57:21,935 [FATAL] Updater:351 - Updater called before beeing initialized
2025-04-18 11:57:21,941 [INFO] DbMcusAds:53 - JSON generation date=Thu Mar 06 08:54:22 CST 2025 (1741272862204)
2025-04-18 11:57:21,942 [FATAL] Updater:351 - Updater called before beeing initialized
2025-04-18 11:57:22,028 [WARN] DetailPanel:346 - Failed to get advertising image, set to default
2025-04-18 11:57:22,419 [INFO] ThirdPartyUpdaterWithRetryManager:70 - Updater plugin not ready yet. [2/15]
2025-04-18 11:57:22,508 [FATAL] Updater:351 - Updater called before beeing initialized
2025-04-18 11:57:22,511 [FATAL] Updater:351 - Updater called before beeing initialized
2025-04-18 11:57:22,511 [FATAL] Updater:351 - Updater called before beeing initialized
2025-04-18 11:57:22,511 [WARN] DetailPanel:346 - Failed to get advertising image, set to default
2025-04-18 11:57:22,513 [FATAL] Updater:351 - Updater called before beeing initialized
2025-04-18 11:57:22,609 [ERROR] Updater:1198 - MainUpdater not yet initialized. External WinMGr cannot be set.
2025-04-18 11:57:22,612 [INFO] Updater:1134 - Updater Version found : 6.14.0
2025-04-18 11:57:22,638 [INFO] ApplicationProperties:184 - Using Application install path: C:\ST\STM32CubeIDE_1.18.0\STM32CubeIDE\plugins\com.st.stm32cube.common.mx_6.14.0.202502271554
2025-04-18 11:57:24,221 [ERROR] LogOutputStream:75 - [STDERR_REDIRECT] Apr 18, 2025 11:57:24 AM java.util.prefs.WindowsPreferences <init>
2025-04-18 11:57:24,223 [ERROR] LogOutputStream:75 - [STDERR_REDIRECT] WARNING: Could not open/create prefs root node Software\JavaSoft\Prefs at root 0xffffffff80000002. Windows RegCreateKeyEx(...) returned error code 5.
2025-04-18 11:57:24,224 [ERROR] LogOutputStream:75 - [STDERR_REDIRECT] 
2025-04-18 11:57:24,976 [INFO] MainUpdater:2872 - connection check result : 10
2025-04-18 11:57:24,977 [INFO] MainUpdater:289 - Updater Check For Update Now.
2025-04-18 11:57:24,977 [INFO] MicroXplorer:498 - Change Database Version : DB.6.0.140
2025-04-18 11:57:24,985 [INFO] McuFinderGlobals:63 - Set McuFinder mode to 2 (CubeIDE integrated)
2025-04-18 11:57:24,986 [INFO] UserAuth:486 - Internet connection configuration mode: 1
2025-04-18 11:57:25,030 [INFO] JxBrowserEngine:152 - Initiate JxBrowser Engine with user profile folder
2025-04-18 11:57:25,219 [INFO] CheckServerUpdateThread:120 - End of CheckServer Thread
2025-04-18 11:57:26,122 [WARN] PackLoader:240 - Cannot read IP mode file for STMicroelectronics.FP-SNS-MOTENVWB1.1.4.0
2025-04-18 11:57:26,152 [WARN] PackLoader:240 - Cannot read IP mode file for STMicroelectronics.FP-ATR-ASTRA1.2.0.2
2025-04-18 11:57:26,169 [WARN] PackLoader:240 - Cannot read IP mode file for STMicroelectronics.X-CUBE-SMBUS.2.1.0
2025-04-18 11:57:26,185 [WARN] PackLoader:240 - Cannot read IP mode file for STMicroelectronics.X-CUBE-WB05N.1.1.0
2025-04-18 11:57:26,281 [WARN] PackLoader:240 - Cannot read IP mode file for STMicroelectronics.X-CUBE-AZRTOS-F7.1.1.0
2025-04-18 11:57:26,361 [WARN] PackLoader:240 - Cannot read IP mode file for Infineon.AIROC-Wi-Fi-Bluetooth-STM32.1.7.0
2025-04-18 11:57:26,579 [WARN] PackLoader:240 - Cannot read IP mode file for STMicroelectronics.X-CUBE-DISPLAY.3.0.0
2025-04-18 11:57:26,604 [WARN] PackLoader:240 - Cannot read IP mode file for STMicroelectronics.X-CUBE-NFC10.1.0.0
2025-04-18 11:57:26,629 [WARN] PackLoader:240 - Cannot read IP mode file for STMicroelectronics.X-CUBE-BLEMGR.4.0.0
2025-04-18 11:57:26,651 [WARN] PackLoader:240 - Cannot read IP mode file for emotas.I-CUBE-CANOPEN.1.3.0
2025-04-18 11:57:26,686 [WARN] ConditionMgr:438 - getConditionDescription Invalid condition id : Cortex-A Device cause : null
2025-04-18 11:57:26,739 [WARN] ConditionMgr:1044 - genDependencies : Invalid condition id : Cortex-A Device cause : null
2025-04-18 11:57:26,740 [WARN] ConditionMgr:1044 - genDependencies : Invalid condition id : Cortex-A Device cause : null
2025-04-18 11:57:26,741 [WARN] ConditionMgr:1044 - genDependencies : Invalid condition id : Cortex-A Device cause : null
2025-04-18 11:57:26,755 [WARN] PackLoader:240 - Cannot read IP mode file for STMicroelectronics.X-CUBE-AI.10.0.0
2025-04-18 11:57:26,771 [WARN] PackLoader:240 - Cannot read IP mode file for STMicroelectronics.FP-SNS-SMARTAG2.1.2.0
2025-04-18 11:57:26,787 [WARN] PackLoader:240 - Cannot read IP mode file for STMicroelectronics.FP-SNS-FLIGHT1.5.1.0
2025-04-18 11:57:26,997 [WARN] PackLoader:240 - Cannot read IP mode file for STMicroelectronics.X-CUBE-MEMS1.11.1.0
2025-04-18 11:57:27,398 [INFO] LogOutputStream:77 - [STDOUT_REDIRECT] 1 : Invalid condition id : UX_CORESTACK_Condition cause : null
2025-04-18 11:57:27,400 [INFO] LogOutputStream:77 - [STDOUT_REDIRECT] 1 : Invalid condition id : UX_CORESTACK_Condition cause : null
2025-04-18 11:57:27,403 [INFO] LogOutputStream:77 - [STDOUT_REDIRECT] 1 : Invalid condition id : UX_CORESTACK_Condition cause : null
2025-04-18 11:57:27,406 [INFO] LogOutputStream:77 - [STDOUT_REDIRECT] 1 : Invalid condition id : UX_CORESTACK_Condition cause : null
2025-04-18 11:57:27,409 [INFO] LogOutputStream:77 - [STDOUT_REDIRECT] 1 : Invalid condition id : UX_CORESTACK_Condition cause : null
2025-04-18 11:57:27,416 [WARN] PackLoader:240 - Cannot read IP mode file for STMicroelectronics.X-CUBE-AZRTOS-WL.2.0.0
2025-04-18 11:57:27,432 [WARN] PackLoader:240 - Cannot read IP mode file for STMicroelectronics.FP-SNS-MOTENV1.5.0.0
2025-04-18 11:57:27,454 [WARN] PackLoader:240 - Cannot read IP mode file for WES.I-CUBE-Cesium.1.3.0
2025-04-18 11:57:27,467 [WARN] PackLoader:240 - Cannot read IP mode file for STMicroelectronics.X-CUBE-BLE2.3.3.0
2025-04-18 11:57:27,507 [WARN] PackLoader:240 - Cannot read IP mode file for STMicroelectronics.X-CUBE-NFC9.1.0.0
2025-04-18 11:57:27,527 [WARN] PackLoader:240 - Cannot read IP mode file for STMicroelectronics.X-CUBE-BLE1.7.1.0
2025-04-18 11:57:27,605 [WARN] PackLoader:240 - Cannot read IP mode file for wolfSSL.I-CUBE-wolfMQTT.1.19.2
2025-04-18 11:57:27,641 [WARN] PackLoader:240 - Cannot read IP mode file for STMicroelectronics.X-CUBE-AZRTOS-G0.1.1.0
2025-04-18 11:57:27,674 [WARN] PackLoader:240 - Cannot read IP mode file for STMicroelectronics.X-CUBE-SAFEA1.1.2.2
2025-04-18 11:57:27,691 [WARN] PackLoader:240 - Cannot read IP mode file for STMicroelectronics.X-CUBE-NFC4.3.0.0
2025-04-18 11:57:27,766 [INFO] WebApp:169 - Instantiating new browser for Auth
2025-04-18 11:57:27,789 [WARN] PackLoader:240 - Cannot read IP mode file for EmbeddedOffice.I-CUBE-FS-RTOS.1.0.1
2025-04-18 11:57:27,805 [WARN] PackLoader:240 - Cannot read IP mode file for wolfSSL.I-CUBE-wolfTPM.3.8.0
2025-04-18 11:57:27,823 [WARN] PackLoader:240 - Cannot read IP mode file for STMicroelectronics.X-CUBE-TCPP.4.2.0
2025-04-18 11:57:27,849 [WARN] PackLoader:240 - Cannot read IP mode file for RealThread.X-CUBE-RT-Thread_Nano.4.1.1
2025-04-18 11:57:27,861 [WARN] PackLoader:240 - Cannot read IP mode file for STMicroelectronics.FP-ATR-SIGFOX1.3.2.0
2025-04-18 11:57:27,897 [WARN] PackLoader:240 - Cannot read IP mode file for STMicroelectronics.X-CUBE-EEPRMA1.5.1.0
2025-04-18 11:57:27,913 [WARN] PackLoader:240 - Cannot read IP mode file for wolfSSL.I-CUBE-wolfSSL.5.7.6
2025-04-18 11:57:27,931 [WARN] PackLoader:240 - Cannot read IP mode file for ITTIA_DB.I-CUBE-ITTIADB.8.9.0
2025-04-18 11:57:28,011 [WARN] PackLoader:240 - Cannot read IP mode file for SEGGER.I-CUBE-embOS.1.3.1
2025-04-18 11:57:28,153 [WARN] PackLoader:240 - Cannot read IP mode file for STMicroelectronics.X-CUBE-ALGOBUILD.1.4.0
2025-04-18 11:57:28,197 [WARN] PackLoader:240 - Cannot read IP mode file for STMicroelectronics.X-CUBE-AZRTOS-F4.1.1.0
2025-04-18 11:57:28,212 [WARN] PackLoader:240 - Cannot read IP mode file for STMicroelectronics.X-CUBE-ISPU.2.1.0
2025-04-18 11:57:28,263 [WARN] PackLoader:240 - Cannot read IP mode file for STMicroelectronics.X-CUBE-AZRTOS-L5.2.0.0
2025-04-18 11:57:28,291 [WARN] PackLoader:240 - Cannot read IP mode file for STMicroelectronics.X-CUBE-NFC6.3.1.0
2025-04-18 11:57:28,310 [WARN] PackLoader:240 - Cannot read IP mode file for STMicroelectronics.X-CUBE-DPower.1.2.0
2025-04-18 11:57:28,320 [WARN] PackLoader:240 - Cannot read IP mode file for STMicroelectronics.X-CUBE-FREERTOS.1.3.0
2025-04-18 11:57:28,331 [WARN] PackLoader:240 - Cannot read IP mode file for STMicroelectronics.X-CUBE-NFC7.1.0.1
2025-04-18 11:57:28,339 [WARN] PackLoader:240 - Cannot read IP mode file for STMicroelectronics.X-CUBE-DPower.1.3.0
2025-04-18 11:57:28,375 [WARN] ConditionMgr:438 - getConditionDescription Invalid condition id : LAN8742 Phy interface Condition cause : null
2025-04-18 11:57:28,387 [WARN] PackLoader:240 - Cannot read IP mode file for STMicroelectronics.X-CUBE-AZRTOS-L4.2.0.0
2025-04-18 11:57:28,390 [WARN] ConditionMgr:1044 - genDependencies : Invalid condition id : LAN8742 Phy interface Condition cause : null
2025-04-18 11:57:28,391 [WARN] ConditionMgr:1044 - genDependencies : Invalid condition id : LAN8742 Phy interface Condition cause : null
2025-04-18 11:57:28,393 [WARN] ConditionMgr:1044 - genDependencies : Invalid condition id : LAN8742 Phy interface Condition cause : null
2025-04-18 11:57:28,412 [WARN] PackLoader:240 - Cannot read IP mode file for STMicroelectronics.X-CUBE-SFXS2LP1.4.0.0
2025-04-18 11:57:28,450 [WARN] PackLoader:240 - Cannot read IP mode file for STMicroelectronics.X-CUBE-AZRTOS-H7.3.3.0
2025-04-18 11:57:28,477 [WARN] ConditionMgr:438 - getConditionDescription Invalid condition id : UX DEVICE CLASS RTOS Condition cause : null
2025-04-18 11:57:28,478 [WARN] ConditionMgr:438 - getConditionDescription Invalid condition id : UX DEVICE CLASS RTOS Condition cause : null
2025-04-18 11:57:28,485 [WARN] PackLoader:240 - Cannot read IP mode file for STMicroelectronics.X-CUBE-AZRTOS-WB.2.0.0
2025-04-18 11:57:28,485 [WARN] ConditionMgr:1044 - genDependencies : Invalid condition id : UX DEVICE CLASS RTOS Condition cause : null
2025-04-18 11:57:28,486 [WARN] ConditionMgr:1044 - genDependencies : Invalid condition id : UX DEVICE CLASS RTOS Condition cause : null
2025-04-18 11:57:28,487 [WARN] ConditionMgr:1044 - genDependencies : Invalid condition id : UX DEVICE CLASS RTOS Condition cause : null
2025-04-18 11:57:28,487 [WARN] ConditionMgr:1044 - genDependencies : Invalid condition id : UX DEVICE CLASS RTOS Condition cause : null
2025-04-18 11:57:28,488 [WARN] ConditionMgr:1044 - genDependencies : Invalid condition id : UX DEVICE CLASS RTOS Condition cause : null
2025-04-18 11:57:28,502 [WARN] PackLoader:240 - Cannot read IP mode file for STMicroelectronics.X-CUBE-GNSS1.7.0.1
2025-04-18 11:57:28,516 [WARN] PackLoader:240 - Cannot read IP mode file for STMicroelectronics.X-CUBE-TOUCHGFX.4.25.0
2025-04-18 11:57:28,530 [WARN] PackLoader:240 - Cannot read IP mode file for STMicroelectronics.FP-SNS-STBOX1.2.0.0
2025-04-18 11:57:28,562 [WARN] PackLoader:240 - Cannot read IP mode file for STMicroelectronics.X-CUBE-SUBG2.5.0.0
2025-04-18 11:57:28,624 [WARN] PackLoader:240 - Cannot read IP mode file for STMicroelectronics.X-CUBE-AZRTOS-H7RS.1.1.0
2025-04-18 11:57:28,645 [WARN] PackLoader:240 - Cannot read IP mode file for Cesanta.I-CUBE-Mongoose.7.13.0
2025-04-18 11:57:28,694 [WARN] PackLoader:240 - Cannot read IP mode file for STMicroelectronics.X-CUBE-AZRTOS-G4.2.0.0
2025-04-18 11:57:28,718 [WARN] PackLoader:240 - Cannot read IP mode file for wolfSSL.I-CUBE-wolfSSH.1.4.20
2025-04-18 11:57:28,754 [WARN] PackLoader:240 - Cannot read IP mode file for STMicroelectronics.X-CUBE-IPS.3.1.0
2025-04-18 11:57:28,787 [WARN] PackLoader:240 - Cannot read IP mode file for STMicroelectronics.X-CUBE-ALS.1.0.2
2025-04-18 11:57:28,848 [WARN] PackLoader:240 - Cannot read IP mode file for portGmbH.I-Cube-SoM-uGOAL.1.1.0
2025-04-18 11:57:28,910 [WARN] PackLoader:240 - Cannot read IP mode file for STMicroelectronics.X-CUBE-AZRTOS-H7RS.1.0.0
2025-04-18 11:57:28,949 [WARN] PackLoader:240 - Cannot read IP mode file for STMicroelectronics.X-CUBE-TOF1.3.4.2
2025-04-18 11:57:28,997 [INFO] ThirdParty:978 - Integrity check success = true
2025-04-18 11:57:28,997 [INFO] IntegrityCheckThread:100 - exiting critical section [integrity check]
2025-04-18 11:57:28,997 [INFO] IntegrityCheckThread:103 - End integrity checks thread
2025-04-18 11:57:30,487 [INFO] WebApp:463 - Apply proxy settings
2025-04-18 11:57:30,488 [INFO] WebApp:548 - Chromium requires no authentication
2025-04-18 11:57:30,506 [INFO] WebApp:491 - Direct internet connection detected
2025-04-18 11:57:30,578 [INFO] WebApp:894 - Register for checkConnection events
2025-04-18 11:57:30,578 [INFO] WebApp:463 - Apply proxy settings
2025-04-18 11:57:30,579 [INFO] WebApp:548 - Chromium requires no authentication
2025-04-18 11:57:30,580 [INFO] WebApp:491 - Direct internet connection detected
2025-04-18 11:57:30,976 [INFO] WebApp:225 - Starting web application
2025-04-18 11:57:30,976 [INFO] WebApp:593 - Web application path used C:\ST\STM32CubeIDE_1.18.0\STM32CubeIDE\plugins\com.st.stm32cube.common.mx_6.14.0.202502271554\db\plugins\mcufinder\reactClient1\index.html
2025-04-18 11:57:31,725 [INFO] WebApp:191 - Connection restablished
2025-04-18 11:57:31,796 [INFO] UserAuth:486 - Internet connection configuration mode: 1
2025-04-18 12:42:21,482 [INFO] WebApp:194 - Connection lost
2025-04-18 12:42:21,826 [INFO] WebApp:191 - Connection restablished
2025-04-18 12:56:54,742 [ERROR] LogOutputStream:75 - [STDERR_REDIRECT] 
2025-04-18 18:05:46,814 [INFO] Activator:176 - 


2025-04-18 18:05:46,820 [INFO] Activator:177 - !SESSION log4j initialized
2025-04-18 18:06:01,068 [INFO] LogOutputStream:77 - [STDOUT_REDIRECT] 
2025-04-18 18:06:08,087 [INFO] ApplicationProperties:184 - Using Application install path: C:\ST\STM32CubeIDE_1.18.0\STM32CubeIDE\plugins\com.st.stm32cube.common.mx_6.14.0.202502271554
2025-04-18 18:06:08,134 [INFO] DbMcusXml:78 - Set database path to: C:\ST\STM32CubeIDE_1.18.0\STM32CubeIDE\plugins\com.st.stm32cube.common.mx_6.14.0.202502271554\\db\/mcu/
2025-04-18 18:06:08,135 [INFO] ApiDb:274 - Set plugin database path to: C:\ST\STM32CubeIDE_1.18.0\STM32CubeIDE\plugins\com.st.stm32cube.common.mx_6.14.0.202502271554\\db\/plugins/boardmanager/
2025-04-18 18:06:08,135 [WARN] ApiDb:259 - Overriding images path with different value:  => C:\ST\STM32CubeIDE_1.18.0\STM32CubeIDE\plugins\com.st.stm32cube.common.mx_6.14.0.202502271554\\db\/plugins/mcufinder/images/
2025-04-18 18:06:08,158 [INFO] ApiDb:250 - Set database path to: C:\Users\bjosu\.stmcufinder\plugins\mcufinder//mcu/
2025-04-18 18:06:08,162 [INFO] DbMcusAds:125 - Set database path to: C:\Users\bjosu\.stmcufinder\plugins\mcufinder//mcu/
2025-04-18 18:06:08,169 [INFO] CrossReferenceDbSqlite:203 - Set database path to: C:\Users\bjosu\.stmcufinder\plugins\mcufinder//mcu/cs/
2025-04-18 18:06:08,425 [INFO] RulesReader:64 - Compatibility file has been processed (301 Rules)
2025-04-18 18:06:08,673 [INFO] DbMcusXml:78 - Set database path to: C:\ST\STM32CubeIDE_1.18.0\STM32CubeIDE\plugins\com.st.stm32cube.common.mx_6.14.0.202502271554\\db\/mcu/
2025-04-18 18:06:08,674 [INFO] ApiDb:274 - Set plugin database path to: C:\ST\STM32CubeIDE_1.18.0\STM32CubeIDE\plugins\com.st.stm32cube.common.mx_6.14.0.202502271554\\db\/plugins/boardmanager/
2025-04-18 18:06:08,675 [INFO] ApiDb:261 - Set plugin images path to: C:\ST\STM32CubeIDE_1.18.0\STM32CubeIDE\plugins\com.st.stm32cube.common.mx_6.14.0.202502271554\\db\/plugins/mcufinder/images/
2025-04-18 18:06:08,676 [WARN] DbFile:41 - Overriding database path with different value: C:\Users\bjosu\.stmcufinder\plugins\mcufinder/ => C:\Users\bjosu\.stmcufinder\plugins\mcufinder
2025-04-18 18:06:08,678 [INFO] ApiDb:250 - Set database path to: C:\Users\bjosu\.stmcufinder\plugins\mcufinder//mcu/
2025-04-18 18:06:08,679 [WARN] DbFile:41 - Overriding database path with different value: C:\Users\bjosu\.stmcufinder\plugins\mcufinder/ => C:\Users\bjosu\.stmcufinder\plugins\mcufinder
2025-04-18 18:06:08,679 [INFO] DbMcusAds:125 - Set database path to: C:\Users\bjosu\.stmcufinder\plugins\mcufinder//mcu/
2025-04-18 18:06:08,679 [WARN] DbFile:41 - Overriding database path with different value: C:\Users\bjosu\.stmcufinder\plugins\mcufinder/ => C:\Users\bjosu\.stmcufinder\plugins\mcufinder
2025-04-18 18:06:08,679 [WARN] DbFile:41 - Overriding database path with different value: C:\Users\bjosu\.stmcufinder\plugins\mcufinder/ => C:\Users\bjosu\.stmcufinder\plugins\mcufinder
2025-04-18 18:06:08,680 [INFO] CrossReferenceDbSqlite:203 - Set database path to: C:\Users\bjosu\.stmcufinder\plugins\mcufinder//mcu/cs/
2025-04-18 18:06:08,921 [INFO] MainPanel:272 - HeapMemory: 268435456
2025-04-18 18:06:09,200 [INFO] DbMcusXml:78 - Set database path to: C:\ST\STM32CubeIDE_1.18.0\STM32CubeIDE\plugins\com.st.stm32cube.common.mx_6.14.0.202502271554\\db\/mcu/
2025-04-18 18:06:09,201 [INFO] ApiDb:274 - Set plugin database path to: C:\ST\STM32CubeIDE_1.18.0\STM32CubeIDE\plugins\com.st.stm32cube.common.mx_6.14.0.202502271554\\db\/plugins/boardmanager/
2025-04-18 18:06:09,201 [INFO] ApiDb:261 - Set plugin images path to: C:\ST\STM32CubeIDE_1.18.0\STM32CubeIDE\plugins\com.st.stm32cube.common.mx_6.14.0.202502271554\\db\/plugins/mcufinder/images/
2025-04-18 18:06:09,202 [WARN] DbFile:41 - Overriding database path with different value: C:\Users\bjosu\.stmcufinder\plugins\mcufinder/ => C:\Users\bjosu\.stmcufinder\plugins\mcufinder
2025-04-18 18:06:09,202 [INFO] ApiDb:250 - Set database path to: C:\Users\bjosu\.stmcufinder\plugins\mcufinder//mcu/
2025-04-18 18:06:09,202 [WARN] DbFile:41 - Overriding database path with different value: C:\Users\bjosu\.stmcufinder\plugins\mcufinder/ => C:\Users\bjosu\.stmcufinder\plugins\mcufinder
2025-04-18 18:06:09,202 [INFO] DbMcusAds:125 - Set database path to: C:\Users\bjosu\.stmcufinder\plugins\mcufinder//mcu/
2025-04-18 18:06:09,203 [WARN] DbFile:41 - Overriding database path with different value: C:\Users\bjosu\.stmcufinder\plugins\mcufinder/ => C:\Users\bjosu\.stmcufinder\plugins\mcufinder
2025-04-18 18:06:09,203 [WARN] DbFile:41 - Overriding database path with different value: C:\Users\bjosu\.stmcufinder\plugins\mcufinder/ => C:\Users\bjosu\.stmcufinder\plugins\mcufinder
2025-04-18 18:06:09,203 [INFO] CrossReferenceDbSqlite:203 - Set database path to: C:\Users\bjosu\.stmcufinder\plugins\mcufinder//mcu/cs/
2025-04-18 18:06:09,252 [INFO] ApplicationProperties:184 - Using Application install path: C:\ST\STM32CubeIDE_1.18.0\STM32CubeIDE\plugins\com.st.stm32cube.common.mx_6.14.0.202502271554
2025-04-18 18:06:09,254 [INFO] PluginManage:196 - Search for loadable plugins [exclusion list=, ]
2025-04-18 18:06:09,257 [INFO] PluginManage:310 - Check plugin analytics
2025-04-18 18:06:09,836 [INFO] AnalyticsPlugin:253 - Accepted Software Licenses: 
2025-04-18 18:06:09,837 [INFO] AnalyticsPlugin:255 - Accepted CMSIS Pack Licenses: 
2025-04-18 18:06:09,838 [INFO] AnalyticsPlugin:257 - Accepted Firmware Licenses: FW.F4.1.28.0
2025-04-18 18:06:09,844 [INFO] PluginManage:359 - Loaded plugin analytics (category:tool,tabindex:-1)
2025-04-18 18:06:09,845 [INFO] PluginManage:310 - Check plugin cadmodel
2025-04-18 18:06:09,856 [INFO] CADModel:105 - Init CAD model plugin
2025-04-18 18:06:09,856 [INFO] PluginManage:359 - Loaded plugin cadmodel (category:power,tabindex:5)
2025-04-18 18:06:09,857 [INFO] PluginManage:310 - Check plugin clock
2025-04-18 18:06:09,883 [INFO] PluginManage:359 - Loaded plugin clock (category:base,tabindex:2)
2025-04-18 18:06:09,884 [INFO] PluginManage:310 - Check plugin ddr
2025-04-18 18:06:09,890 [INFO] PluginManage:359 - Loaded plugin ddr (category:tool,tabindex:6)
2025-04-18 18:06:09,890 [INFO] PluginManage:310 - Check plugin filemanager
2025-04-18 18:06:10,241 [INFO] PluginManage:359 - Loaded plugin filemanager (category:base,tabindex:10)
2025-04-18 18:06:10,241 [INFO] PluginManage:310 - Check plugin ipmanager
2025-04-18 18:06:10,256 [INFO] PluginManage:359 - Loaded plugin ipmanager (category:base,tabindex:5)
2025-04-18 18:06:10,256 [INFO] PluginManage:310 - Check plugin lpbam
2025-04-18 18:06:10,284 [INFO] PluginManage:359 - Loaded plugin lpbam (category:base,tabindex:0)
2025-04-18 18:06:10,284 [INFO] PluginManage:310 - Check plugin memorymap
2025-04-18 18:06:10,317 [INFO] PluginManage:359 - Loaded plugin memorymap (category:base,tabindex:4)
2025-04-18 18:06:10,317 [INFO] PluginManage:310 - Check plugin pinoutandconfiguration
2025-04-18 18:06:10,343 [INFO] PluginManage:359 - Loaded plugin pinoutandconfiguration (category:base,tabindex:1)
2025-04-18 18:06:10,344 [INFO] PluginManage:310 - Check plugin pinoutconfig
2025-04-18 18:06:10,678 [WARN] SupportedApi:132 - Cannot load RTOS API schema: s4s-elt-must-match.1: The content of 'definitions' must match (annotation?, (simpleType | complexType)?, (unique | key | keyref)*)). A problem was found starting at: attribute.
2025-04-18 18:06:11,165 [INFO] PluginManage:359 - Loaded plugin pinoutconfig (category:base,tabindex:0)
2025-04-18 18:06:11,165 [INFO] PluginManage:310 - Check plugin power
2025-04-18 18:06:11,190 [INFO] PluginManage:359 - Loaded plugin power (category:power,tabindex:4)
2025-04-18 18:06:11,192 [INFO] PluginManage:310 - Check plugin projectmanager
2025-04-18 18:06:11,236 [INFO] PluginManage:359 - Loaded plugin projectmanager (category:projectmanager,tabindex:4)
2025-04-18 18:06:11,237 [INFO] PluginManage:310 - Check plugin rif
2025-04-18 18:06:11,253 [INFO] PluginManage:359 - Loaded plugin rif (category:base,tabindex:3)
2025-04-18 18:06:11,254 [INFO] PluginManage:310 - Check plugin thirdparty
2025-04-18 18:06:11,645 [INFO] PluginManage:359 - Loaded plugin thirdparty (category:base,tabindex:-1)
2025-04-18 18:06:11,646 [INFO] PluginManage:310 - Check plugin tools
2025-04-18 18:06:11,645 [WARN] IntegrityCheckThread:84 - waiting for thirdparty lock release [integrity check]
2025-04-18 18:06:11,646 [INFO] IntegrityCheckThread:86 - entering critical section [integrity check]
2025-04-18 18:06:11,647 [INFO] ThirdPartyUpdaterWithRetryManager:70 - Updater plugin not ready yet. [1/15]
2025-04-18 18:06:11,651 [INFO] PluginManage:359 - Loaded plugin tools (category:base,tabindex:7)
2025-04-18 18:06:11,652 [INFO] PluginManage:310 - Check plugin tutovideos
2025-04-18 18:06:12,089 [INFO] PluginManage:359 - Loaded plugin tutovideos (category:base,tabindex:-1)
2025-04-18 18:06:12,090 [INFO] PluginManage:310 - Check plugin updater
2025-04-18 18:06:12,181 [INFO] PluginManage:359 - Loaded plugin updater (category:base,tabindex:12)
2025-04-18 18:06:12,182 [INFO] PluginManage:310 - Check plugin userauth
2025-04-18 18:06:12,193 [INFO] UserAuth:118 - Init User Auth plugin
2025-04-18 18:06:12,195 [INFO] PluginManage:359 - Loaded plugin userauth (category:base,tabindex:14)
2025-04-18 18:06:12,196 [INFO] PluginManage:283 - PluginManage : Loaded plugins [18]
2025-04-18 18:06:12,671 [INFO] PinOutPanel:1589 - setPackage(No Configuration,No Configuration)
2025-04-18 18:06:12,925 [INFO] CADModel:165 - CPN selected for project level
2025-04-18 18:06:12,926 [INFO] CADModel:114 - Register for checkConnection events
2025-04-18 18:06:12,968 [INFO] IPUIPlugin:80 - create IPUIPlugin
2025-04-18 18:06:12,968 [INFO] PluginManager:220 - loadIPPluginJar : add adc
2025-04-18 18:06:12,976 [INFO] IPUIPlugin:80 - create IPUIPlugin
2025-04-18 18:06:12,976 [INFO] PluginManager:220 - loadIPPluginJar : add aes
2025-04-18 18:06:12,983 [INFO] IPUIPlugin:80 - create IPUIPlugin
2025-04-18 18:06:12,983 [INFO] PluginManager:220 - loadIPPluginJar : add can
2025-04-18 18:06:12,988 [INFO] IPUIPlugin:80 - create IPUIPlugin
2025-04-18 18:06:12,989 [INFO] PluginManager:220 - loadIPPluginJar : add comp
2025-04-18 18:06:12,995 [INFO] IPUIPlugin:80 - create IPUIPlugin
2025-04-18 18:06:12,995 [INFO] PluginManager:220 - loadIPPluginJar : add cryp
2025-04-18 18:06:13,002 [INFO] IPUIPlugin:80 - create IPUIPlugin
2025-04-18 18:06:13,003 [INFO] PluginManager:220 - loadIPPluginJar : add ddr_ctrl_phy
2025-04-18 18:06:13,012 [INFO] IPUIPlugin:80 - create IPUIPlugin
2025-04-18 18:06:13,012 [INFO] PluginManager:220 - loadIPPluginJar : add dfsdm
2025-04-18 18:06:13,025 [INFO] IPUIPlugin:80 - create IPUIPlugin
2025-04-18 18:06:13,026 [INFO] PluginManager:220 - loadIPPluginJar : add dma
2025-04-18 18:06:13,032 [INFO] IPUIPlugin:80 - create IPUIPlugin
2025-04-18 18:06:13,032 [INFO] PluginManager:220 - loadIPPluginJar : add dma3
2025-04-18 18:06:13,040 [INFO] IPUIPlugin:80 - create IPUIPlugin
2025-04-18 18:06:13,040 [INFO] PluginManager:220 - loadIPPluginJar : add extmemmanager
2025-04-18 18:06:13,044 [INFO] IPUIPlugin:80 - create IPUIPlugin
2025-04-18 18:06:13,044 [INFO] PluginManager:220 - loadIPPluginJar : add fatfs
2025-04-18 18:06:13,055 [INFO] IPUIPlugin:80 - create IPUIPlugin
2025-04-18 18:06:13,060 [INFO] PluginManager:220 - loadIPPluginJar : add fmc
2025-04-18 18:06:13,074 [INFO] IPUIPlugin:80 - create IPUIPlugin
2025-04-18 18:06:13,074 [INFO] PluginManager:220 - loadIPPluginJar : add freertos
2025-04-18 18:06:13,078 [INFO] IPUIPlugin:80 - create IPUIPlugin
2025-04-18 18:06:13,078 [INFO] PluginManager:220 - loadIPPluginJar : add genericplugin
2025-04-18 18:06:13,083 [INFO] IPUIPlugin:80 - create IPUIPlugin
2025-04-18 18:06:13,083 [INFO] PluginManager:220 - loadIPPluginJar : add gfxmmu
2025-04-18 18:06:13,097 [INFO] IPUIPlugin:80 - create IPUIPlugin
2025-04-18 18:06:13,098 [INFO] PluginManager:220 - loadIPPluginJar : add gic
2025-04-18 18:06:13,107 [INFO] IPUIPlugin:80 - create IPUIPlugin
2025-04-18 18:06:13,108 [INFO] PluginManager:220 - loadIPPluginJar : add gpio
2025-04-18 18:06:13,114 [INFO] IPUIPlugin:80 - create IPUIPlugin
2025-04-18 18:06:13,114 [INFO] PluginManager:220 - loadIPPluginJar : add gtzc
2025-04-18 18:06:13,119 [INFO] IPUIPlugin:80 - create IPUIPlugin
2025-04-18 18:06:13,119 [INFO] PluginManager:220 - loadIPPluginJar : add hash
2025-04-18 18:06:13,126 [INFO] IPUIPlugin:80 - create IPUIPlugin
2025-04-18 18:06:13,126 [INFO] PluginManager:220 - loadIPPluginJar : add i2c
2025-04-18 18:06:13,131 [INFO] IPUIPlugin:80 - create IPUIPlugin
2025-04-18 18:06:13,131 [INFO] PluginManager:220 - loadIPPluginJar : add i2s
2025-04-18 18:06:13,137 [INFO] IPUIPlugin:80 - create IPUIPlugin
2025-04-18 18:06:13,138 [INFO] PluginManager:220 - loadIPPluginJar : add i3c
2025-04-18 18:06:13,147 [INFO] IPUIPlugin:80 - create IPUIPlugin
2025-04-18 18:06:13,147 [INFO] PluginManager:220 - loadIPPluginJar : add ipddr
2025-04-18 18:06:13,168 [INFO] IPUIPlugin:80 - create IPUIPlugin
2025-04-18 18:06:13,168 [INFO] PluginManager:220 - loadIPPluginJar : add linkedlist
2025-04-18 18:06:13,176 [INFO] IPUIPlugin:80 - create IPUIPlugin
2025-04-18 18:06:13,176 [INFO] PluginManager:220 - loadIPPluginJar : add lorawan
2025-04-18 18:06:13,180 [INFO] IPUIPlugin:80 - create IPUIPlugin
2025-04-18 18:06:13,180 [INFO] PluginManager:220 - loadIPPluginJar : add ltdc
2025-04-18 18:06:13,200 [INFO] IPUIPlugin:80 - create IPUIPlugin
2025-04-18 18:06:13,201 [INFO] PluginManager:220 - loadIPPluginJar : add mdma
2025-04-18 18:06:13,209 [INFO] IPUIPlugin:80 - create IPUIPlugin
2025-04-18 18:06:13,210 [INFO] PluginManager:220 - loadIPPluginJar : add nvic
2025-04-18 18:06:13,217 [INFO] IPUIPlugin:80 - create IPUIPlugin
2025-04-18 18:06:13,217 [INFO] PluginManager:220 - loadIPPluginJar : add opamp
2025-04-18 18:06:13,235 [INFO] IPUIPlugin:80 - create IPUIPlugin
2025-04-18 18:06:13,236 [INFO] PluginManager:220 - loadIPPluginJar : add openamp
2025-04-18 18:06:13,251 [INFO] IPUIPlugin:80 - create IPUIPlugin
2025-04-18 18:06:13,252 [INFO] PluginManager:220 - loadIPPluginJar : add pdm2pcm
2025-04-18 18:06:13,269 [INFO] IPUIPlugin:80 - create IPUIPlugin
2025-04-18 18:06:13,274 [INFO] PluginManager:220 - loadIPPluginJar : add plateformsettings
2025-04-18 18:06:13,278 [INFO] IPUIPlugin:80 - create IPUIPlugin
2025-04-18 18:06:13,279 [INFO] PluginManager:220 - loadIPPluginJar : add quadspi
2025-04-18 18:06:13,284 [INFO] IPUIPlugin:80 - create IPUIPlugin
2025-04-18 18:06:13,285 [INFO] PluginManager:220 - loadIPPluginJar : add radio
2025-04-18 18:06:13,297 [INFO] IPUIPlugin:80 - create IPUIPlugin
2025-04-18 18:06:13,297 [INFO] PluginManager:220 - loadIPPluginJar : add resmgrutility
2025-04-18 18:06:13,303 [INFO] IPUIPlugin:80 - create IPUIPlugin
2025-04-18 18:06:13,303 [INFO] PluginManager:220 - loadIPPluginJar : add sai
2025-04-18 18:06:13,312 [INFO] IPUIPlugin:80 - create IPUIPlugin
2025-04-18 18:06:13,313 [INFO] PluginManager:220 - loadIPPluginJar : add spi
2025-04-18 18:06:13,326 [INFO] IPUIPlugin:80 - create IPUIPlugin
2025-04-18 18:06:13,326 [INFO] PluginManager:220 - loadIPPluginJar : add stm32_wpan
2025-04-18 18:06:13,331 [INFO] IPUIPlugin:80 - create IPUIPlugin
2025-04-18 18:06:13,331 [INFO] PluginManager:220 - loadIPPluginJar : add tim
2025-04-18 18:06:13,339 [INFO] IPUIPlugin:80 - create IPUIPlugin
2025-04-18 18:06:13,340 [INFO] PluginManager:220 - loadIPPluginJar : add touchsensing
2025-04-18 18:06:13,346 [INFO] IPUIPlugin:80 - create IPUIPlugin
2025-04-18 18:06:13,346 [INFO] PluginManager:220 - loadIPPluginJar : add tracer_emb
2025-04-18 18:06:13,350 [INFO] IPUIPlugin:80 - create IPUIPlugin
2025-04-18 18:06:13,350 [INFO] PluginManager:220 - loadIPPluginJar : add ts
2025-04-18 18:06:13,354 [INFO] IPUIPlugin:80 - create IPUIPlugin
2025-04-18 18:06:13,354 [INFO] PluginManager:220 - loadIPPluginJar : add tsc
2025-04-18 18:06:13,363 [INFO] IPUIPlugin:80 - create IPUIPlugin
2025-04-18 18:06:13,363 [INFO] PluginManager:220 - loadIPPluginJar : add ucpd
2025-04-18 18:06:13,370 [INFO] IPUIPlugin:80 - create IPUIPlugin
2025-04-18 18:06:13,370 [INFO] PluginManager:220 - loadIPPluginJar : add usart
2025-04-18 18:06:13,378 [INFO] IPUIPlugin:80 - create IPUIPlugin
2025-04-18 18:06:13,378 [INFO] PluginManager:220 - loadIPPluginJar : add usbx
2025-04-18 18:06:13,603 [FATAL] Updater:351 - Updater called before beeing initialized
2025-04-18 18:06:13,671 [INFO] RulesReader:64 - Compatibility file has been processed (301 Rules)
2025-04-18 18:06:13,693 [INFO] RulesReader:64 - Compatibility file has been processed (301 Rules)
2025-04-18 18:06:13,710 [INFO] CADModel:165 - CPN selected for project level
2025-04-18 18:06:13,710 [INFO] CADModel:114 - Register for checkConnection events
2025-04-18 18:06:13,710 [FATAL] Updater:351 - Updater called before beeing initialized
2025-04-18 18:06:13,710 [ERROR] CADModel:125 - Updater not yet initialized, retry later 
2025-04-18 18:06:14,078 [FATAL] Updater:351 - Updater called before beeing initialized
2025-04-18 18:06:14,081 [INFO] CADModel:165 - CPN selected for project level
2025-04-18 18:06:14,082 [INFO] CADModel:114 - Register for checkConnection events
2025-04-18 18:06:14,082 [FATAL] Updater:351 - Updater called before beeing initialized
2025-04-18 18:06:14,082 [ERROR] CADModel:125 - Updater not yet initialized, retry later 
2025-04-18 18:06:14,092 [FATAL] Updater:351 - Updater called before beeing initialized
2025-04-18 18:06:14,410 [FATAL] Updater:351 - Updater called before beeing initialized
2025-04-18 18:06:14,416 [INFO] DbMcusAds:53 - JSON generation date=Thu Mar 06 08:54:22 CST 2025 (1741272862204)
2025-04-18 18:06:14,416 [FATAL] Updater:351 - Updater called before beeing initialized
2025-04-18 18:06:14,485 [WARN] DetailPanel:346 - Failed to get advertising image, set to default
2025-04-18 18:06:14,648 [INFO] ThirdPartyUpdaterWithRetryManager:70 - Updater plugin not ready yet. [2/15]
2025-04-18 18:06:15,154 [FATAL] Updater:351 - Updater called before beeing initialized
2025-04-18 18:06:15,157 [FATAL] Updater:351 - Updater called before beeing initialized
2025-04-18 18:06:15,158 [FATAL] Updater:351 - Updater called before beeing initialized
2025-04-18 18:06:15,158 [WARN] DetailPanel:346 - Failed to get advertising image, set to default
2025-04-18 18:06:15,160 [FATAL] Updater:351 - Updater called before beeing initialized
2025-04-18 18:06:15,309 [ERROR] Updater:1198 - MainUpdater not yet initialized. External WinMGr cannot be set.
2025-04-18 18:06:15,313 [INFO] Updater:1134 - Updater Version found : 6.14.0
2025-04-18 18:06:15,347 [INFO] ApplicationProperties:184 - Using Application install path: C:\ST\STM32CubeIDE_1.18.0\STM32CubeIDE\plugins\com.st.stm32cube.common.mx_6.14.0.202502271554
2025-04-18 18:06:16,946 [ERROR] LogOutputStream:75 - [STDERR_REDIRECT] Apr 18, 2025 6:06:16 PM java.util.prefs.WindowsPreferences <init>
2025-04-18 18:06:16,948 [ERROR] LogOutputStream:75 - [STDERR_REDIRECT] WARNING: Could not open/create prefs root node Software\JavaSoft\Prefs at root 0xffffffff80000002. Windows RegCreateKeyEx(...) returned error code 5.
2025-04-18 18:06:16,949 [ERROR] LogOutputStream:75 - [STDERR_REDIRECT] 
2025-04-18 18:06:17,649 [FATAL] Updater:351 - Updater called before beeing initialized
2025-04-18 18:06:17,650 [INFO] MainUpdater:2872 - connection check result : 10
2025-04-18 18:06:17,650 [ERROR] IntegrityCheckThread:130 - Cannot retrieve database content from updater: error 21
2025-04-18 18:06:17,652 [INFO] MainUpdater:289 - Updater Check For Update Now.
2025-04-18 18:06:17,653 [INFO] MicroXplorer:498 - Change Database Version : DB.6.0.140
2025-04-18 18:06:17,651 [INFO] ThirdParty:978 - Integrity check success = false
2025-04-18 18:06:17,655 [INFO] IntegrityCheckThread:100 - exiting critical section [integrity check]
2025-04-18 18:06:17,655 [INFO] IntegrityCheckThread:103 - End integrity checks thread
2025-04-18 18:06:17,672 [INFO] McuFinderGlobals:63 - Set McuFinder mode to 2 (CubeIDE integrated)
2025-04-18 18:06:17,674 [INFO] UserAuth:486 - Internet connection configuration mode: 1
2025-04-18 18:06:17,729 [INFO] JxBrowserEngine:152 - Initiate JxBrowser Engine with user profile folder
2025-04-18 18:06:17,976 [INFO] CheckServerUpdateThread:120 - End of CheckServer Thread
2025-04-18 18:06:20,269 [INFO] WebApp:169 - Instantiating new browser for Auth
2025-04-18 18:06:22,635 [INFO] WebApp:463 - Apply proxy settings
2025-04-18 18:06:22,635 [INFO] WebApp:548 - Chromium requires no authentication
2025-04-18 18:06:22,652 [INFO] WebApp:491 - Direct internet connection detected
2025-04-18 18:06:22,736 [INFO] WebApp:894 - Register for checkConnection events
2025-04-18 18:06:22,737 [INFO] WebApp:463 - Apply proxy settings
2025-04-18 18:06:22,738 [INFO] WebApp:548 - Chromium requires no authentication
2025-04-18 18:06:22,739 [INFO] WebApp:491 - Direct internet connection detected
2025-04-18 18:06:23,060 [INFO] WebApp:191 - Connection restablished
2025-04-18 18:06:23,580 [INFO] WebApp:225 - Starting web application
2025-04-18 18:06:23,580 [INFO] WebApp:593 - Web application path used C:\ST\STM32CubeIDE_1.18.0\STM32CubeIDE\plugins\com.st.stm32cube.common.mx_6.14.0.202502271554\db\plugins\mcufinder\reactClient1\index.html
2025-04-18 18:06:24,507 [INFO] UserAuth:486 - Internet connection configuration mode: 1
2025-04-18 19:47:03,409 [INFO] WebApp:194 - Connection lost
2025-04-18 19:47:03,585 [INFO] WebApp:191 - Connection restablished
2025-04-18 20:20:36,942 [INFO] WebApp:194 - Connection lost
2025-04-18 20:20:37,271 [INFO] WebApp:191 - Connection restablished
2025-04-18 20:20:44,376 [INFO] WebApp:194 - Connection lost
2025-04-18 20:20:44,783 [INFO] WebApp:191 - Connection restablished
2025-04-18 20:45:27,432 [INFO] WebApp:194 - Connection lost
2025-04-18 20:45:27,859 [INFO] WebApp:191 - Connection restablished
2025-04-18 22:53:01,622 [ERROR] LogOutputStream:75 - [STDERR_REDIRECT] 
2025-04-18 22:53:01,640 [ERROR] LogOutputStream:75 - [STDERR_REDIRECT] 
