2025-04-10 14:37:56,172 [INFO] Activator:176 - 


2025-04-10 14:37:56,181 [INFO] Activator:177 - !SESSION log4j initialized
2025-04-10 14:38:04,775 [INFO] LogOutputStream:77 - [STDOUT_REDIRECT] 
2025-04-10 14:38:07,819 [INFO] ApplicationProperties:184 - Using Application install path: C:\ST\STM32CubeIDE_1.18.0\STM32CubeIDE\plugins\com.st.stm32cube.common.mx_6.14.0.202502271554
2025-04-10 14:38:07,845 [INFO] DbMcusXml:78 - Set database path to: C:\ST\STM32CubeIDE_1.18.0\STM32CubeIDE\plugins\com.st.stm32cube.common.mx_6.14.0.202502271554\\db\/mcu/
2025-04-10 14:38:07,846 [INFO] ApiDb:274 - Set plugin database path to: C:\ST\STM32CubeIDE_1.18.0\STM32CubeIDE\plugins\com.st.stm32cube.common.mx_6.14.0.202502271554\\db\/plugins/boardmanager/
2025-04-10 14:38:07,846 [WARN] ApiDb:259 - Overriding images path with different value:  => C:\ST\STM32CubeIDE_1.18.0\STM32CubeIDE\plugins\com.st.stm32cube.common.mx_6.14.0.202502271554\\db\/plugins/mcufinder/images/
2025-04-10 14:38:07,860 [INFO] ApiDb:250 - Set database path to: C:\Users\bjosu\.stmcufinder\plugins\mcufinder//mcu/
2025-04-10 14:38:07,861 [INFO] DbMcusAds:125 - Set database path to: C:\Users\bjosu\.stmcufinder\plugins\mcufinder//mcu/
2025-04-10 14:38:07,865 [INFO] CrossReferenceDbSqlite:203 - Set database path to: C:\Users\bjosu\.stmcufinder\plugins\mcufinder//mcu/cs/
2025-04-10 14:38:08,012 [INFO] RulesReader:64 - Compatibility file has been processed (301 Rules)
2025-04-10 14:38:08,122 [INFO] DbMcusXml:78 - Set database path to: C:\ST\STM32CubeIDE_1.18.0\STM32CubeIDE\plugins\com.st.stm32cube.common.mx_6.14.0.202502271554\\db\/mcu/
2025-04-10 14:38:08,122 [INFO] ApiDb:274 - Set plugin database path to: C:\ST\STM32CubeIDE_1.18.0\STM32CubeIDE\plugins\com.st.stm32cube.common.mx_6.14.0.202502271554\\db\/plugins/boardmanager/
2025-04-10 14:38:08,122 [INFO] ApiDb:261 - Set plugin images path to: C:\ST\STM32CubeIDE_1.18.0\STM32CubeIDE\plugins\com.st.stm32cube.common.mx_6.14.0.202502271554\\db\/plugins/mcufinder/images/
2025-04-10 14:38:08,122 [WARN] DbFile:41 - Overriding database path with different value: C:\Users\bjosu\.stmcufinder\plugins\mcufinder/ => C:\Users\bjosu\.stmcufinder\plugins\mcufinder
2025-04-10 14:38:08,122 [INFO] ApiDb:250 - Set database path to: C:\Users\bjosu\.stmcufinder\plugins\mcufinder//mcu/
2025-04-10 14:38:08,123 [WARN] DbFile:41 - Overriding database path with different value: C:\Users\bjosu\.stmcufinder\plugins\mcufinder/ => C:\Users\bjosu\.stmcufinder\plugins\mcufinder
2025-04-10 14:38:08,123 [INFO] DbMcusAds:125 - Set database path to: C:\Users\bjosu\.stmcufinder\plugins\mcufinder//mcu/
2025-04-10 14:38:08,123 [WARN] DbFile:41 - Overriding database path with different value: C:\Users\bjosu\.stmcufinder\plugins\mcufinder/ => C:\Users\bjosu\.stmcufinder\plugins\mcufinder
2025-04-10 14:38:08,123 [WARN] DbFile:41 - Overriding database path with different value: C:\Users\bjosu\.stmcufinder\plugins\mcufinder/ => C:\Users\bjosu\.stmcufinder\plugins\mcufinder
2025-04-10 14:38:08,123 [INFO] CrossReferenceDbSqlite:203 - Set database path to: C:\Users\bjosu\.stmcufinder\plugins\mcufinder//mcu/cs/
2025-04-10 14:38:08,226 [INFO] MainPanel:272 - HeapMemory: 268435456
2025-04-10 14:38:08,375 [INFO] DbMcusXml:78 - Set database path to: C:\ST\STM32CubeIDE_1.18.0\STM32CubeIDE\plugins\com.st.stm32cube.common.mx_6.14.0.202502271554\\db\/mcu/
2025-04-10 14:38:08,375 [INFO] ApiDb:274 - Set plugin database path to: C:\ST\STM32CubeIDE_1.18.0\STM32CubeIDE\plugins\com.st.stm32cube.common.mx_6.14.0.202502271554\\db\/plugins/boardmanager/
2025-04-10 14:38:08,375 [INFO] ApiDb:261 - Set plugin images path to: C:\ST\STM32CubeIDE_1.18.0\STM32CubeIDE\plugins\com.st.stm32cube.common.mx_6.14.0.202502271554\\db\/plugins/mcufinder/images/
2025-04-10 14:38:08,376 [WARN] DbFile:41 - Overriding database path with different value: C:\Users\bjosu\.stmcufinder\plugins\mcufinder/ => C:\Users\bjosu\.stmcufinder\plugins\mcufinder
2025-04-10 14:38:08,376 [INFO] ApiDb:250 - Set database path to: C:\Users\bjosu\.stmcufinder\plugins\mcufinder//mcu/
2025-04-10 14:38:08,376 [WARN] DbFile:41 - Overriding database path with different value: C:\Users\bjosu\.stmcufinder\plugins\mcufinder/ => C:\Users\bjosu\.stmcufinder\plugins\mcufinder
2025-04-10 14:38:08,376 [INFO] DbMcusAds:125 - Set database path to: C:\Users\bjosu\.stmcufinder\plugins\mcufinder//mcu/
2025-04-10 14:38:08,376 [WARN] DbFile:41 - Overriding database path with different value: C:\Users\bjosu\.stmcufinder\plugins\mcufinder/ => C:\Users\bjosu\.stmcufinder\plugins\mcufinder
2025-04-10 14:38:08,376 [WARN] DbFile:41 - Overriding database path with different value: C:\Users\bjosu\.stmcufinder\plugins\mcufinder/ => C:\Users\bjosu\.stmcufinder\plugins\mcufinder
2025-04-10 14:38:08,377 [INFO] CrossReferenceDbSqlite:203 - Set database path to: C:\Users\bjosu\.stmcufinder\plugins\mcufinder//mcu/cs/
2025-04-10 14:38:08,400 [INFO] ApplicationProperties:184 - Using Application install path: C:\ST\STM32CubeIDE_1.18.0\STM32CubeIDE\plugins\com.st.stm32cube.common.mx_6.14.0.202502271554
2025-04-10 14:38:08,402 [INFO] PluginManage:196 - Search for loadable plugins [exclusion list=, ]
2025-04-10 14:38:08,404 [INFO] PluginManage:310 - Check plugin analytics
2025-04-10 14:38:08,675 [INFO] AnalyticsPlugin:253 - Accepted Software Licenses: 
2025-04-10 14:38:08,675 [INFO] AnalyticsPlugin:255 - Accepted CMSIS Pack Licenses: 
2025-04-10 14:38:08,676 [INFO] AnalyticsPlugin:257 - Accepted Firmware Licenses: FW.F4.1.28.0
2025-04-10 14:38:08,680 [INFO] PluginManage:359 - Loaded plugin analytics (category:tool,tabindex:-1)
2025-04-10 14:38:08,681 [INFO] PluginManage:310 - Check plugin cadmodel
2025-04-10 14:38:08,691 [INFO] CADModel:105 - Init CAD model plugin
2025-04-10 14:38:08,691 [INFO] PluginManage:359 - Loaded plugin cadmodel (category:power,tabindex:5)
2025-04-10 14:38:08,692 [INFO] PluginManage:310 - Check plugin clock
2025-04-10 14:38:08,710 [INFO] PluginManage:359 - Loaded plugin clock (category:base,tabindex:2)
2025-04-10 14:38:08,710 [INFO] PluginManage:310 - Check plugin ddr
2025-04-10 14:38:08,715 [INFO] PluginManage:359 - Loaded plugin ddr (category:tool,tabindex:6)
2025-04-10 14:38:08,715 [INFO] PluginManage:310 - Check plugin filemanager
2025-04-10 14:38:08,911 [INFO] PluginManage:359 - Loaded plugin filemanager (category:base,tabindex:10)
2025-04-10 14:38:08,911 [INFO] PluginManage:310 - Check plugin ipmanager
2025-04-10 14:38:08,921 [INFO] PluginManage:359 - Loaded plugin ipmanager (category:base,tabindex:5)
2025-04-10 14:38:08,921 [INFO] PluginManage:310 - Check plugin lpbam
2025-04-10 14:38:08,932 [INFO] PluginManage:359 - Loaded plugin lpbam (category:base,tabindex:0)
2025-04-10 14:38:08,933 [INFO] PluginManage:310 - Check plugin memorymap
2025-04-10 14:38:08,949 [INFO] PluginManage:359 - Loaded plugin memorymap (category:base,tabindex:4)
2025-04-10 14:38:08,949 [INFO] PluginManage:310 - Check plugin pinoutandconfiguration
2025-04-10 14:38:08,961 [INFO] PluginManage:359 - Loaded plugin pinoutandconfiguration (category:base,tabindex:1)
2025-04-10 14:38:08,962 [INFO] PluginManage:310 - Check plugin pinoutconfig
2025-04-10 14:38:09,091 [WARN] SupportedApi:132 - Cannot load RTOS API schema: s4s-elt-must-match.1: The content of 'definitions' must match (annotation?, (simpleType | complexType)?, (unique | key | keyref)*)). A problem was found starting at: attribute.
2025-04-10 14:38:09,330 [INFO] PluginManage:359 - Loaded plugin pinoutconfig (category:base,tabindex:0)
2025-04-10 14:38:09,330 [INFO] PluginManage:310 - Check plugin power
2025-04-10 14:38:09,367 [INFO] PluginManage:359 - Loaded plugin power (category:power,tabindex:4)
2025-04-10 14:38:09,368 [INFO] PluginManage:310 - Check plugin projectmanager
2025-04-10 14:38:09,395 [INFO] PluginManage:359 - Loaded plugin projectmanager (category:projectmanager,tabindex:4)
2025-04-10 14:38:09,395 [INFO] PluginManage:310 - Check plugin rif
2025-04-10 14:38:09,416 [INFO] PluginManage:359 - Loaded plugin rif (category:base,tabindex:3)
2025-04-10 14:38:09,416 [INFO] PluginManage:310 - Check plugin thirdparty
2025-04-10 14:38:09,680 [INFO] PluginManage:359 - Loaded plugin thirdparty (category:base,tabindex:-1)
2025-04-10 14:38:09,680 [WARN] IntegrityCheckThread:84 - waiting for thirdparty lock release [integrity check]
2025-04-10 14:38:09,681 [INFO] IntegrityCheckThread:86 - entering critical section [integrity check]
2025-04-10 14:38:09,681 [INFO] PluginManage:310 - Check plugin tools
2025-04-10 14:38:09,682 [INFO] ThirdPartyUpdaterWithRetryManager:70 - Updater plugin not ready yet. [1/15]
2025-04-10 14:38:09,687 [INFO] PluginManage:359 - Loaded plugin tools (category:base,tabindex:7)
2025-04-10 14:38:09,688 [INFO] PluginManage:310 - Check plugin tutovideos
2025-04-10 14:38:09,920 [INFO] PluginManage:359 - Loaded plugin tutovideos (category:base,tabindex:-1)
2025-04-10 14:38:09,921 [INFO] PluginManage:310 - Check plugin updater
2025-04-10 14:38:09,954 [INFO] PluginManage:359 - Loaded plugin updater (category:base,tabindex:12)
2025-04-10 14:38:09,954 [INFO] PluginManage:310 - Check plugin userauth
2025-04-10 14:38:09,960 [INFO] UserAuth:118 - Init User Auth plugin
2025-04-10 14:38:09,962 [INFO] PluginManage:359 - Loaded plugin userauth (category:base,tabindex:14)
2025-04-10 14:38:09,962 [INFO] PluginManage:283 - PluginManage : Loaded plugins [18]
2025-04-10 14:38:10,263 [INFO] PinOutPanel:1589 - setPackage(No Configuration,No Configuration)
2025-04-10 14:38:10,398 [INFO] CADModel:165 - CPN selected for project level
2025-04-10 14:38:10,398 [INFO] CADModel:114 - Register for checkConnection events
2025-04-10 14:38:10,433 [INFO] IPUIPlugin:80 - create IPUIPlugin
2025-04-10 14:38:10,433 [INFO] PluginManager:220 - loadIPPluginJar : add adc
2025-04-10 14:38:10,438 [INFO] IPUIPlugin:80 - create IPUIPlugin
2025-04-10 14:38:10,438 [INFO] PluginManager:220 - loadIPPluginJar : add aes
2025-04-10 14:38:10,444 [INFO] IPUIPlugin:80 - create IPUIPlugin
2025-04-10 14:38:10,445 [INFO] PluginManager:220 - loadIPPluginJar : add can
2025-04-10 14:38:10,448 [INFO] IPUIPlugin:80 - create IPUIPlugin
2025-04-10 14:38:10,448 [INFO] PluginManager:220 - loadIPPluginJar : add comp
2025-04-10 14:38:10,454 [INFO] IPUIPlugin:80 - create IPUIPlugin
2025-04-10 14:38:10,455 [INFO] PluginManager:220 - loadIPPluginJar : add cryp
2025-04-10 14:38:10,462 [INFO] IPUIPlugin:80 - create IPUIPlugin
2025-04-10 14:38:10,462 [INFO] PluginManager:220 - loadIPPluginJar : add ddr_ctrl_phy
2025-04-10 14:38:10,468 [INFO] IPUIPlugin:80 - create IPUIPlugin
2025-04-10 14:38:10,468 [INFO] PluginManager:220 - loadIPPluginJar : add dfsdm
2025-04-10 14:38:10,478 [INFO] IPUIPlugin:80 - create IPUIPlugin
2025-04-10 14:38:10,478 [INFO] PluginManager:220 - loadIPPluginJar : add dma
2025-04-10 14:38:10,483 [INFO] IPUIPlugin:80 - create IPUIPlugin
2025-04-10 14:38:10,484 [INFO] PluginManager:220 - loadIPPluginJar : add dma3
2025-04-10 14:38:10,489 [INFO] IPUIPlugin:80 - create IPUIPlugin
2025-04-10 14:38:10,489 [INFO] PluginManager:220 - loadIPPluginJar : add extmemmanager
2025-04-10 14:38:10,493 [INFO] IPUIPlugin:80 - create IPUIPlugin
2025-04-10 14:38:10,493 [INFO] PluginManager:220 - loadIPPluginJar : add fatfs
2025-04-10 14:38:10,502 [INFO] IPUIPlugin:80 - create IPUIPlugin
2025-04-10 14:38:10,502 [INFO] PluginManager:220 - loadIPPluginJar : add fmc
2025-04-10 14:38:10,511 [INFO] IPUIPlugin:80 - create IPUIPlugin
2025-04-10 14:38:10,511 [INFO] PluginManager:220 - loadIPPluginJar : add freertos
2025-04-10 14:38:10,514 [INFO] IPUIPlugin:80 - create IPUIPlugin
2025-04-10 14:38:10,515 [INFO] PluginManager:220 - loadIPPluginJar : add genericplugin
2025-04-10 14:38:10,519 [INFO] IPUIPlugin:80 - create IPUIPlugin
2025-04-10 14:38:10,520 [INFO] PluginManager:220 - loadIPPluginJar : add gfxmmu
2025-04-10 14:38:10,528 [INFO] IPUIPlugin:80 - create IPUIPlugin
2025-04-10 14:38:10,528 [INFO] PluginManager:220 - loadIPPluginJar : add gic
2025-04-10 14:38:10,536 [INFO] IPUIPlugin:80 - create IPUIPlugin
2025-04-10 14:38:10,537 [INFO] PluginManager:220 - loadIPPluginJar : add gpio
2025-04-10 14:38:10,542 [INFO] IPUIPlugin:80 - create IPUIPlugin
2025-04-10 14:38:10,542 [INFO] PluginManager:220 - loadIPPluginJar : add gtzc
2025-04-10 14:38:10,547 [INFO] IPUIPlugin:80 - create IPUIPlugin
2025-04-10 14:38:10,548 [INFO] PluginManager:220 - loadIPPluginJar : add hash
2025-04-10 14:38:10,553 [INFO] IPUIPlugin:80 - create IPUIPlugin
2025-04-10 14:38:10,553 [INFO] PluginManager:220 - loadIPPluginJar : add i2c
2025-04-10 14:38:10,558 [INFO] IPUIPlugin:80 - create IPUIPlugin
2025-04-10 14:38:10,559 [INFO] PluginManager:220 - loadIPPluginJar : add i2s
2025-04-10 14:38:10,564 [INFO] IPUIPlugin:80 - create IPUIPlugin
2025-04-10 14:38:10,564 [INFO] PluginManager:220 - loadIPPluginJar : add i3c
2025-04-10 14:38:10,569 [INFO] IPUIPlugin:80 - create IPUIPlugin
2025-04-10 14:38:10,570 [INFO] PluginManager:220 - loadIPPluginJar : add ipddr
2025-04-10 14:38:10,583 [INFO] IPUIPlugin:80 - create IPUIPlugin
2025-04-10 14:38:10,584 [INFO] PluginManager:220 - loadIPPluginJar : add linkedlist
2025-04-10 14:38:10,594 [INFO] IPUIPlugin:80 - create IPUIPlugin
2025-04-10 14:38:10,595 [INFO] PluginManager:220 - loadIPPluginJar : add lorawan
2025-04-10 14:38:10,606 [INFO] IPUIPlugin:80 - create IPUIPlugin
2025-04-10 14:38:10,607 [INFO] PluginManager:220 - loadIPPluginJar : add ltdc
2025-04-10 14:38:10,626 [INFO] IPUIPlugin:80 - create IPUIPlugin
2025-04-10 14:38:10,627 [INFO] PluginManager:220 - loadIPPluginJar : add mdma
2025-04-10 14:38:10,635 [INFO] IPUIPlugin:80 - create IPUIPlugin
2025-04-10 14:38:10,636 [INFO] PluginManager:220 - loadIPPluginJar : add nvic
2025-04-10 14:38:10,644 [INFO] IPUIPlugin:80 - create IPUIPlugin
2025-04-10 14:38:10,644 [INFO] PluginManager:220 - loadIPPluginJar : add opamp
2025-04-10 14:38:10,654 [INFO] IPUIPlugin:80 - create IPUIPlugin
2025-04-10 14:38:10,654 [INFO] PluginManager:220 - loadIPPluginJar : add openamp
2025-04-10 14:38:10,665 [INFO] IPUIPlugin:80 - create IPUIPlugin
2025-04-10 14:38:10,665 [INFO] PluginManager:220 - loadIPPluginJar : add pdm2pcm
2025-04-10 14:38:10,682 [INFO] IPUIPlugin:80 - create IPUIPlugin
2025-04-10 14:38:10,687 [INFO] PluginManager:220 - loadIPPluginJar : add plateformsettings
2025-04-10 14:38:10,691 [INFO] IPUIPlugin:80 - create IPUIPlugin
2025-04-10 14:38:10,692 [INFO] PluginManager:220 - loadIPPluginJar : add quadspi
2025-04-10 14:38:10,697 [INFO] IPUIPlugin:80 - create IPUIPlugin
2025-04-10 14:38:10,699 [INFO] PluginManager:220 - loadIPPluginJar : add radio
2025-04-10 14:38:10,707 [INFO] IPUIPlugin:80 - create IPUIPlugin
2025-04-10 14:38:10,708 [INFO] PluginManager:220 - loadIPPluginJar : add resmgrutility
2025-04-10 14:38:10,716 [INFO] IPUIPlugin:80 - create IPUIPlugin
2025-04-10 14:38:10,716 [INFO] PluginManager:220 - loadIPPluginJar : add sai
2025-04-10 14:38:10,723 [INFO] IPUIPlugin:80 - create IPUIPlugin
2025-04-10 14:38:10,723 [INFO] PluginManager:220 - loadIPPluginJar : add spi
2025-04-10 14:38:10,738 [INFO] IPUIPlugin:80 - create IPUIPlugin
2025-04-10 14:38:10,738 [INFO] PluginManager:220 - loadIPPluginJar : add stm32_wpan
2025-04-10 14:38:10,743 [INFO] IPUIPlugin:80 - create IPUIPlugin
2025-04-10 14:38:10,743 [INFO] PluginManager:220 - loadIPPluginJar : add tim
2025-04-10 14:38:10,751 [INFO] IPUIPlugin:80 - create IPUIPlugin
2025-04-10 14:38:10,752 [INFO] PluginManager:220 - loadIPPluginJar : add touchsensing
2025-04-10 14:38:10,756 [INFO] IPUIPlugin:80 - create IPUIPlugin
2025-04-10 14:38:10,756 [INFO] PluginManager:220 - loadIPPluginJar : add tracer_emb
2025-04-10 14:38:10,760 [INFO] IPUIPlugin:80 - create IPUIPlugin
2025-04-10 14:38:10,761 [INFO] PluginManager:220 - loadIPPluginJar : add ts
2025-04-10 14:38:10,765 [INFO] IPUIPlugin:80 - create IPUIPlugin
2025-04-10 14:38:10,766 [INFO] PluginManager:220 - loadIPPluginJar : add tsc
2025-04-10 14:38:10,770 [INFO] IPUIPlugin:80 - create IPUIPlugin
2025-04-10 14:38:10,770 [INFO] PluginManager:220 - loadIPPluginJar : add ucpd
2025-04-10 14:38:10,776 [INFO] IPUIPlugin:80 - create IPUIPlugin
2025-04-10 14:38:10,776 [INFO] PluginManager:220 - loadIPPluginJar : add usart
2025-04-10 14:38:10,783 [INFO] IPUIPlugin:80 - create IPUIPlugin
2025-04-10 14:38:10,783 [INFO] PluginManager:220 - loadIPPluginJar : add usbx
2025-04-10 14:38:10,958 [FATAL] Updater:351 - Updater called before beeing initialized
2025-04-10 14:38:10,997 [INFO] RulesReader:64 - Compatibility file has been processed (301 Rules)
2025-04-10 14:38:11,011 [INFO] RulesReader:64 - Compatibility file has been processed (301 Rules)
2025-04-10 14:38:11,025 [INFO] CADModel:165 - CPN selected for project level
2025-04-10 14:38:11,025 [INFO] CADModel:114 - Register for checkConnection events
2025-04-10 14:38:11,026 [FATAL] Updater:351 - Updater called before beeing initialized
2025-04-10 14:38:11,026 [ERROR] CADModel:125 - Updater not yet initialized, retry later 
2025-04-10 14:38:11,229 [FATAL] Updater:351 - Updater called before beeing initialized
2025-04-10 14:38:11,232 [INFO] CADModel:165 - CPN selected for project level
2025-04-10 14:38:11,232 [INFO] CADModel:114 - Register for checkConnection events
2025-04-10 14:38:11,233 [FATAL] Updater:351 - Updater called before beeing initialized
2025-04-10 14:38:11,233 [ERROR] CADModel:125 - Updater not yet initialized, retry later 
2025-04-10 14:38:11,237 [FATAL] Updater:351 - Updater called before beeing initialized
2025-04-10 14:38:11,428 [FATAL] Updater:351 - Updater called before beeing initialized
2025-04-10 14:38:11,433 [INFO] DbMcusAds:53 - JSON generation date=Thu Mar 06 08:54:22 CST 2025 (1741272862204)
2025-04-10 14:38:11,434 [FATAL] Updater:351 - Updater called before beeing initialized
2025-04-10 14:38:11,480 [WARN] DetailPanel:346 - Failed to get advertising image, set to default
2025-04-10 14:38:11,839 [FATAL] Updater:351 - Updater called before beeing initialized
2025-04-10 14:38:11,841 [FATAL] Updater:351 - Updater called before beeing initialized
2025-04-10 14:38:11,842 [FATAL] Updater:351 - Updater called before beeing initialized
2025-04-10 14:38:11,842 [WARN] DetailPanel:346 - Failed to get advertising image, set to default
2025-04-10 14:38:11,843 [FATAL] Updater:351 - Updater called before beeing initialized
2025-04-10 14:38:12,080 [ERROR] Updater:1198 - MainUpdater not yet initialized. External WinMGr cannot be set.
2025-04-10 14:38:12,092 [INFO] Updater:1134 - Updater Version found : 6.14.0
2025-04-10 14:38:12,320 [INFO] ApplicationProperties:184 - Using Application install path: C:\ST\STM32CubeIDE_1.18.0\STM32CubeIDE\plugins\com.st.stm32cube.common.mx_6.14.0.202502271554
2025-04-10 14:38:12,684 [INFO] ThirdPartyUpdaterWithRetryManager:70 - Updater plugin not ready yet. [2/15]
2025-04-10 14:38:13,931 [ERROR] LogOutputStream:75 - [STDERR_REDIRECT] Apr 10, 2025 2:38:13 PM java.util.prefs.WindowsPreferences <init>
2025-04-10 14:38:13,933 [ERROR] LogOutputStream:75 - [STDERR_REDIRECT] WARNING: Could not open/create prefs root node Software\JavaSoft\Prefs at root 0xffffffff80000002. Windows RegCreateKeyEx(...) returned error code 5.
2025-04-10 14:38:13,934 [ERROR] LogOutputStream:75 - [STDERR_REDIRECT] 
2025-04-10 14:38:14,495 [INFO] MainUpdater:2872 - connection check result : 10
2025-04-10 14:38:14,497 [INFO] MainUpdater:289 - Updater Check For Update Now.
2025-04-10 14:38:14,497 [INFO] MicroXplorer:498 - Change Database Version : DB.6.0.140
2025-04-10 14:38:14,507 [INFO] McuFinderGlobals:63 - Set McuFinder mode to 2 (CubeIDE integrated)
2025-04-10 14:38:14,510 [INFO] UserAuth:486 - Internet connection configuration mode: 1
2025-04-10 14:38:14,552 [INFO] JxBrowserEngine:152 - Initiate JxBrowser Engine with user profile folder
2025-04-10 14:38:14,753 [INFO] CheckServerUpdateThread:120 - End of CheckServer Thread
2025-04-10 14:38:16,534 [INFO] WebApp:169 - Instantiating new browser for Auth
2025-04-10 14:38:16,576 [WARN] PackLoader:240 - Cannot read IP mode file for STMicroelectronics.FP-SNS-MOTENVWB1.1.4.0
2025-04-10 14:38:16,602 [WARN] PackLoader:240 - Cannot read IP mode file for STMicroelectronics.FP-ATR-ASTRA1.2.0.2
2025-04-10 14:38:16,647 [WARN] PackLoader:240 - Cannot read IP mode file for STMicroelectronics.X-CUBE-SMBUS.2.1.0
2025-04-10 14:38:16,690 [WARN] PackLoader:240 - Cannot read IP mode file for STMicroelectronics.X-CUBE-WB05N.1.1.0
2025-04-10 14:38:16,793 [WARN] PackLoader:240 - Cannot read IP mode file for STMicroelectronics.X-CUBE-AZRTOS-F7.1.1.0
2025-04-10 14:38:16,854 [WARN] PackLoader:240 - Cannot read IP mode file for Infineon.AIROC-Wi-Fi-Bluetooth-STM32.1.7.0
2025-04-10 14:38:16,951 [WARN] PackLoader:240 - Cannot read IP mode file for STMicroelectronics.X-CUBE-DISPLAY.3.0.0
2025-04-10 14:38:17,016 [WARN] PackLoader:240 - Cannot read IP mode file for STMicroelectronics.X-CUBE-NFC10.1.0.0
2025-04-10 14:38:17,052 [WARN] PackLoader:240 - Cannot read IP mode file for STMicroelectronics.X-CUBE-BLEMGR.4.0.0
2025-04-10 14:38:17,112 [WARN] PackLoader:240 - Cannot read IP mode file for emotas.I-CUBE-CANOPEN.1.3.0
2025-04-10 14:38:17,131 [WARN] ConditionMgr:438 - getConditionDescription Invalid condition id : Cortex-A Device cause : null
2025-04-10 14:38:17,167 [WARN] ConditionMgr:1044 - genDependencies : Invalid condition id : Cortex-A Device cause : null
2025-04-10 14:38:17,168 [WARN] ConditionMgr:1044 - genDependencies : Invalid condition id : Cortex-A Device cause : null
2025-04-10 14:38:17,168 [WARN] ConditionMgr:1044 - genDependencies : Invalid condition id : Cortex-A Device cause : null
2025-04-10 14:38:17,190 [WARN] PackLoader:240 - Cannot read IP mode file for STMicroelectronics.X-CUBE-AI.10.0.0
2025-04-10 14:38:17,204 [WARN] PackLoader:240 - Cannot read IP mode file for STMicroelectronics.FP-SNS-SMARTAG2.1.2.0
2025-04-10 14:38:17,217 [WARN] PackLoader:240 - Cannot read IP mode file for STMicroelectronics.FP-SNS-FLIGHT1.5.1.0
2025-04-10 14:38:17,326 [WARN] PackLoader:240 - Cannot read IP mode file for STMicroelectronics.X-CUBE-MEMS1.11.1.0
2025-04-10 14:38:17,591 [INFO] LogOutputStream:77 - [STDOUT_REDIRECT] 1 : Invalid condition id : UX_CORESTACK_Condition cause : null
2025-04-10 14:38:17,593 [INFO] LogOutputStream:77 - [STDOUT_REDIRECT] 1 : Invalid condition id : UX_CORESTACK_Condition cause : null
2025-04-10 14:38:17,595 [INFO] LogOutputStream:77 - [STDOUT_REDIRECT] 1 : Invalid condition id : UX_CORESTACK_Condition cause : null
2025-04-10 14:38:17,598 [INFO] LogOutputStream:77 - [STDOUT_REDIRECT] 1 : Invalid condition id : UX_CORESTACK_Condition cause : null
2025-04-10 14:38:17,600 [INFO] LogOutputStream:77 - [STDOUT_REDIRECT] 1 : Invalid condition id : UX_CORESTACK_Condition cause : null
2025-04-10 14:38:17,606 [WARN] PackLoader:240 - Cannot read IP mode file for STMicroelectronics.X-CUBE-AZRTOS-WL.2.0.0
2025-04-10 14:38:17,618 [WARN] PackLoader:240 - Cannot read IP mode file for STMicroelectronics.FP-SNS-MOTENV1.5.0.0
2025-04-10 14:38:17,636 [WARN] PackLoader:240 - Cannot read IP mode file for WES.I-CUBE-Cesium.1.3.0
2025-04-10 14:38:17,648 [WARN] PackLoader:240 - Cannot read IP mode file for STMicroelectronics.X-CUBE-BLE2.3.3.0
2025-04-10 14:38:17,664 [WARN] PackLoader:240 - Cannot read IP mode file for STMicroelectronics.X-CUBE-NFC9.1.0.0
2025-04-10 14:38:17,677 [WARN] PackLoader:240 - Cannot read IP mode file for STMicroelectronics.X-CUBE-BLE1.7.1.0
2025-04-10 14:38:17,699 [WARN] PackLoader:240 - Cannot read IP mode file for wolfSSL.I-CUBE-wolfMQTT.1.19.2
2025-04-10 14:38:17,739 [WARN] PackLoader:240 - Cannot read IP mode file for STMicroelectronics.X-CUBE-AZRTOS-G0.1.1.0
2025-04-10 14:38:17,779 [WARN] PackLoader:240 - Cannot read IP mode file for STMicroelectronics.X-CUBE-SAFEA1.1.2.2
2025-04-10 14:38:17,819 [WARN] PackLoader:240 - Cannot read IP mode file for STMicroelectronics.X-CUBE-NFC4.3.0.0
2025-04-10 14:38:17,842 [WARN] PackLoader:240 - Cannot read IP mode file for EmbeddedOffice.I-CUBE-FS-RTOS.1.0.1
2025-04-10 14:38:17,868 [WARN] PackLoader:240 - Cannot read IP mode file for wolfSSL.I-CUBE-wolfTPM.3.8.0
2025-04-10 14:38:17,886 [WARN] PackLoader:240 - Cannot read IP mode file for STMicroelectronics.X-CUBE-TCPP.4.2.0
2025-04-10 14:38:17,910 [WARN] PackLoader:240 - Cannot read IP mode file for RealThread.X-CUBE-RT-Thread_Nano.4.1.1
2025-04-10 14:38:17,926 [WARN] PackLoader:240 - Cannot read IP mode file for STMicroelectronics.FP-ATR-SIGFOX1.3.2.0
2025-04-10 14:38:17,943 [WARN] PackLoader:240 - Cannot read IP mode file for STMicroelectronics.X-CUBE-EEPRMA1.5.1.0
2025-04-10 14:38:17,956 [WARN] PackLoader:240 - Cannot read IP mode file for wolfSSL.I-CUBE-wolfSSL.5.7.6
2025-04-10 14:38:17,969 [WARN] PackLoader:240 - Cannot read IP mode file for ITTIA_DB.I-CUBE-ITTIADB.8.9.0
2025-04-10 14:38:18,014 [WARN] PackLoader:240 - Cannot read IP mode file for SEGGER.I-CUBE-embOS.1.3.1
2025-04-10 14:38:18,088 [WARN] PackLoader:240 - Cannot read IP mode file for STMicroelectronics.X-CUBE-ALGOBUILD.1.4.0
2025-04-10 14:38:18,117 [WARN] PackLoader:240 - Cannot read IP mode file for STMicroelectronics.X-CUBE-AZRTOS-F4.1.1.0
2025-04-10 14:38:18,132 [WARN] PackLoader:240 - Cannot read IP mode file for STMicroelectronics.X-CUBE-ISPU.2.1.0
2025-04-10 14:38:18,161 [WARN] PackLoader:240 - Cannot read IP mode file for STMicroelectronics.X-CUBE-AZRTOS-L5.2.0.0
2025-04-10 14:38:18,180 [WARN] PackLoader:240 - Cannot read IP mode file for STMicroelectronics.X-CUBE-NFC6.3.1.0
2025-04-10 14:38:18,196 [WARN] PackLoader:240 - Cannot read IP mode file for STMicroelectronics.X-CUBE-DPower.1.2.0
2025-04-10 14:38:18,208 [WARN] PackLoader:240 - Cannot read IP mode file for STMicroelectronics.X-CUBE-FREERTOS.1.3.0
2025-04-10 14:38:18,219 [WARN] PackLoader:240 - Cannot read IP mode file for STMicroelectronics.X-CUBE-NFC7.1.0.1
2025-04-10 14:38:18,238 [WARN] PackLoader:240 - Cannot read IP mode file for STMicroelectronics.X-CUBE-DPower.1.3.0
2025-04-10 14:38:18,302 [WARN] ConditionMgr:438 - getConditionDescription Invalid condition id : LAN8742 Phy interface Condition cause : null
2025-04-10 14:38:18,304 [WARN] PackLoader:240 - Cannot read IP mode file for STMicroelectronics.X-CUBE-AZRTOS-L4.2.0.0
2025-04-10 14:38:18,308 [WARN] ConditionMgr:1044 - genDependencies : Invalid condition id : LAN8742 Phy interface Condition cause : null
2025-04-10 14:38:18,313 [WARN] ConditionMgr:1044 - genDependencies : Invalid condition id : LAN8742 Phy interface Condition cause : null
2025-04-10 14:38:18,315 [WARN] ConditionMgr:1044 - genDependencies : Invalid condition id : LAN8742 Phy interface Condition cause : null
2025-04-10 14:38:18,374 [WARN] PackLoader:240 - Cannot read IP mode file for STMicroelectronics.X-CUBE-SFXS2LP1.4.0.0
2025-04-10 14:38:18,581 [WARN] PackLoader:240 - Cannot read IP mode file for STMicroelectronics.X-CUBE-AZRTOS-H7.3.3.0
2025-04-10 14:38:18,632 [WARN] ConditionMgr:438 - getConditionDescription Invalid condition id : UX DEVICE CLASS RTOS Condition cause : null
2025-04-10 14:38:18,633 [WARN] ConditionMgr:438 - getConditionDescription Invalid condition id : UX DEVICE CLASS RTOS Condition cause : null
2025-04-10 14:38:18,644 [WARN] PackLoader:240 - Cannot read IP mode file for STMicroelectronics.X-CUBE-AZRTOS-WB.2.0.0
2025-04-10 14:38:18,645 [WARN] ConditionMgr:1044 - genDependencies : Invalid condition id : UX DEVICE CLASS RTOS Condition cause : null
2025-04-10 14:38:18,659 [WARN] ConditionMgr:1044 - genDependencies : Invalid condition id : UX DEVICE CLASS RTOS Condition cause : null
2025-04-10 14:38:18,665 [WARN] ConditionMgr:1044 - genDependencies : Invalid condition id : UX DEVICE CLASS RTOS Condition cause : null
2025-04-10 14:38:18,666 [WARN] ConditionMgr:1044 - genDependencies : Invalid condition id : UX DEVICE CLASS RTOS Condition cause : null
2025-04-10 14:38:18,666 [WARN] ConditionMgr:1044 - genDependencies : Invalid condition id : UX DEVICE CLASS RTOS Condition cause : null
2025-04-10 14:38:18,681 [WARN] PackLoader:240 - Cannot read IP mode file for STMicroelectronics.X-CUBE-GNSS1.7.0.1
2025-04-10 14:38:18,743 [WARN] PackLoader:240 - Cannot read IP mode file for STMicroelectronics.X-CUBE-TOUCHGFX.4.25.0
2025-04-10 14:38:18,787 [WARN] PackLoader:240 - Cannot read IP mode file for STMicroelectronics.FP-SNS-STBOX1.2.0.0
2025-04-10 14:38:18,827 [WARN] PackLoader:240 - Cannot read IP mode file for STMicroelectronics.X-CUBE-SUBG2.5.0.0
2025-04-10 14:38:18,863 [INFO] WebApp:463 - Apply proxy settings
2025-04-10 14:38:18,874 [INFO] WebApp:548 - Chromium requires no authentication
2025-04-10 14:38:18,931 [INFO] WebApp:491 - Direct internet connection detected
2025-04-10 14:38:18,979 [WARN] PackLoader:240 - Cannot read IP mode file for STMicroelectronics.X-CUBE-AZRTOS-H7RS.1.1.0
2025-04-10 14:38:19,003 [WARN] PackLoader:240 - Cannot read IP mode file for Cesanta.I-CUBE-Mongoose.7.13.0
2025-04-10 14:38:19,041 [WARN] PackLoader:240 - Cannot read IP mode file for STMicroelectronics.X-CUBE-AZRTOS-G4.2.0.0
2025-04-10 14:38:19,111 [WARN] PackLoader:240 - Cannot read IP mode file for wolfSSL.I-CUBE-wolfSSH.1.4.20
2025-04-10 14:38:19,147 [WARN] PackLoader:240 - Cannot read IP mode file for STMicroelectronics.X-CUBE-IPS.3.1.0
2025-04-10 14:38:19,165 [WARN] PackLoader:240 - Cannot read IP mode file for STMicroelectronics.X-CUBE-ALS.1.0.2
2025-04-10 14:38:19,178 [INFO] WebApp:894 - Register for checkConnection events
2025-04-10 14:38:19,178 [INFO] WebApp:463 - Apply proxy settings
2025-04-10 14:38:19,179 [WARN] PackLoader:240 - Cannot read IP mode file for portGmbH.I-Cube-SoM-uGOAL.1.1.0
2025-04-10 14:38:19,180 [INFO] WebApp:548 - Chromium requires no authentication
2025-04-10 14:38:19,186 [INFO] WebApp:491 - Direct internet connection detected
2025-04-10 14:38:19,208 [WARN] PackLoader:240 - Cannot read IP mode file for STMicroelectronics.X-CUBE-AZRTOS-H7RS.1.0.0
2025-04-10 14:38:19,228 [WARN] PackLoader:240 - Cannot read IP mode file for STMicroelectronics.X-CUBE-TOF1.3.4.2
2025-04-10 14:38:19,238 [INFO] ThirdParty:978 - Integrity check success = true
2025-04-10 14:38:19,238 [INFO] IntegrityCheckThread:100 - exiting critical section [integrity check]
2025-04-10 14:38:19,238 [INFO] IntegrityCheckThread:103 - End integrity checks thread
2025-04-10 14:38:19,398 [INFO] WebApp:191 - Connection restablished
2025-04-10 14:38:19,902 [INFO] WebApp:225 - Starting web application
2025-04-10 14:38:19,903 [INFO] WebApp:593 - Web application path used C:\ST\STM32CubeIDE_1.18.0\STM32CubeIDE\plugins\com.st.stm32cube.common.mx_6.14.0.202502271554\db\plugins\mcufinder\reactClient1\index.html
2025-04-10 14:38:20,522 [INFO] UserAuth:486 - Internet connection configuration mode: 1
2025-04-10 16:52:14,521 [ERROR] LogOutputStream:75 - [STDERR_REDIRECT] 
