2025-03-27 00:00:04,394 [INFO] ADCParametersView:116 -                Rank 1 : false
2025-03-27 00:00:04,413 [INFO] ADCParametersView:116 -                Rank 1 : false
2025-03-27 00:00:04,413 [INFO] ADCParametersView:116 -                Rank 1 : false
2025-03-27 00:00:04,413 [INFO] ADCParametersView:116 -                Rank 1 : false
2025-03-27 00:00:04,414 [INFO] ADCParametersView:116 -                Rank 1 : false
2025-03-27 00:00:04,414 [INFO] ADCParametersView:116 -                Rank 1 : false
2025-03-27 00:00:04,414 [INFO] ADCParametersView:116 -                Rank 1 : false
2025-03-27 00:00:04,415 [INFO] ADCParametersView:116 -                Rank 1 : false
2025-03-27 00:00:04,415 [INFO] ADCParametersView:116 -                Rank 1 : false
2025-03-27 00:00:04,415 [INFO] ADCParametersView:116 -                Rank 1 : false
2025-03-27 00:00:04,415 [INFO] ADCParametersView:116 -                Rank 1 : false
2025-03-27 00:00:04,416 [INFO] ADCParametersView:116 -                Rank 1 : false
2025-03-27 00:00:04,416 [INFO] ADCParametersView:116 -                Rank 1 : false
2025-03-27 00:00:04,416 [INFO] ADCParametersView:116 -                Rank 1 : false
2025-03-27 00:00:04,464 [INFO] ADCParametersView:116 -                Rank 1 : false
2025-03-27 00:00:14,631 [INFO] ADCParametersView:116 -                Rank 1 : false
2025-03-27 00:00:14,639 [INFO] ADCParametersView:116 -                Rank 1 : false
2025-03-27 00:00:14,640 [INFO] ADCParametersView:116 -                Rank 1 : false
2025-03-27 00:00:14,640 [INFO] ADCParametersView:116 -                Rank 1 : false
2025-03-27 00:00:14,640 [INFO] ADCParametersView:116 -                Rank 1 : false
2025-03-27 00:00:14,640 [INFO] ADCParametersView:116 -                Rank 1 : false
2025-03-27 00:00:14,640 [INFO] ADCParametersView:116 -                Rank 1 : false
2025-03-27 00:00:14,641 [INFO] ADCParametersView:116 -                Rank 1 : false
2025-03-27 00:00:14,641 [INFO] ADCParametersView:116 -                Rank 1 : false
2025-03-27 00:00:14,641 [INFO] ADCParametersView:116 -                Rank 1 : false
2025-03-27 00:00:14,641 [INFO] ADCParametersView:116 -                Rank 1 : false
2025-03-27 00:00:14,641 [INFO] ADCParametersView:116 -                Rank 1 : false
2025-03-27 00:00:14,641 [INFO] ADCParametersView:116 -                Rank 1 : false
2025-03-27 00:00:14,641 [INFO] ADCParametersView:116 -                Rank 1 : false
2025-03-27 00:00:14,670 [INFO] ADCParametersView:116 -                Rank 1 : false
2025-03-27 00:00:14,709 [INFO] ADCParametersView:116 -                Rank 1 : false
2025-03-27 00:00:14,711 [INFO] ADCParametersView:116 -                Rank 1 : false
2025-03-27 00:00:14,712 [INFO] ADCParametersView:116 -                Rank 1 : false
2025-03-27 00:00:14,712 [INFO] ADCParametersView:116 -                Rank 1 : false
2025-03-27 00:00:14,712 [INFO] ADCParametersView:116 -                Rank 1 : false
2025-03-27 00:00:14,712 [INFO] ADCParametersView:116 -                Rank 1 : false
2025-03-27 00:00:14,712 [INFO] ADCParametersView:116 -                Rank 1 : false
2025-03-27 00:00:14,712 [INFO] ADCParametersView:116 -                Rank 1 : false
2025-03-27 00:00:14,712 [INFO] ADCParametersView:116 -                Rank 1 : false
2025-03-27 00:00:14,712 [INFO] ADCParametersView:116 -                Rank 1 : false
2025-03-27 00:00:14,713 [INFO] ADCParametersView:116 -                Rank 1 : false
2025-03-27 00:00:14,713 [INFO] ADCParametersView:116 -                Rank 1 : false
2025-03-27 00:00:14,713 [INFO] ADCParametersView:116 -                Rank 1 : false
2025-03-27 00:00:14,713 [INFO] ADCParametersView:116 -                Rank 1 : false
2025-03-27 00:00:14,728 [INFO] ADCParametersView:116 -                Rank 1 : false
2025-03-27 00:00:14,822 [INFO] ADCParametersView:116 -                Rank 1 : false
2025-03-27 00:00:14,823 [INFO] ADCParametersView:116 -                Rank 1 : false
2025-03-27 00:00:14,824 [INFO] ADCParametersView:116 -                Rank 1 : false
2025-03-27 00:00:14,824 [INFO] ADCParametersView:116 -                Rank 1 : false
2025-03-27 00:00:14,824 [INFO] ADCParametersView:116 -                Rank 1 : false
2025-03-27 00:00:14,824 [INFO] ADCParametersView:116 -                Rank 1 : false
2025-03-27 00:00:14,824 [INFO] ADCParametersView:116 -                Rank 1 : false
2025-03-27 00:00:14,824 [INFO] ADCParametersView:116 -                Rank 1 : false
2025-03-27 00:00:14,824 [INFO] ADCParametersView:116 -                Rank 1 : false
2025-03-27 00:00:14,825 [INFO] ADCParametersView:116 -                Rank 1 : false
2025-03-27 00:00:14,825 [INFO] ADCParametersView:116 -                Rank 1 : false
2025-03-27 00:00:14,825 [INFO] ADCParametersView:116 -                Rank 1 : false
2025-03-27 00:00:14,825 [INFO] ADCParametersView:116 -                Rank 1 : false
2025-03-27 00:00:14,825 [INFO] ADCParametersView:116 -                Rank 1 : false
2025-03-27 00:00:14,890 [INFO] ADCParametersView:116 -                Rank 1 : false
2025-03-27 00:00:34,143 [INFO] NvicIntPanel:101 - NVIC parent = com.st.microxplorer.plugins.ip.nvic.MultiNvicIntPanel[,0,0,0x0,invalid,layout=javax.swing.BoxLayout,alignmentX=0.0,alignmentY=0.0,border=,flags=9,maximumSize=,minimumSize=,preferredSize=]
2025-03-27 00:00:52,713 [INFO] NvicIntPanel:101 - NVIC parent = com.st.microxplorer.plugins.ip.nvic.MultiNvicIntPanel[,0,0,0x0,invalid,layout=javax.swing.BoxLayout,alignmentX=0.0,alignmentY=0.0,border=,flags=9,maximumSize=,minimumSize=,preferredSize=]
2025-03-27 00:00:54,032 [INFO] ADCParametersView:116 -                Rank 1 : false
2025-03-27 00:00:54,034 [INFO] ADCParametersView:116 -                Rank 1 : false
2025-03-27 00:00:54,034 [INFO] ADCParametersView:116 -                Rank 1 : false
2025-03-27 00:00:54,035 [INFO] ADCParametersView:116 -                Rank 1 : false
2025-03-27 00:00:54,035 [INFO] ADCParametersView:116 -                Rank 1 : false
2025-03-27 00:00:54,035 [INFO] ADCParametersView:116 -                Rank 1 : false
2025-03-27 00:00:54,035 [INFO] ADCParametersView:116 -                Rank 1 : false
2025-03-27 00:00:54,035 [INFO] ADCParametersView:116 -                Rank 1 : false
2025-03-27 00:00:54,035 [INFO] ADCParametersView:116 -                Rank 1 : false
2025-03-27 00:00:54,035 [INFO] ADCParametersView:116 -                Rank 1 : false
2025-03-27 00:00:54,035 [INFO] ADCParametersView:116 -                Rank 1 : false
2025-03-27 00:00:54,036 [INFO] ADCParametersView:116 -                Rank 1 : false
2025-03-27 00:00:54,036 [INFO] ADCParametersView:116 -                Rank 1 : false
2025-03-27 00:00:54,036 [INFO] ADCParametersView:116 -                Rank 1 : false
2025-03-27 00:00:54,095 [INFO] ADCParametersView:116 -                Rank 1 : false
2025-03-27 00:00:54,099 [INFO] ADCParametersView:116 -                Rank 1 : false
2025-03-27 00:00:54,101 [INFO] ADCParametersView:116 -                Rank 1 : false
2025-03-27 00:00:54,102 [INFO] ADCParametersView:116 -                Rank 1 : false
2025-03-27 00:00:54,102 [INFO] ADCParametersView:116 -                Rank 1 : false
2025-03-27 00:00:54,102 [INFO] ADCParametersView:116 -                Rank 1 : false
2025-03-27 00:00:54,102 [INFO] ADCParametersView:116 -                Rank 1 : false
2025-03-27 00:00:54,102 [INFO] ADCParametersView:116 -                Rank 1 : false
2025-03-27 00:00:54,102 [INFO] ADCParametersView:116 -                Rank 1 : false
2025-03-27 00:00:54,102 [INFO] ADCParametersView:116 -                Rank 1 : false
2025-03-27 00:00:54,102 [INFO] ADCParametersView:116 -                Rank 1 : false
2025-03-27 00:00:54,102 [INFO] ADCParametersView:116 -                Rank 1 : false
2025-03-27 00:00:54,102 [INFO] ADCParametersView:116 -                Rank 1 : false
2025-03-27 00:00:54,103 [INFO] ADCParametersView:116 -                Rank 1 : false
2025-03-27 00:00:54,103 [INFO] ADCParametersView:116 -                Rank 1 : false
2025-03-27 00:00:54,156 [INFO] ADCParametersView:116 -                Rank 1 : false
2025-03-27 00:00:54,159 [INFO] ADCParametersView:116 -                Rank 1 : false
2025-03-27 00:00:54,164 [INFO] ADCParametersView:116 -                Rank 1 : false
2025-03-27 00:00:54,164 [INFO] ADCParametersView:116 -                Rank 1 : false
2025-03-27 00:00:54,165 [INFO] ADCParametersView:116 -                Rank 1 : false
2025-03-27 00:00:54,165 [INFO] ADCParametersView:116 -                Rank 1 : false
2025-03-27 00:00:54,165 [INFO] ADCParametersView:116 -                Rank 1 : false
2025-03-27 00:00:54,165 [INFO] ADCParametersView:116 -                Rank 1 : false
2025-03-27 00:00:54,165 [INFO] ADCParametersView:116 -                Rank 1 : false
2025-03-27 00:00:54,165 [INFO] ADCParametersView:116 -                Rank 1 : false
2025-03-27 00:00:54,165 [INFO] ADCParametersView:116 -                Rank 1 : false
2025-03-27 00:00:54,165 [INFO] ADCParametersView:116 -                Rank 1 : false
2025-03-27 00:00:54,165 [INFO] ADCParametersView:116 -                Rank 1 : false
2025-03-27 00:00:54,165 [INFO] ADCParametersView:116 -                Rank 1 : false
2025-03-27 00:00:54,165 [INFO] ADCParametersView:116 -                Rank 1 : false
2025-03-27 00:00:54,217 [INFO] ADCParametersView:116 -                Rank 1 : false
2025-03-27 00:00:57,043 [INFO] ADCParametersView:116 -                Rank 1 : false
2025-03-27 00:00:57,044 [INFO] ADCParametersView:116 -                Rank 1 : false
2025-03-27 00:00:57,044 [INFO] ADCParametersView:116 -                Rank 1 : false
2025-03-27 00:00:57,044 [INFO] ADCParametersView:116 -                Rank 1 : false
2025-03-27 00:00:57,045 [INFO] ADCParametersView:116 -                Rank 1 : false
2025-03-27 00:00:57,045 [INFO] ADCParametersView:116 -                Rank 1 : false
2025-03-27 00:00:57,045 [INFO] ADCParametersView:116 -                Rank 1 : false
2025-03-27 00:00:57,045 [INFO] ADCParametersView:116 -                Rank 1 : false
2025-03-27 00:00:57,045 [INFO] ADCParametersView:116 -                Rank 1 : false
2025-03-27 00:00:57,045 [INFO] ADCParametersView:116 -                Rank 1 : false
2025-03-27 00:00:57,045 [INFO] ADCParametersView:116 -                Rank 1 : false
2025-03-27 00:00:57,045 [INFO] ADCParametersView:116 -                Rank 1 : false
2025-03-27 00:00:57,045 [INFO] ADCParametersView:116 -                Rank 1 : false
2025-03-27 00:00:57,045 [INFO] ADCParametersView:116 -                Rank 1 : false
2025-03-27 00:00:57,087 [INFO] ADCParametersView:116 -                Rank 1 : false
2025-03-27 00:00:57,089 [INFO] ADCParametersView:116 -                Rank 1 : false
2025-03-27 00:00:57,096 [INFO] ADCParametersView:116 -                Rank 1 : false
2025-03-27 00:00:57,096 [INFO] ADCParametersView:116 -                Rank 1 : false
2025-03-27 00:00:57,096 [INFO] ADCParametersView:116 -                Rank 1 : false
2025-03-27 00:00:57,097 [INFO] ADCParametersView:116 -                Rank 1 : false
2025-03-27 00:00:57,097 [INFO] ADCParametersView:116 -                Rank 1 : false
2025-03-27 00:00:57,097 [INFO] ADCParametersView:116 -                Rank 1 : false
2025-03-27 00:00:57,097 [INFO] ADCParametersView:116 -                Rank 1 : false
2025-03-27 00:00:57,097 [INFO] ADCParametersView:116 -                Rank 1 : false
2025-03-27 00:00:57,097 [INFO] ADCParametersView:116 -                Rank 1 : false
2025-03-27 00:00:57,097 [INFO] ADCParametersView:116 -                Rank 1 : false
2025-03-27 00:00:57,097 [INFO] ADCParametersView:116 -                Rank 1 : false
2025-03-27 00:00:57,097 [INFO] ADCParametersView:116 -                Rank 1 : false
2025-03-27 00:00:57,097 [INFO] ADCParametersView:116 -                Rank 1 : false
2025-03-27 00:00:57,147 [INFO] ADCParametersView:116 -                Rank 1 : false
2025-03-27 00:00:57,149 [INFO] ADCParametersView:116 -                Rank 1 : false
2025-03-27 00:00:57,151 [INFO] ADCParametersView:116 -                Rank 1 : false
2025-03-27 00:00:57,151 [INFO] ADCParametersView:116 -                Rank 1 : false
2025-03-27 00:00:57,151 [INFO] ADCParametersView:116 -                Rank 1 : false
2025-03-27 00:00:57,152 [INFO] ADCParametersView:116 -                Rank 1 : false
2025-03-27 00:00:57,152 [INFO] ADCParametersView:116 -                Rank 1 : false
2025-03-27 00:00:57,152 [INFO] ADCParametersView:116 -                Rank 1 : false
2025-03-27 00:00:57,152 [INFO] ADCParametersView:116 -                Rank 1 : false
2025-03-27 00:00:57,152 [INFO] ADCParametersView:116 -                Rank 1 : false
2025-03-27 00:00:57,152 [INFO] ADCParametersView:116 -                Rank 1 : false
2025-03-27 00:00:57,152 [INFO] ADCParametersView:116 -                Rank 1 : false
2025-03-27 00:00:57,152 [INFO] ADCParametersView:116 -                Rank 1 : false
2025-03-27 00:00:57,152 [INFO] ADCParametersView:116 -                Rank 1 : false
2025-03-27 00:00:57,152 [INFO] ADCParametersView:116 -                Rank 1 : false
2025-03-27 00:00:57,201 [INFO] ADCParametersView:116 -                Rank 1 : false
2025-03-27 00:01:09,578 [INFO] ADCParametersView:116 -                Rank 1 : true
2025-03-27 00:01:16,329 [INFO] SpinnerEditorADC:65 - is string kkkk
2025-03-27 00:01:18,900 [INFO] NvicIntPanel:101 - NVIC parent = com.st.microxplorer.plugins.ip.nvic.MultiNvicIntPanel[,0,0,0x0,invalid,layout=javax.swing.BoxLayout,alignmentX=0.0,alignmentY=0.0,border=,flags=9,maximumSize=,minimumSize=,preferredSize=]
2025-03-27 00:01:18,986 [INFO] ADCParametersView:116 -                Rank 1 : true
2025-03-27 00:01:18,989 [INFO] ADCParametersView:116 -                Rank 1 : true
2025-03-27 00:01:18,989 [INFO] ADCParametersView:116 -                Rank 1 : true
2025-03-27 00:01:18,989 [INFO] ADCParametersView:116 -                Rank 1 : true
2025-03-27 00:01:18,990 [INFO] ADCParametersView:116 -                Rank 1 : true
2025-03-27 00:01:18,990 [INFO] ADCParametersView:116 -                Rank 1 : true
2025-03-27 00:01:18,990 [INFO] ADCParametersView:116 -                Rank 1 : true
2025-03-27 00:01:18,990 [INFO] ADCParametersView:116 -                Rank 1 : true
2025-03-27 00:01:18,990 [INFO] ADCParametersView:116 -                Rank 1 : true
2025-03-27 00:01:18,990 [INFO] ADCParametersView:116 -                Rank 1 : true
2025-03-27 00:01:18,990 [INFO] ADCParametersView:116 -                Rank 1 : true
2025-03-27 00:01:18,990 [INFO] ADCParametersView:116 -                Rank 1 : true
2025-03-27 00:01:18,990 [INFO] ADCParametersView:116 -                Rank 1 : true
2025-03-27 00:01:18,990 [INFO] ADCParametersView:116 -                Rank 1 : true
2025-03-27 00:01:19,044 [INFO] ADCParametersView:116 -                Rank 1 : true
2025-03-27 00:01:46,670 [INFO] SpinnerEditorADC:65 - is string kkkk
2025-03-27 00:01:58,282 [INFO] NvicIntPanel:101 - NVIC parent = com.st.microxplorer.plugins.ip.nvic.MultiNvicIntPanel[,0,0,0x0,invalid,layout=javax.swing.BoxLayout,alignmentX=0.0,alignmentY=0.0,border=,flags=9,maximumSize=,minimumSize=,preferredSize=]
2025-03-27 00:01:58,465 [INFO] NvicIntPanel:101 - NVIC parent = com.st.microxplorer.plugins.ip.nvic.MultiNvicIntPanel[,0,0,0x0,invalid,layout=javax.swing.BoxLayout,alignmentX=0.0,alignmentY=0.0,border=,flags=9,maximumSize=,minimumSize=,preferredSize=]
2025-03-27 00:01:58,643 [INFO] NvicIntPanel:101 - NVIC parent = com.st.microxplorer.plugins.ip.nvic.MultiNvicIntPanel[,0,0,0x0,invalid,layout=javax.swing.BoxLayout,alignmentX=0.0,alignmentY=0.0,border=,flags=9,maximumSize=,minimumSize=,preferredSize=]
2025-03-27 00:01:58,829 [INFO] NvicIntPanel:101 - NVIC parent = com.st.microxplorer.plugins.ip.nvic.MultiNvicIntPanel[,0,0,0x0,invalid,layout=javax.swing.BoxLayout,alignmentX=0.0,alignmentY=0.0,border=,flags=9,maximumSize=,minimumSize=,preferredSize=]
2025-03-27 00:01:58,912 [INFO] ADCParametersView:116 -                Rank 1 : true
2025-03-27 00:01:58,915 [INFO] ADCParametersView:116 -                Rank 1 : true
2025-03-27 00:01:58,915 [INFO] ADCParametersView:116 -                Rank 1 : true
2025-03-27 00:01:58,915 [INFO] ADCParametersView:116 -                Rank 1 : true
2025-03-27 00:01:58,915 [INFO] ADCParametersView:116 -                Rank 1 : true
2025-03-27 00:01:58,915 [INFO] ADCParametersView:116 -                Rank 1 : true
2025-03-27 00:01:58,915 [INFO] ADCParametersView:116 -                Rank 1 : true
2025-03-27 00:01:58,915 [INFO] ADCParametersView:116 -                Rank 1 : true
2025-03-27 00:01:58,915 [INFO] ADCParametersView:116 -                Rank 1 : true
2025-03-27 00:01:58,916 [INFO] ADCParametersView:116 -                Rank 1 : true
2025-03-27 00:01:58,916 [INFO] ADCParametersView:116 -                Rank 1 : true
2025-03-27 00:01:58,916 [INFO] ADCParametersView:116 -                Rank 1 : true
2025-03-27 00:01:58,916 [INFO] ADCParametersView:116 -                Rank 1 : true
2025-03-27 00:01:58,916 [INFO] ADCParametersView:116 -                Rank 1 : true
2025-03-27 00:01:58,958 [INFO] ADCParametersView:116 -                Rank 1 : true
2025-03-27 00:01:58,959 [INFO] ADCParametersView:116 -                Rank 1 : true
2025-03-27 00:01:58,959 [INFO] ADCParametersView:116 -        *      Rank 2 : false
2025-03-27 00:01:58,964 [INFO] SpinnerEditorADC:65 - is string kkkk
2025-03-27 00:01:59,321 [INFO] ADCParametersView:116 -                Rank 1 : true
2025-03-27 00:01:59,321 [INFO] ADCParametersView:116 -        *      Rank 2 : false
2025-03-27 00:01:59,323 [INFO] ADCParametersView:116 -                Rank 1 : true
2025-03-27 00:01:59,324 [INFO] ADCParametersView:116 -        *      Rank 2 : false
2025-03-27 00:01:59,324 [INFO] ADCParametersView:116 -                Rank 1 : true
2025-03-27 00:01:59,324 [INFO] ADCParametersView:116 -        *      Rank 2 : false
2025-03-27 00:01:59,324 [INFO] ADCParametersView:116 -                Rank 1 : true
2025-03-27 00:01:59,324 [INFO] ADCParametersView:116 -        *      Rank 2 : false
2025-03-27 00:01:59,324 [INFO] ADCParametersView:116 -                Rank 1 : true
2025-03-27 00:01:59,324 [INFO] ADCParametersView:116 -        *      Rank 2 : false
2025-03-27 00:01:59,324 [INFO] ADCParametersView:116 -                Rank 1 : true
2025-03-27 00:01:59,324 [INFO] ADCParametersView:116 -        *      Rank 2 : false
2025-03-27 00:01:59,324 [INFO] ADCParametersView:116 -                Rank 1 : true
2025-03-27 00:01:59,324 [INFO] ADCParametersView:116 -        *      Rank 2 : false
2025-03-27 00:01:59,324 [INFO] ADCParametersView:116 -                Rank 1 : true
2025-03-27 00:01:59,324 [INFO] ADCParametersView:116 -        *      Rank 2 : false
2025-03-27 00:01:59,324 [INFO] ADCParametersView:116 -                Rank 1 : true
2025-03-27 00:01:59,324 [INFO] ADCParametersView:116 -        *      Rank 2 : false
2025-03-27 00:01:59,325 [INFO] ADCParametersView:116 -                Rank 1 : true
2025-03-27 00:01:59,325 [INFO] ADCParametersView:116 -        *      Rank 2 : false
2025-03-27 00:01:59,325 [INFO] ADCParametersView:116 -                Rank 1 : true
2025-03-27 00:01:59,325 [INFO] ADCParametersView:116 -        *      Rank 2 : false
2025-03-27 00:01:59,325 [INFO] ADCParametersView:116 -                Rank 1 : true
2025-03-27 00:01:59,325 [INFO] ADCParametersView:116 -        *      Rank 2 : false
2025-03-27 00:01:59,325 [INFO] ADCParametersView:116 -                Rank 1 : true
2025-03-27 00:01:59,325 [INFO] ADCParametersView:116 -        *      Rank 2 : false
2025-03-27 00:01:59,325 [INFO] ADCParametersView:116 -                Rank 1 : true
2025-03-27 00:01:59,325 [INFO] ADCParametersView:116 -        *      Rank 2 : false
2025-03-27 00:01:59,325 [INFO] ADCParametersView:116 -        *      Rank 2 : false
2025-03-27 00:01:59,370 [INFO] ADCParametersView:116 -                Rank 1 : true
2025-03-27 00:01:59,370 [INFO] ADCParametersView:116 -                Rank 1 : true
2025-03-27 00:01:59,370 [INFO] ADCParametersView:116 -                Rank 2 : false
2025-03-27 00:01:59,374 [INFO] SpinnerEditorADC:65 - is string kkkk
2025-03-27 00:02:00,411 [INFO] ADCParametersView:116 -                Rank 1 : true
2025-03-27 00:02:00,411 [INFO] ADCParametersView:116 -                Rank 2 : false
2025-03-27 00:02:00,417 [INFO] ADCParametersView:116 -                Rank 1 : true
2025-03-27 00:02:00,417 [INFO] ADCParametersView:116 -                Rank 2 : false
2025-03-27 00:02:00,417 [INFO] ADCParametersView:116 -                Rank 1 : true
2025-03-27 00:02:00,417 [INFO] ADCParametersView:116 -                Rank 2 : false
2025-03-27 00:02:00,417 [INFO] ADCParametersView:116 -                Rank 1 : true
2025-03-27 00:02:00,417 [INFO] ADCParametersView:116 -                Rank 2 : false
2025-03-27 00:02:00,418 [INFO] ADCParametersView:116 -                Rank 1 : true
2025-03-27 00:02:00,418 [INFO] ADCParametersView:116 -                Rank 2 : false
2025-03-27 00:02:00,418 [INFO] ADCParametersView:116 -                Rank 1 : true
2025-03-27 00:02:00,418 [INFO] ADCParametersView:116 -                Rank 2 : false
2025-03-27 00:02:00,418 [INFO] ADCParametersView:116 -                Rank 1 : true
2025-03-27 00:02:00,418 [INFO] ADCParametersView:116 -                Rank 2 : false
2025-03-27 00:02:00,418 [INFO] ADCParametersView:116 -                Rank 1 : true
2025-03-27 00:02:00,418 [INFO] ADCParametersView:116 -                Rank 2 : false
2025-03-27 00:02:00,418 [INFO] ADCParametersView:116 -                Rank 1 : true
2025-03-27 00:02:00,418 [INFO] ADCParametersView:116 -                Rank 2 : false
2025-03-27 00:02:00,419 [INFO] ADCParametersView:116 -                Rank 1 : true
2025-03-27 00:02:00,419 [INFO] ADCParametersView:116 -                Rank 2 : false
2025-03-27 00:02:00,419 [INFO] ADCParametersView:116 -                Rank 1 : true
2025-03-27 00:02:00,419 [INFO] ADCParametersView:116 -                Rank 2 : false
2025-03-27 00:02:00,419 [INFO] ADCParametersView:116 -                Rank 1 : true
2025-03-27 00:02:00,419 [INFO] ADCParametersView:116 -                Rank 2 : false
2025-03-27 00:02:00,419 [INFO] ADCParametersView:116 -                Rank 1 : true
2025-03-27 00:02:00,419 [INFO] ADCParametersView:116 -                Rank 2 : false
2025-03-27 00:02:00,419 [INFO] ADCParametersView:116 -                Rank 1 : true
2025-03-27 00:02:00,419 [INFO] ADCParametersView:116 -                Rank 2 : false
2025-03-27 00:02:00,419 [INFO] ADCParametersView:116 -                Rank 2 : false
2025-03-27 00:02:00,479 [INFO] ADCParametersView:116 -                Rank 1 : true
2025-03-27 00:02:00,479 [INFO] ADCParametersView:116 -                Rank 1 : true
2025-03-27 00:02:00,479 [INFO] ADCParametersView:116 -                Rank 2 : false
2025-03-27 00:02:03,194 [INFO] ADCParametersView:116 -                Rank 1 : true
2025-03-27 00:02:03,194 [INFO] ADCParametersView:116 -                Rank 2 : true
2025-03-27 00:02:07,214 [INFO] NvicIntPanel:101 - NVIC parent = com.st.microxplorer.plugins.ip.nvic.MultiNvicIntPanel[,0,0,0x0,invalid,layout=javax.swing.BoxLayout,alignmentX=0.0,alignmentY=0.0,border=,flags=9,maximumSize=,minimumSize=,preferredSize=]
2025-03-27 00:02:07,295 [INFO] ADCParametersView:116 -                Rank 1 : true
2025-03-27 00:02:07,296 [INFO] ADCParametersView:116 -                Rank 2 : true
2025-03-27 00:02:07,297 [INFO] ADCParametersView:116 -                Rank 1 : true
2025-03-27 00:02:07,298 [INFO] ADCParametersView:116 -                Rank 2 : true
2025-03-27 00:02:07,298 [INFO] ADCParametersView:116 -                Rank 1 : true
2025-03-27 00:02:07,298 [INFO] ADCParametersView:116 -                Rank 2 : true
2025-03-27 00:02:07,298 [INFO] ADCParametersView:116 -                Rank 1 : true
2025-03-27 00:02:07,298 [INFO] ADCParametersView:116 -                Rank 2 : true
2025-03-27 00:02:07,298 [INFO] ADCParametersView:116 -                Rank 1 : true
2025-03-27 00:02:07,298 [INFO] ADCParametersView:116 -                Rank 2 : true
2025-03-27 00:02:07,298 [INFO] ADCParametersView:116 -                Rank 1 : true
2025-03-27 00:02:07,298 [INFO] ADCParametersView:116 -                Rank 2 : true
2025-03-27 00:02:07,298 [INFO] ADCParametersView:116 -                Rank 1 : true
2025-03-27 00:02:07,298 [INFO] ADCParametersView:116 -                Rank 2 : true
2025-03-27 00:02:07,298 [INFO] ADCParametersView:116 -                Rank 1 : true
2025-03-27 00:02:07,298 [INFO] ADCParametersView:116 -                Rank 2 : true
2025-03-27 00:02:07,298 [INFO] ADCParametersView:116 -                Rank 1 : true
2025-03-27 00:02:07,298 [INFO] ADCParametersView:116 -                Rank 2 : true
2025-03-27 00:02:07,298 [INFO] ADCParametersView:116 -                Rank 1 : true
2025-03-27 00:02:07,298 [INFO] ADCParametersView:116 -                Rank 2 : true
2025-03-27 00:02:07,298 [INFO] ADCParametersView:116 -                Rank 1 : true
2025-03-27 00:02:07,299 [INFO] ADCParametersView:116 -                Rank 2 : true
2025-03-27 00:02:07,299 [INFO] ADCParametersView:116 -                Rank 1 : true
2025-03-27 00:02:07,299 [INFO] ADCParametersView:116 -                Rank 2 : true
2025-03-27 00:02:07,299 [INFO] ADCParametersView:116 -                Rank 1 : true
2025-03-27 00:02:07,299 [INFO] ADCParametersView:116 -                Rank 2 : true
2025-03-27 00:02:07,299 [INFO] ADCParametersView:116 -                Rank 1 : true
2025-03-27 00:02:07,299 [INFO] ADCParametersView:116 -                Rank 2 : true
2025-03-27 00:02:07,299 [INFO] ADCParametersView:116 -                Rank 2 : true
2025-03-27 00:02:07,346 [INFO] ADCParametersView:116 -                Rank 1 : true
2025-03-27 00:02:07,346 [INFO] ADCParametersView:116 -                Rank 1 : true
2025-03-27 00:02:07,346 [INFO] ADCParametersView:116 -                Rank 2 : true
2025-03-27 00:02:11,543 [INFO] NvicIntPanel:101 - NVIC parent = com.st.microxplorer.plugins.ip.nvic.MultiNvicIntPanel[,0,0,0x0,invalid,layout=javax.swing.BoxLayout,alignmentX=0.0,alignmentY=0.0,border=,flags=9,maximumSize=,minimumSize=,preferredSize=]
2025-03-27 00:02:11,624 [INFO] ADCParametersView:116 -                Rank 1 : true
2025-03-27 00:02:11,624 [INFO] ADCParametersView:116 -                Rank 2 : true
2025-03-27 00:02:11,626 [INFO] ADCParametersView:116 -                Rank 1 : true
2025-03-27 00:02:11,627 [INFO] ADCParametersView:116 -                Rank 2 : true
2025-03-27 00:02:11,627 [INFO] ADCParametersView:116 -                Rank 1 : true
2025-03-27 00:02:11,627 [INFO] ADCParametersView:116 -                Rank 2 : true
2025-03-27 00:02:11,627 [INFO] ADCParametersView:116 -                Rank 1 : true
2025-03-27 00:02:11,627 [INFO] ADCParametersView:116 -                Rank 2 : true
2025-03-27 00:02:11,627 [INFO] ADCParametersView:116 -                Rank 1 : true
2025-03-27 00:02:11,627 [INFO] ADCParametersView:116 -                Rank 2 : true
2025-03-27 00:02:11,627 [INFO] ADCParametersView:116 -                Rank 1 : true
2025-03-27 00:02:11,627 [INFO] ADCParametersView:116 -                Rank 2 : true
2025-03-27 00:02:11,627 [INFO] ADCParametersView:116 -                Rank 1 : true
2025-03-27 00:02:11,627 [INFO] ADCParametersView:116 -                Rank 2 : true
2025-03-27 00:02:11,628 [INFO] ADCParametersView:116 -                Rank 1 : true
2025-03-27 00:02:11,628 [INFO] ADCParametersView:116 -                Rank 2 : true
2025-03-27 00:02:11,628 [INFO] ADCParametersView:116 -                Rank 1 : true
2025-03-27 00:02:11,628 [INFO] ADCParametersView:116 -                Rank 2 : true
2025-03-27 00:02:11,628 [INFO] ADCParametersView:116 -                Rank 1 : true
2025-03-27 00:02:11,628 [INFO] ADCParametersView:116 -                Rank 2 : true
2025-03-27 00:02:11,628 [INFO] ADCParametersView:116 -                Rank 1 : true
2025-03-27 00:02:11,628 [INFO] ADCParametersView:116 -                Rank 2 : true
2025-03-27 00:02:11,628 [INFO] ADCParametersView:116 -                Rank 1 : true
2025-03-27 00:02:11,628 [INFO] ADCParametersView:116 -                Rank 2 : true
2025-03-27 00:02:11,628 [INFO] ADCParametersView:116 -                Rank 1 : true
2025-03-27 00:02:11,628 [INFO] ADCParametersView:116 -                Rank 2 : true
2025-03-27 00:02:11,628 [INFO] ADCParametersView:116 -                Rank 1 : true
2025-03-27 00:02:11,628 [INFO] ADCParametersView:116 -                Rank 2 : true
2025-03-27 00:02:11,628 [INFO] ADCParametersView:116 -                Rank 2 : true
2025-03-27 00:02:11,674 [INFO] ADCParametersView:116 -                Rank 1 : true
2025-03-27 00:02:11,674 [INFO] ADCParametersView:116 -                Rank 1 : true
2025-03-27 00:02:11,674 [INFO] ADCParametersView:116 -                Rank 2 : true
2025-03-27 00:02:27,842 [INFO] NvicIntPanel:101 - NVIC parent = com.st.microxplorer.plugins.ip.nvic.MultiNvicIntPanel[,0,0,0x0,invalid,layout=javax.swing.BoxLayout,alignmentX=0.0,alignmentY=0.0,border=,flags=9,maximumSize=,minimumSize=,preferredSize=]
2025-03-27 00:02:27,926 [INFO] ADCParametersView:116 -                Rank 1 : true
2025-03-27 00:02:27,926 [INFO] ADCParametersView:116 -                Rank 2 : true
2025-03-27 00:02:27,928 [INFO] ADCParametersView:116 -                Rank 1 : true
2025-03-27 00:02:27,929 [INFO] ADCParametersView:116 -                Rank 2 : true
2025-03-27 00:02:27,929 [INFO] ADCParametersView:116 -                Rank 1 : true
2025-03-27 00:02:27,929 [INFO] ADCParametersView:116 -                Rank 2 : true
2025-03-27 00:02:27,929 [INFO] ADCParametersView:116 -                Rank 1 : true
2025-03-27 00:02:27,929 [INFO] ADCParametersView:116 -                Rank 2 : true
2025-03-27 00:02:27,929 [INFO] ADCParametersView:116 -                Rank 1 : true
2025-03-27 00:02:27,929 [INFO] ADCParametersView:116 -                Rank 2 : true
2025-03-27 00:02:27,929 [INFO] ADCParametersView:116 -                Rank 1 : true
2025-03-27 00:02:27,929 [INFO] ADCParametersView:116 -                Rank 2 : true
2025-03-27 00:02:27,929 [INFO] ADCParametersView:116 -                Rank 1 : true
2025-03-27 00:02:27,930 [INFO] ADCParametersView:116 -                Rank 2 : true
2025-03-27 00:02:27,930 [INFO] ADCParametersView:116 -                Rank 1 : true
2025-03-27 00:02:27,930 [INFO] ADCParametersView:116 -                Rank 2 : true
2025-03-27 00:02:27,930 [INFO] ADCParametersView:116 -                Rank 1 : true
2025-03-27 00:02:27,930 [INFO] ADCParametersView:116 -                Rank 2 : true
2025-03-27 00:02:27,930 [INFO] ADCParametersView:116 -                Rank 1 : true
2025-03-27 00:02:27,930 [INFO] ADCParametersView:116 -                Rank 2 : true
2025-03-27 00:02:27,930 [INFO] ADCParametersView:116 -                Rank 1 : true
2025-03-27 00:02:27,930 [INFO] ADCParametersView:116 -                Rank 2 : true
2025-03-27 00:02:27,930 [INFO] ADCParametersView:116 -                Rank 1 : true
2025-03-27 00:02:27,930 [INFO] ADCParametersView:116 -                Rank 2 : true
2025-03-27 00:02:27,930 [INFO] ADCParametersView:116 -                Rank 1 : true
2025-03-27 00:02:27,930 [INFO] ADCParametersView:116 -                Rank 2 : true
2025-03-27 00:02:27,930 [INFO] ADCParametersView:116 -                Rank 1 : true
2025-03-27 00:02:27,930 [INFO] ADCParametersView:116 -                Rank 2 : true
2025-03-27 00:02:27,930 [INFO] ADCParametersView:116 -                Rank 2 : true
2025-03-27 00:02:27,980 [INFO] ADCParametersView:116 -                Rank 1 : true
2025-03-27 00:02:27,980 [INFO] ADCParametersView:116 -                Rank 1 : true
2025-03-27 00:02:27,981 [INFO] ADCParametersView:116 -                Rank 2 : true
2025-03-27 00:02:42,889 [INFO] NvicIntPanel:101 - NVIC parent = com.st.microxplorer.plugins.ip.nvic.MultiNvicIntPanel[,0,0,0x0,invalid,layout=javax.swing.BoxLayout,alignmentX=0.0,alignmentY=0.0,border=,flags=9,maximumSize=,minimumSize=,preferredSize=]
2025-03-27 00:02:44,572 [INFO] NvicIntPanel:101 - NVIC parent = com.st.microxplorer.plugins.ip.nvic.MultiNvicIntPanel[,0,0,0x0,invalid,layout=javax.swing.BoxLayout,alignmentX=0.0,alignmentY=0.0,border=,flags=9,maximumSize=,minimumSize=,preferredSize=]
2025-03-27 00:02:45,359 [INFO] NvicIntPanel:101 - NVIC parent = com.st.microxplorer.plugins.ip.nvic.MultiNvicIntPanel[,0,0,0x0,invalid,layout=javax.swing.BoxLayout,alignmentX=0.0,alignmentY=0.0,border=,flags=9,maximumSize=,minimumSize=,preferredSize=]
2025-03-27 00:02:52,940 [INFO] NvicIntPanel:101 - NVIC parent = com.st.microxplorer.plugins.ip.nvic.MultiNvicIntPanel[,0,0,0x0,invalid,layout=javax.swing.BoxLayout,alignmentX=0.0,alignmentY=0.0,border=,flags=9,maximumSize=,minimumSize=,preferredSize=]
2025-03-27 00:03:20,669 [INFO] NvicIntPanel:101 - NVIC parent = com.st.microxplorer.plugins.ip.nvic.MultiNvicIntPanel[,0,0,569x134,layout=javax.swing.BoxLayout,alignmentX=0.0,alignmentY=0.0,border=,flags=9,maximumSize=,minimumSize=,preferredSize=]
2025-03-27 00:03:22,294 [INFO] NvicIntPanel:101 - NVIC parent = com.st.microxplorer.plugins.ip.nvic.MultiNvicIntPanel[,0,0,0x0,invalid,layout=javax.swing.BoxLayout,alignmentX=0.0,alignmentY=0.0,border=,flags=9,maximumSize=,minimumSize=,preferredSize=]
2025-03-27 00:03:23,437 [INFO] UtilMem:75 - End SaveConfig() Used Memory: 712061064 Bytes (924844032)
2025-03-27 00:03:23,567 [INFO] UtilMem:75 - End SaveConfig() Used Memory: 733407216 Bytes (924844032)
2025-03-27 00:03:24,879 [INFO] UtilMem:75 - End SaveConfig() Used Memory: 820965360 Bytes (924844032)
2025-03-27 00:03:25,732 [INFO] BlockDiagram:2775 - set Specific Code input for plugin: SYS
2025-03-27 00:03:25,732 [INFO] BlockDiagram:2775 - set Specific Code input for plugin: ADC
2025-03-27 00:03:25,732 [INFO] BlockDiagram:2775 - set Specific Code input for plugin: RCC
2025-03-27 00:03:25,732 [INFO] BlockDiagram:2775 - set Specific Code input for plugin: NVIC
2025-03-27 00:03:25,733 [INFO] BlockDiagram:2775 - set Specific Code input for plugin: USART
2025-03-27 00:03:25,733 [INFO] BlockDiagram:2775 - set Specific Code input for plugin: USART
2025-03-27 00:03:25,733 [INFO] BlockDiagram:2775 - set Specific Code input for plugin: DMA
2025-03-27 00:03:25,733 [INFO] BlockDiagram:2775 - set Specific Code input for plugin: GPIO
2025-03-27 00:03:25,735 [INFO] CodeGenerator:882 - code generatio: config db path: C:\ST\STM32CubeIDE_1.18.0\STM32CubeIDE\plugins\com.st.stm32cube.common.mx_6.14.0.202502271554\\db\
2025-03-27 00:03:25,966 [INFO] CodeEngine:263 - oldGeneratedFile, C:\Users\bjosu\OneDrive\Documentos\GitHub\Digital-2\Lab6\MXTmpFiles\license.tmp_save
2025-03-27 00:03:26,295 [INFO] CodeEngine:287 - Generated code: C:\Users\bjosu\OneDrive\Documentos\GitHub\Digital-2\Lab6\MXTmpFiles\license.tmp
2025-03-27 00:03:26,356 [INFO] CodeEngine:263 - oldGeneratedFile, C:\Users\bjosu\OneDrive\Documentos\GitHub\Digital-2\Lab6\MXTmpFiles\gpio.tmp_save
2025-03-27 00:03:26,547 [INFO] CodeEngine:287 - Generated code: C:\Users\bjosu\OneDrive\Documentos\GitHub\Digital-2\Lab6\MXTmpFiles\gpio.tmp
2025-03-27 00:03:26,871 [INFO] CodeEngine:263 - oldGeneratedFile, C:\Users\bjosu\OneDrive\Documentos\GitHub\Digital-2\Lab6\MXTmpFiles\dma.tmp_save
2025-03-27 00:03:27,037 [INFO] CodeEngine:287 - Generated code: C:\Users\bjosu\OneDrive\Documentos\GitHub\Digital-2\Lab6\MXTmpFiles\dma.tmp
2025-03-27 00:03:27,046 [INFO] CodeEngine:263 - oldGeneratedFile, C:\Users\bjosu\OneDrive\Documentos\GitHub\Digital-2\Lab6\MXTmpFiles\dma_GV.tmp_save
2025-03-27 00:03:27,193 [INFO] CodeEngine:287 - Generated code: C:\Users\bjosu\OneDrive\Documentos\GitHub\Digital-2\Lab6\MXTmpFiles\dma_GV.tmp
2025-03-27 00:03:27,232 [INFO] CodeEngine:263 - oldGeneratedFile, C:\Users\bjosu\OneDrive\Documentos\GitHub\Digital-2\Lab6\Core\Src\stm32f4xx_it.c_save
2025-03-27 00:03:27,422 [INFO] CodeEngine:287 - Generated code: C:\Users\bjosu\OneDrive\Documentos\GitHub\Digital-2\Lab6\Core\Src\stm32f4xx_it.c
2025-03-27 00:03:27,436 [INFO] CodeEngine:263 - oldGeneratedFile, C:\Users\bjosu\OneDrive\Documentos\GitHub\Digital-2\Lab6\Core\Inc\stm32f4xx_it.h_save
2025-03-27 00:03:27,570 [INFO] CodeEngine:287 - Generated code: C:\Users\bjosu\OneDrive\Documentos\GitHub\Digital-2\Lab6\Core\Inc\stm32f4xx_it.h
2025-03-27 00:03:27,604 [INFO] CodeEngine:263 - oldGeneratedFile, C:\Users\bjosu\OneDrive\Documentos\GitHub\Digital-2\Lab6\Core\Src\stm32f4xx_hal_msp.c_save
2025-03-27 00:03:27,818 [INFO] CodeEngine:287 - Generated code: C:\Users\bjosu\OneDrive\Documentos\GitHub\Digital-2\Lab6\Core\Src\stm32f4xx_hal_msp.c
2025-03-27 00:03:27,830 [INFO] CodeEngine:263 - oldGeneratedFile, C:\Users\bjosu\OneDrive\Documentos\GitHub\Digital-2\Lab6\MXTmpFiles\system.tmp_save
2025-03-27 00:03:27,948 [INFO] CodeEngine:287 - Generated code: C:\Users\bjosu\OneDrive\Documentos\GitHub\Digital-2\Lab6\MXTmpFiles\system.tmp
2025-03-27 00:03:27,976 [INFO] CodeEngine:319 - oldGeneratedFile, C:\Users\bjosu\OneDrive\Documentos\GitHub\Digital-2\Lab6\Core\Inc\stm32f4xx_hal_conf.h_save
2025-03-27 00:03:28,127 [INFO] CodeEngine:343 - Generated code: C:\Users\bjosu\OneDrive\Documentos\GitHub\Digital-2\Lab6\Core\Inc\stm32f4xx_hal_conf.h
2025-03-27 00:03:28,172 [WARN] IPConfigManager:3174 - Warning: the RefConfig PLL2P_FOR_MCO is not available in your config.xml file
2025-03-27 00:03:28,183 [INFO] ApiDbMcu:508 - Load IP Config File for ADC1
2025-03-27 00:03:28,187 [INFO] ApiDbMcu:508 - Load IP Config File for USART3
2025-03-27 00:03:28,214 [INFO] CodeEngine:263 - oldGeneratedFile, C:\Users\bjosu\OneDrive\Documentos\GitHub\Digital-2\Lab6\Core\Inc\main.h_save
2025-03-27 00:03:28,359 [INFO] CodeEngine:287 - Generated code: C:\Users\bjosu\OneDrive\Documentos\GitHub\Digital-2\Lab6\Core\Inc\main.h
2025-03-27 00:03:28,372 [INFO] CodeEngine:263 - oldGeneratedFile, C:\Users\bjosu\OneDrive\Documentos\GitHub\Digital-2\Lab6\Core\Src\main.c_save
2025-03-27 00:03:28,584 [INFO] CodeEngine:287 - Generated code: C:\Users\bjosu\OneDrive\Documentos\GitHub\Digital-2\Lab6\Core\Src\main.c
2025-03-27 00:03:29,429 [INFO] ProjectBuilder:3324 - Time for Copy HAL[1] : 461mS.
2025-03-27 00:03:29,436 [INFO] ProjectBuilder:4912 - Project Generator version: 4.6.0-B36
2025-03-27 00:03:29,591 [INFO] ConfigFileManager:1590 - The Die is : DIE421
2025-03-27 00:03:31,443 [INFO] ProjectBuilder:5191 - Time for Generating toolchain IDE Files: 2007mS.
2025-03-27 00:03:31,445 [INFO] ProjectBuilder:3181 - Time for Copy CMSIS : 1mS.
2025-03-27 00:03:31,451 [INFO] ProjectBuilder:3181 - Time for Copy CMSIS : 0mS.
2025-03-27 00:22:01,570 [INFO] MainUpdater:2872 - connection check result : 10
2025-03-27 00:22:01,570 [INFO] MainUpdater:2872 - connection check result : 10
2025-03-27 00:22:01,631 [INFO] MicroXplorer:468 - Change Database Path : 
2025-03-27 00:22:01,631 [INFO] MicroXplorer:498 - Change Database Version : DB.6.0.140
2025-03-27 00:22:01,653 [ERROR] ProjectManagerView:394 - 
java.lang.NullPointerException: Cannot invoke "javax.swing.JTextField.getText()" because the return value of "java.util.List.get(int)" is null
	at com.st.microxplorer.plugins.projectmanager.gui.ProjectChoiceTab$9.caretUpdate(ProjectChoiceTab.java:2678) ~[filemanager.jar:?]
	at javax.swing.text.JTextComponent.fireCaretUpdate(JTextComponent.java:408) ~[?:?]
	at javax.swing.text.JTextComponent$MutableCaretEvent.fire(JTextComponent.java:4484) ~[?:?]
	at javax.swing.text.JTextComponent$MutableCaretEvent.stateChanged(JTextComponent.java:4506) ~[?:?]
	at javax.swing.text.DefaultCaret.fireStateChanged(DefaultCaret.java:857) ~[?:?]
	at javax.swing.text.DefaultCaret.changeCaretPosition(DefaultCaret.java:1343) ~[?:?]
	at javax.swing.text.DefaultCaret.handleSetDot(DefaultCaret.java:1242) ~[?:?]
	at javax.swing.text.DefaultCaret.setDot(DefaultCaret.java:1223) ~[?:?]
	at javax.swing.text.DefaultCaret$Handler.insertUpdate(DefaultCaret.java:1819) ~[?:?]
	at javax.swing.text.AbstractDocument.fireInsertUpdate(AbstractDocument.java:227) ~[?:?]
	at javax.swing.text.AbstractDocument.handleInsertString(AbstractDocument.java:781) ~[?:?]
	at javax.swing.text.AbstractDocument.insertString(AbstractDocument.java:740) ~[?:?]
	at javax.swing.text.PlainDocument.insertString(PlainDocument.java:131) ~[?:?]
	at javax.swing.text.AbstractDocument.replace(AbstractDocument.java:699) ~[?:?]
	at javax.swing.text.JTextComponent.setText(JTextComponent.java:1725) ~[?:?]
	at com.st.microxplorer.plugins.projectmanager.gui.ProjectChoiceTab.createHeapStackFields(ProjectChoiceTab.java:979) ~[filemanager.jar:?]
	at com.st.microxplorer.plugins.projectmanager.gui.ProjectChoiceTab.buildLinkSettingsPanel(ProjectChoiceTab.java:3766) ~[filemanager.jar:?]
	at com.st.microxplorer.plugins.projectmanager.gui.ProjectChoiceTab.defineWindowsFields(ProjectChoiceTab.java:1962) ~[filemanager.jar:?]
	at com.st.microxplorer.plugins.projectmanager.gui.ProjectChoiceTab.updateSettings(ProjectChoiceTab.java:555) ~[filemanager.jar:?]
	at com.st.microxplorer.plugins.projectmanager.gui.ProjectSettingsPanel.UpdateDialog(ProjectSettingsPanel.java:245) ~[filemanager.jar:?]
	at com.st.microxplorer.plugins.projectmanager.ProjectManagerView.propertyChange(ProjectManagerView.java:391) ~[filemanager.jar:?]
	at java.beans.PropertyChangeSupport.fire(PropertyChangeSupport.java:343) ~[?:?]
	at java.beans.PropertyChangeSupport.firePropertyChange(PropertyChangeSupport.java:335) ~[?:?]
	at java.beans.PropertyChangeSupport.firePropertyChange(PropertyChangeSupport.java:268) ~[?:?]
	at com.st.microxplorer.util.MXPropertyChangeSupport.firePropertyChange(MXPropertyChangeSupport.java:54) ~[STM32CubeMX.jar:?]
	at com.st.microxplorer.mxsystem.MxSystem.closeConfig(MxSystem.java:899) ~[STM32CubeMX.jar:?]
	at com.st.microxplorer.maingui.MainPanel.closeConfig(MainPanel.java:789) ~[STM32CubeMX.jar:?]
	at com.st.microxplorer.plugins.filemanager.engine.OpenFileManager.loadConfigurationFile(OpenFileManager.java:287) ~[filemanager.jar:?]
	at com.st.microxplorer.plugins.filemanager.engine.MainFileManager.userLoadConfig(MainFileManager.java:341) ~[filemanager.jar:?]
	at com.st.microxplorer.plugins.filemanager.engine.MainFileManager.userLoadConfig(MainFileManager.java:319) ~[filemanager.jar:?]
	at com.st.microxplorer.plugins.filemanager.FileManagerView.getSpecificTask(FileManagerView.java:246) ~[filemanager.jar:?]
	at com.st.stm32cube.common.mx.editor.CubeMxEditor.getMxTabbedPaneInstance(CubeMxEditor.java:1198) ~[com.st.stm32cube.common.mx_6.14.0.202502271554/:?]
	at com.st.stm32cube.common.mx.editor.CubeMxEditor$12$1.createSwingComponent(CubeMxEditor.java:1068) ~[com.st.stm32cube.common.mx_6.14.0.202502271554/:?]
	at com.st.stm32cube.common.mx.oss.core.awtswtbridge.EmbeddedSwingComposite.doComponentCreation(EmbeddedSwingComposite.java:492) ~[com.st.stm32cube.common.mx.oss_6.14.0.202502271554/:?]
	at com.st.stm32cube.common.mx.oss.core.awtswtbridge.EmbeddedSwingComposite$4.run(EmbeddedSwingComposite.java:291) ~[com.st.stm32cube.common.mx.oss_6.14.0.202502271554/:?]
	at com.st.stm32cube.common.mx.oss.core.awtswtbridge.AwtEnvironment$2.run(AwtEnvironment.java:166) ~[com.st.stm32cube.common.mx.oss_6.14.0.202502271554/:?]
	at java.awt.event.InvocationEvent.dispatch(InvocationEvent.java:318) ~[?:?]
	at java.awt.EventQueue.dispatchEventImpl(EventQueue.java:773) ~[?:?]
	at java.awt.EventQueue$4.run(EventQueue.java:720) ~[?:?]
	at java.awt.EventQueue$4.run(EventQueue.java:714) ~[?:?]
	at java.security.AccessController.doPrivileged(AccessController.java:400) ~[?:?]
	at java.security.ProtectionDomain$JavaSecurityAccessImpl.doIntersectionPrivilege(ProtectionDomain.java:87) ~[?:?]
	at java.awt.EventQueue.dispatchEvent(EventQueue.java:742) ~[?:?]
	at java.awt.EventDispatchThread.pumpOneEventForFilters(EventDispatchThread.java:203) ~[?:?]
	at java.awt.EventDispatchThread.pumpEventsForFilter(EventDispatchThread.java:124) ~[?:?]
	at java.awt.EventDispatchThread.pumpEventsForHierarchy(EventDispatchThread.java:113) ~[?:?]
	at java.awt.EventDispatchThread.pumpEvents(EventDispatchThread.java:109) ~[?:?]
	at java.awt.EventDispatchThread.pumpEvents(EventDispatchThread.java:101) ~[?:?]
	at java.awt.EventDispatchThread.run(EventDispatchThread.java:90) ~[?:?]
2025-03-27 00:22:01,655 [WARN] ThirdParty:871 - waiting for thirdparty lock release [close project]
2025-03-27 00:22:01,655 [INFO] ThirdParty:873 - entering critical section [close project]
2025-03-27 00:22:01,655 [INFO] ThirdParty:883 - exiting critical section [close project]
2025-03-27 00:22:01,657 [INFO] PinOutPanel:1589 - setPackage(No Configuration,No Configuration)
2025-03-27 00:22:01,667 [WARN] IpParametersView:155 - Warning: This peripheral hasn't parameters
2025-03-27 00:22:01,672 [WARN] MainPanel:289 - <html><b><center>Warning: This peripheral has no parameters to be configured<br></b></html>
2025-03-27 00:22:01,677 [INFO] UtilMem:75 - Begin LoadConfig() Used Memory: 837007008 Bytes (924844032)
2025-03-27 00:22:01,678 [INFO] MicroXplorer:468 - Change Database Path : 
2025-03-27 00:22:01,678 [INFO] MicroXplorer:498 - Change Database Version : DB.6.0.140
2025-03-27 00:22:01,678 [INFO] OpenFileManager:354 - Change cursor
2025-03-27 00:22:01,711 [INFO] RulesReader:64 - Compatibility file has been processed (301 Rules)
2025-03-27 00:22:01,768 [INFO] Mcu:2011 - Initializing MCU STM32F446R(C-E)Tx STM32F446RETx STM32F446RET6
2025-03-27 00:22:03,378 [INFO] Context:756 - Trying to add GPIOservice into a context  which must be forbidden
2025-03-27 00:22:04,059 [INFO] ImportTextPane:218 - (OptionalMessage_ERROR) Pin16 (VP_RIF_VS_RIF1) cannot be retrieved for this MCU
2025-03-27 00:22:04,146 [INFO] RtosManager:558 - Registered RTOS mode: class=CMSIS, group=RTOS, mode=CMSIS_V1, owner=FREERTOS
2025-03-27 00:22:04,146 [INFO] RtosManager:558 - Registered RTOS mode: class=CMSIS, group=RTOS2, mode=CMSIS_V2, owner=FREERTOS
2025-03-27 00:22:04,146 [INFO] RtosManager:558 - Registered RTOS mode: class=RTOS, group=Core, mode=CMSIS_V1, owner=FREERTOS
2025-03-27 00:22:04,146 [INFO] RtosManager:558 - Registered RTOS mode: class=RTOS, group=Core, mode=CMSIS_V2, owner=FREERTOS
2025-03-27 00:22:04,146 [WARN] ModelIntegratedComponent:184 - Missing modes for component STMicroelectronics:FreeRTOS:0.0.1:STMicroelectronics:RTOS:FreeRTOS:Core:::10.2.0:
2025-03-27 00:22:04,206 [WARN] ModelIntegratedComponent:63 - No mode defined for component null
2025-03-27 00:22:04,206 [WARN] ModelIntegratedComponent:63 - No mode defined for component null
2025-03-27 00:22:04,206 [WARN] ModelIntegratedComponent:63 - No mode defined for component null
2025-03-27 00:22:04,206 [WARN] ModelIntegratedComponent:63 - No mode defined for component null
2025-03-27 00:22:04,206 [WARN] ModelIntegratedComponent:63 - No mode defined for component null
2025-03-27 00:22:04,206 [WARN] ModelIntegratedComponent:63 - No mode defined for component null
2025-03-27 00:22:04,206 [WARN] ModelIntegratedComponent:63 - No mode defined for component null
2025-03-27 00:22:04,206 [WARN] ModelIntegratedComponent:63 - No mode defined for component null
2025-03-27 00:22:04,206 [WARN] ModelIntegratedComponent:63 - No mode defined for component null
2025-03-27 00:22:04,206 [WARN] ModelIntegratedComponent:63 - No mode defined for component null
2025-03-27 00:22:04,206 [WARN] ModelIntegratedComponent:63 - No mode defined for component null
2025-03-27 00:22:04,206 [WARN] ModelIntegratedComponent:63 - No mode defined for component null
2025-03-27 00:22:04,206 [WARN] ModelIntegratedComponent:63 - No mode defined for component null
2025-03-27 00:22:04,206 [WARN] ModelIntegratedComponent:63 - No mode defined for component null
2025-03-27 00:22:04,207 [WARN] ModelIntegratedComponent:63 - No mode defined for component null
2025-03-27 00:22:04,207 [WARN] ModelIntegratedComponent:63 - No mode defined for component null
2025-03-27 00:22:04,207 [WARN] ModelIntegratedComponent:63 - No mode defined for component null
2025-03-27 00:22:04,207 [WARN] ModelIntegratedComponent:63 - No mode defined for component null
2025-03-27 00:22:04,207 [WARN] ModelIntegratedComponent:63 - No mode defined for component null
2025-03-27 00:22:04,207 [WARN] ModelIntegratedComponent:63 - No mode defined for component null
2025-03-27 00:22:04,207 [WARN] ModelIntegratedComponent:63 - No mode defined for component null
2025-03-27 00:22:04,207 [WARN] ModelIntegratedComponent:63 - No mode defined for component null
2025-03-27 00:22:04,207 [WARN] ModelIntegratedComponent:63 - No mode defined for component null
2025-03-27 00:22:04,207 [WARN] ModelIntegratedComponent:63 - No mode defined for component null
2025-03-27 00:22:04,207 [WARN] ModelIntegratedComponent:63 - No mode defined for component null
2025-03-27 00:22:04,207 [WARN] ModelIntegratedComponent:63 - No mode defined for component null
2025-03-27 00:22:04,207 [WARN] ModelIntegratedComponent:63 - No mode defined for component null
2025-03-27 00:22:04,207 [WARN] ModelIntegratedComponent:63 - No mode defined for component null
2025-03-27 00:22:04,207 [WARN] ModelIntegratedComponent:63 - No mode defined for component null
2025-03-27 00:22:04,207 [WARN] ModelIntegratedComponent:63 - No mode defined for component null
2025-03-27 00:22:04,207 [WARN] ModelIntegratedComponent:63 - No mode defined for component null
2025-03-27 00:22:04,207 [WARN] ModelIntegratedComponent:63 - No mode defined for component null
2025-03-27 00:22:04,207 [WARN] ModelIntegratedComponent:63 - No mode defined for component null
2025-03-27 00:22:04,207 [WARN] ModelIntegratedComponent:63 - No mode defined for component null
2025-03-27 00:22:04,208 [WARN] ModelIntegratedComponent:63 - No mode defined for component null
2025-03-27 00:22:04,208 [WARN] ModelPack:524 - Component already loaded: STMicroelectronics:HAL Drivers:0.0.0:STMicroelectronics:Device:STMicro_Driver:XSPI:HAL::0.0.1:HAL_XSPI
2025-03-27 00:22:04,521 [INFO] ThirdPartyModel:298 - Start build external matchings
2025-03-27 00:22:05,110 [INFO] ThirdPartyModel:316 - End build external matchings
2025-03-27 00:22:05,125 [INFO] ImportTextPane:218 - (OptionalMessage_ERROR) IP (DMA) : Parameter (Instance) has Id (ADC1) currently not set
2025-03-27 00:22:05,126 [INFO] ImportTextPane:218 - (OptionalMessage_ERROR) IP (DMA) : Parameter (Channel) has Id (ADC1) currently not set
2025-03-27 00:22:05,126 [INFO] ImportTextPane:218 - (OptionalMessage_ERROR) IP (DMA) : Parameter (Direction) has Id (ADC1) currently not set
2025-03-27 00:22:05,126 [INFO] ImportTextPane:218 - (OptionalMessage_ERROR) IP (DMA) : Parameter (PeriphInc) has Id (ADC1) currently not set
2025-03-27 00:22:05,126 [INFO] ImportTextPane:218 - (OptionalMessage_ERROR) IP (DMA) : Parameter (MemInc) has Id (ADC1) currently not set
2025-03-27 00:22:05,126 [INFO] ImportTextPane:218 - (OptionalMessage_ERROR) IP (DMA) : Parameter (PeriphDataAlignment) has Id (ADC1) currently not set
2025-03-27 00:22:05,128 [INFO] ImportTextPane:218 - (OptionalMessage_ERROR) IP (DMA) : Parameter (MemDataAlignment) has Id (ADC1) currently not set
2025-03-27 00:22:05,128 [INFO] ImportTextPane:218 - (OptionalMessage_ERROR) IP (DMA) : Parameter (Mode) has Id (ADC1) currently not set
2025-03-27 00:22:05,128 [INFO] ImportTextPane:218 - (OptionalMessage_ERROR) IP (DMA) : Parameter (Priority) has Id (ADC1) currently not set
2025-03-27 00:22:05,129 [INFO] ImportTextPane:218 - (OptionalMessage_ERROR) IP (DMA) : Parameter (FIFOMode) has Id (ADC1) currently not set
2025-03-27 00:22:05,129 [INFO] ImportTextPane:218 - (OptionalMessage_ERROR) IP (RCC) : Invalid parameter (48MHZClocksFreq_Value)
2025-03-27 00:22:05,129 [INFO] ImportTextPane:218 - (OptionalMessage_ERROR) IP (RCC) : Invalid parameter (EthernetFreq_Value)
2025-03-27 00:22:05,130 [INFO] ImportTextPane:218 - (OptionalMessage_ERROR) IP (RCC) : Parameter (FLatency) has Id (AdvancedSettings) currently not set
2025-03-27 00:22:05,130 [INFO] ImportTextPane:218 - (OptionalMessage_ERROR) IP (RCC) : Invalid parameter (FamilyName)
2025-03-27 00:22:05,130 [INFO] ImportTextPane:218 - (OptionalMessage_ERROR) IP (RCC) : Invalid parameter (I2SClocksFreq_Value)
2025-03-27 00:22:05,131 [INFO] ImportTextPane:218 - (OptionalMessage_ERROR) IP (RCC) : Parameter (SDIOFreq_Value) has invalid value (168000000)
2025-03-27 00:22:05,131 [INFO] ImportTextPane:218 - (OptionalMessage_ERROR) IP (RCC) : Parameter (USBFreq_Value) has invalid value (168000000)
2025-03-27 00:22:05,131 [INFO] ImportTextPane:218 - (OptionalMessage_ERROR) IP (RCC) : Invalid parameter (VCOInputMFreq_Value)
2025-03-27 00:22:05,132 [INFO] ImportTextPane:218 - (OptionalMessage_ERROR) IP (RCC) : Invalid parameter (VcooutputI2S)
2025-03-27 00:22:05,452 [INFO] UtilMem:75 - End LoadConfig() Used Memory: 715814312 Bytes (924844032)
2025-03-27 00:22:05,491 [WARN] ThirdParty:833 - waiting for thirdparty lock release [change project]
2025-03-27 00:22:05,492 [INFO] ThirdParty:835 - entering critical section [change project]
2025-03-27 00:22:05,492 [INFO] ThirdParty:1030 - CMSIS Pack Vendor :STMicroelectronics USBPD 4.1
2025-03-27 00:22:05,492 [INFO] ThirdParty:1030 - CMSIS Pack Vendor :STMicroelectronics X-CUBE-AZRTOS-H7 3.3.0
2025-03-27 00:22:05,492 [INFO] ThirdParty:1030 - CMSIS Pack Vendor :STMicroelectronics X-CUBE-NFC9 1.0.0
2025-03-27 00:22:05,492 [INFO] ThirdParty:1030 - CMSIS Pack Vendor :STMicroelectronics USB_HOST 2.0.0
2025-03-27 00:22:05,492 [INFO] ThirdParty:1030 - CMSIS Pack Vendor :STMicroelectronics FP-SNS-MOTENVWB1 1.4.0
2025-03-27 00:22:05,492 [INFO] ThirdParty:1030 - CMSIS Pack Vendor :STMicroelectronics X-CUBE-AZRTOS-F4 1.1.0
2025-03-27 00:22:05,492 [INFO] ThirdParty:1030 - CMSIS Pack Vendor :STMicroelectronics LIBJPEG 8.0.0
2025-03-27 00:22:05,492 [INFO] ThirdParty:1030 - CMSIS Pack Vendor :STMicroelectronics FP-ATR-ASTRA1 2.0.2
2025-03-27 00:22:05,492 [INFO] ThirdParty:1030 - CMSIS Pack Vendor :STMicroelectronics X-CUBE-BLE1 7.1.0
2025-03-27 00:22:05,492 [INFO] ThirdParty:1030 - CMSIS Pack Vendor :STMicroelectronics X-CUBE-SMBUS 2.1.0
2025-03-27 00:22:05,492 [INFO] ThirdParty:1030 - CMSIS Pack Vendor :STMicroelectronics X-CUBE-WB05N 1.1.0
2025-03-27 00:22:05,493 [INFO] ThirdParty:1030 - CMSIS Pack Vendor :wolfSSL I-CUBE-wolfMQTT 1.19.2
2025-03-27 00:22:05,493 [INFO] ThirdParty:1030 - CMSIS Pack Vendor :STMicroelectronics USB_DEVICE 3.0.0
2025-03-27 00:22:05,493 [INFO] ThirdParty:1030 - CMSIS Pack Vendor :STMicroelectronics X-CUBE-ISPU 2.1.0
2025-03-27 00:22:05,493 [INFO] ThirdParty:1030 - CMSIS Pack Vendor :STMicroelectronics X-CUBE-AZRTOS-WB 2.0.0
2025-03-27 00:22:05,493 [INFO] ThirdParty:1030 - CMSIS Pack Vendor :STMicroelectronics X-CUBE-GNSS1 7.0.1
2025-03-27 00:22:05,493 [INFO] ThirdParty:1030 - CMSIS Pack Vendor :STMicroelectronics X-CUBE-AZRTOS-F7 1.1.0
2025-03-27 00:22:05,493 [INFO] ThirdParty:1030 - CMSIS Pack Vendor :STMicroelectronics X-CUBE-AZRTOS-L5 2.0.0
2025-03-27 00:22:05,493 [INFO] ThirdParty:1030 - CMSIS Pack Vendor :STMicroelectronics X-CUBE-TOUCHGFX 4.25.0
2025-03-27 00:22:05,493 [INFO] ThirdParty:1030 - CMSIS Pack Vendor :STMicroelectronics USB_DEVICE 2.0.0
2025-03-27 00:22:05,493 [INFO] ThirdParty:1030 - CMSIS Pack Vendor :STMicroelectronics X-CUBE-NFC6 3.1.0
2025-03-27 00:22:05,493 [INFO] ThirdParty:1030 - CMSIS Pack Vendor :STMicroelectronics FP-SNS-STBOX1 2.0.0
2025-03-27 00:22:05,493 [INFO] ThirdParty:1030 - CMSIS Pack Vendor :STMicroelectronics FreeRTOS 0.0.1
2025-03-27 00:22:05,493 [INFO] ThirdParty:1030 - CMSIS Pack Vendor :STMicroelectronics X-CUBE-AZRTOS-G0 1.1.0
2025-03-27 00:22:05,494 [INFO] ThirdParty:1030 - CMSIS Pack Vendor :STMicroelectronics X-CUBE-SAFEA1 1.2.2
2025-03-27 00:22:05,494 [INFO] ThirdParty:1030 - CMSIS Pack Vendor :STMicroelectronics X-CUBE-NFC4 3.0.0
2025-03-27 00:22:05,494 [INFO] ThirdParty:1030 - CMSIS Pack Vendor :STMicroelectronics X-CUBE-DPower 1.2.0
2025-03-27 00:22:05,494 [INFO] ThirdParty:1030 - CMSIS Pack Vendor :STMicroelectronics X-CUBE-SUBG2 5.0.0
2025-03-27 00:22:05,494 [INFO] ThirdParty:1030 - CMSIS Pack Vendor :STMicroelectronics X-CUBE-AZRTOS-H7RS 1.1.0
2025-03-27 00:22:05,494 [INFO] ThirdParty:1030 - CMSIS Pack Vendor :STMicroelectronics STM32_WPAN 1.0.0
2025-03-27 00:22:05,494 [INFO] ThirdParty:1030 - CMSIS Pack Vendor :EmbeddedOffice I-CUBE-FS-RTOS 1.0.1
2025-03-27 00:22:05,494 [INFO] ThirdParty:1030 - CMSIS Pack Vendor :STMicroelectronics lwIP 2.0.3
2025-03-27 00:22:05,494 [INFO] ThirdParty:1030 - CMSIS Pack Vendor :Cesanta I-CUBE-Mongoose 7.13.0
2025-03-27 00:22:05,494 [INFO] ThirdParty:1030 - CMSIS Pack Vendor :STMicroelectronics USB_HOST 1.0.0
2025-03-27 00:22:05,494 [INFO] ThirdParty:1030 - CMSIS Pack Vendor :Infineon AIROC-Wi-Fi-Bluetooth-STM32 1.7.0
2025-03-27 00:22:05,495 [INFO] ThirdParty:1030 - CMSIS Pack Vendor :STMicroelectronics X-CUBE-AZRTOS-G4 2.0.0
2025-03-27 00:22:05,495 [INFO] ThirdParty:1030 - CMSIS Pack Vendor :STMicroelectronics PDM2PCM 3.1.0
2025-03-27 00:22:05,495 [INFO] ThirdParty:1030 - CMSIS Pack Vendor :STMicroelectronics PDM2PCM 3.3.0
2025-03-27 00:22:05,495 [INFO] ThirdParty:1030 - CMSIS Pack Vendor :wolfSSL I-CUBE-wolfTPM 3.8.0
2025-03-27 00:22:05,495 [INFO] ThirdParty:1030 - CMSIS Pack Vendor :STMicroelectronics X-CUBE-DISPLAY 3.0.0
2025-03-27 00:22:05,495 [INFO] ThirdParty:1030 - CMSIS Pack Vendor :wolfSSL I-CUBE-wolfSSH 1.4.20
2025-03-27 00:22:05,495 [INFO] ThirdParty:1030 - CMSIS Pack Vendor :STMicroelectronics X-CUBE-TCPP 4.2.0
2025-03-27 00:22:05,495 [INFO] ThirdParty:1030 - CMSIS Pack Vendor :RealThread X-CUBE-RT-Thread_Nano 4.1.1
2025-03-27 00:22:05,495 [INFO] ThirdParty:1030 - CMSIS Pack Vendor :STMicroelectronics FP-ATR-SIGFOX1 3.2.0
2025-03-27 00:22:05,495 [INFO] ThirdParty:1030 - CMSIS Pack Vendor :STMicroelectronics X-CUBE-NFC10 1.0.0
2025-03-27 00:22:05,495 [INFO] ThirdParty:1030 - CMSIS Pack Vendor :STMicroelectronics X-CUBE-BLEMGR 4.0.0
2025-03-27 00:22:05,495 [INFO] ThirdParty:1030 - CMSIS Pack Vendor :STMicroelectronics X-CUBE-EEPRMA1 5.1.0
2025-03-27 00:22:05,495 [INFO] ThirdParty:1030 - CMSIS Pack Vendor :STMicroelectronics HAL Drivers 0.0.0
2025-03-27 00:22:05,495 [INFO] ThirdParty:1030 - CMSIS Pack Vendor :STMicroelectronics MBEDTLS 2.16.2
2025-03-27 00:22:05,495 [INFO] ThirdParty:1030 - CMSIS Pack Vendor :STMicroelectronics X-CUBE-IPS 3.1.0
2025-03-27 00:22:05,495 [INFO] ThirdParty:1030 - CMSIS Pack Vendor :STMicroelectronics X-CUBE-ALS 1.0.2
2025-03-27 00:22:05,495 [INFO] ThirdParty:1030 - CMSIS Pack Vendor :emotas I-CUBE-CANOPEN 1.3.0
2025-03-27 00:22:05,495 [INFO] ThirdParty:1030 - CMSIS Pack Vendor :STMicroelectronics X-CUBE-FREERTOS 1.3.0
2025-03-27 00:22:05,495 [INFO] ThirdParty:1030 - CMSIS Pack Vendor :STMicroelectronics X-CUBE-NFC7 1.0.1
2025-03-27 00:22:05,496 [INFO] ThirdParty:1030 - CMSIS Pack Vendor :STMicroelectronics MBEDTLS 2.14.1
2025-03-27 00:22:05,496 [INFO] ThirdParty:1030 - CMSIS Pack Vendor :wolfSSL I-CUBE-wolfSSL 5.7.6
2025-03-27 00:22:05,496 [INFO] ThirdParty:1030 - CMSIS Pack Vendor :ITTIA_DB I-CUBE-ITTIADB 8.9.0
2025-03-27 00:22:05,496 [INFO] ThirdParty:1030 - CMSIS Pack Vendor :portGmbH I-Cube-SoM-uGOAL 1.1.0
2025-03-27 00:22:05,496 [INFO] ThirdParty:1030 - CMSIS Pack Vendor :quantropi X-CUBE-qispace-sdk-base 2.0.0
2025-03-27 00:22:05,496 [INFO] ThirdParty:1030 - CMSIS Pack Vendor :STMicroelectronics X-CUBE-AI 10.0.0
2025-03-27 00:22:05,496 [INFO] ThirdParty:1030 - CMSIS Pack Vendor :STMicroelectronics ThreadX 1.0.0
2025-03-27 00:22:05,496 [INFO] ThirdParty:1030 - CMSIS Pack Vendor :STMicroelectronics FP-SNS-SMARTAG2 1.2.0
2025-03-27 00:22:05,496 [INFO] ThirdParty:1030 - CMSIS Pack Vendor :STMicroelectronics FP-SNS-FLIGHT1 5.1.0
2025-03-27 00:22:05,496 [INFO] ThirdParty:1030 - CMSIS Pack Vendor :STMicroelectronics X-CUBE-MEMS1 11.1.0
2025-03-27 00:22:05,496 [INFO] ThirdParty:1030 - CMSIS Pack Vendor :STMicroelectronics X-CUBE-AZRTOS-WL 2.0.0
2025-03-27 00:22:05,496 [INFO] ThirdParty:1030 - CMSIS Pack Vendor :SEGGER I-CUBE-embOS 1.3.1
2025-03-27 00:22:05,496 [INFO] ThirdParty:1030 - CMSIS Pack Vendor :STMicroelectronics X-CUBE-ALGOBUILD 1.4.0
2025-03-27 00:22:05,496 [INFO] ThirdParty:1030 - CMSIS Pack Vendor :STMicroelectronics FP-SNS-MOTENV1 5.0.0
2025-03-27 00:22:05,496 [INFO] ThirdParty:1030 - CMSIS Pack Vendor :STMicroelectronics USB_DEVICE 1.0.0
2025-03-27 00:22:05,496 [INFO] ThirdParty:1030 - CMSIS Pack Vendor :STMicroelectronics X-CUBE-AZRTOS-H7RS 1.0.0
2025-03-27 00:22:05,496 [INFO] ThirdParty:1030 - CMSIS Pack Vendor :STMicroelectronics X-CUBE-AZRTOS-L4 2.0.0
2025-03-27 00:22:05,496 [INFO] ThirdParty:1030 - CMSIS Pack Vendor :STMicroelectronics ThreadX 0.0.2
2025-03-27 00:22:05,496 [INFO] ThirdParty:1030 - CMSIS Pack Vendor :WES I-CUBE-Cesium 1.3.0
2025-03-27 00:22:05,496 [INFO] ThirdParty:1030 - CMSIS Pack Vendor :STMicroelectronics lwIP 2.1.2
2025-03-27 00:22:05,496 [INFO] ThirdParty:1030 - CMSIS Pack Vendor :STMicroelectronics X-CUBE-SFXS2LP1 4.0.0
2025-03-27 00:22:05,496 [INFO] ThirdParty:1030 - CMSIS Pack Vendor :STMicroelectronics X-CUBE-BLE2 3.3.0
2025-03-27 00:22:05,496 [INFO] ThirdParty:1030 - CMSIS Pack Vendor :STMicroelectronics X-CUBE-TOF1 3.4.2
2025-03-27 00:22:05,496 [INFO] ThirdParty:1030 - CMSIS Pack Vendor :STMicroelectronics PDM2PCM 3.2.0
2025-03-27 00:22:05,497 [INFO] ThirdParty:841 - exiting critical section [change project]
2025-03-27 00:22:05,770 [INFO] PinOutPanel:1589 - setPackage(No Configuration,No Configuration)
2025-03-27 00:22:05,771 [INFO] PinOutPanel:1589 - setPackage(STM32F446RETx,LQFP64)
2025-03-27 00:22:06,452 [INFO] UtilMem:75 - Before build in PCC Used Memory: 352056600 Bytes (924844032)
2025-03-27 00:22:06,952 [INFO] UtilMem:75 - After build in PCC Used Memory: 402914584 Bytes (924844032)
2025-03-27 00:22:06,984 [INFO] IPUIPlugin:80 - create IPUIPlugin
2025-03-27 00:22:06,984 [INFO] IPUIPlugin:80 - create IPUIPlugin
2025-03-27 00:22:06,984 [INFO] IPUIPlugin:80 - create IPUIPlugin
2025-03-27 00:22:06,984 [INFO] IPUIPlugin:80 - create IPUIPlugin
2025-03-27 00:22:06,984 [INFO] IPUIPlugin:80 - create IPUIPlugin
2025-03-27 00:22:06,985 [INFO] IPUIPlugin:80 - create IPUIPlugin
2025-03-27 00:22:06,986 [INFO] IPUIPlugin:80 - create IPUIPlugin
2025-03-27 00:22:06,986 [INFO] IPUIPlugin:80 - create IPUIPlugin
2025-03-27 00:22:06,986 [INFO] IPUIPlugin:80 - create IPUIPlugin
2025-03-27 00:22:06,986 [INFO] IPUIPlugin:80 - create IPUIPlugin
2025-03-27 00:22:06,987 [INFO] IPUIPlugin:80 - create IPUIPlugin
2025-03-27 00:22:06,987 [INFO] IPUIPlugin:80 - create IPUIPlugin
2025-03-27 00:22:06,987 [INFO] IPUIPlugin:80 - create IPUIPlugin
2025-03-27 00:22:06,987 [INFO] IPUIPlugin:80 - create IPUIPlugin
2025-03-27 00:22:06,987 [INFO] IPUIPlugin:80 - create IPUIPlugin
2025-03-27 00:22:06,988 [INFO] IPUIPlugin:80 - create IPUIPlugin
2025-03-27 00:22:06,988 [INFO] IPUIPlugin:80 - create IPUIPlugin
2025-03-27 00:22:06,988 [INFO] IPUIPlugin:80 - create IPUIPlugin
2025-03-27 00:22:06,988 [INFO] IPUIPlugin:80 - create IPUIPlugin
2025-03-27 00:22:06,989 [INFO] IPUIPlugin:80 - create IPUIPlugin
2025-03-27 00:22:06,989 [INFO] IPUIPlugin:80 - create IPUIPlugin
2025-03-27 00:22:06,989 [INFO] IPUIPlugin:80 - create IPUIPlugin
2025-03-27 00:22:06,989 [INFO] IPUIPlugin:80 - create IPUIPlugin
2025-03-27 00:22:06,990 [INFO] IPUIPlugin:80 - create IPUIPlugin
2025-03-27 00:22:06,990 [INFO] IPUIPlugin:80 - create IPUIPlugin
2025-03-27 00:22:06,990 [INFO] IPUIPlugin:80 - create IPUIPlugin
2025-03-27 00:22:06,991 [INFO] IPUIPlugin:80 - create IPUIPlugin
2025-03-27 00:22:06,992 [INFO] IPUIPlugin:80 - create IPUIPlugin
2025-03-27 00:22:06,992 [INFO] IPUIPlugin:80 - create IPUIPlugin
2025-03-27 00:22:06,993 [INFO] IPUIPlugin:80 - create IPUIPlugin
2025-03-27 00:22:06,994 [INFO] IPUIPlugin:80 - create IPUIPlugin
2025-03-27 00:22:06,994 [INFO] IPUIPlugin:80 - create IPUIPlugin
2025-03-27 00:22:06,994 [INFO] IPUIPlugin:80 - create IPUIPlugin
2025-03-27 00:22:06,995 [INFO] IPUIPlugin:80 - create IPUIPlugin
2025-03-27 00:22:06,995 [INFO] IPUIPlugin:80 - create IPUIPlugin
2025-03-27 00:22:06,995 [INFO] IPUIPlugin:80 - create IPUIPlugin
2025-03-27 00:22:06,996 [INFO] IPUIPlugin:80 - create IPUIPlugin
2025-03-27 00:22:06,996 [INFO] IPUIPlugin:80 - create IPUIPlugin
2025-03-27 00:22:06,996 [INFO] IPUIPlugin:80 - create IPUIPlugin
2025-03-27 00:22:06,996 [INFO] IPUIPlugin:80 - create IPUIPlugin
2025-03-27 00:22:06,997 [INFO] IPUIPlugin:80 - create IPUIPlugin
2025-03-27 00:22:06,997 [INFO] IPUIPlugin:80 - create IPUIPlugin
2025-03-27 00:22:06,998 [INFO] IPUIPlugin:80 - create IPUIPlugin
2025-03-27 00:22:06,998 [INFO] IPUIPlugin:80 - create IPUIPlugin
2025-03-27 00:22:06,999 [INFO] IPUIPlugin:80 - create IPUIPlugin
2025-03-27 00:22:07,000 [INFO] IPUIPlugin:80 - create IPUIPlugin
2025-03-27 00:22:07,000 [INFO] IPUIPlugin:80 - create IPUIPlugin
2025-03-27 00:22:07,001 [INFO] IPUIPlugin:80 - create IPUIPlugin
2025-03-27 00:22:07,002 [INFO] IPUIPlugin:80 - create IPUIPlugin
2025-03-27 00:22:07,002 [INFO] IPUIPlugin:80 - create IPUIPlugin
2025-03-27 00:22:07,003 [INFO] IPUIPlugin:80 - create IPUIPlugin
2025-03-27 00:22:07,004 [INFO] IPUIPlugin:80 - create IPUIPlugin
2025-03-27 00:22:07,005 [INFO] IPUIPlugin:80 - create IPUIPlugin
2025-03-27 00:22:07,006 [INFO] IPUIPlugin:80 - create IPUIPlugin
2025-03-27 00:22:07,007 [INFO] IPUIPlugin:80 - create IPUIPlugin
2025-03-27 00:22:07,007 [INFO] IPUIPlugin:80 - create IPUIPlugin
2025-03-27 00:22:07,008 [INFO] IPUIPlugin:80 - create IPUIPlugin
2025-03-27 00:22:07,010 [INFO] IPUIPlugin:80 - create IPUIPlugin
2025-03-27 00:22:07,011 [INFO] IPUIPlugin:80 - create IPUIPlugin
2025-03-27 00:22:07,012 [INFO] IPUIPlugin:80 - create IPUIPlugin
2025-03-27 00:22:07,017 [INFO] ApiDbMcu:508 - Load IP Config File for PDM2PCM
2025-03-27 00:22:07,102 [INFO] CADModel:165 - CPN selected for project levelSTM32F446RET6
2025-03-27 00:22:07,102 [INFO] CADModel:114 - Register for checkConnection events
2025-03-27 00:22:07,164 [INFO] OpenFileManager:385 - Restore cursor
2025-03-27 00:22:07,175 [INFO] ApiDb:581 - Connected to CubeFinder SQLite database (C:\Users\bjosu\.stmcufinder\plugins\mcufinder\mcu\cube-finder-db.db)
2025-03-27 00:22:17,694 [INFO] NvicIntPanel:101 - NVIC parent = com.st.microxplorer.plugins.ip.nvic.MultiNvicIntPanel[,0,0,0x0,invalid,layout=javax.swing.BoxLayout,alignmentX=0.0,alignmentY=0.0,border=,flags=9,maximumSize=,minimumSize=,preferredSize=]
2025-03-27 05:33:12,146 [INFO] WebApp:194 - Connection lost
2025-03-27 05:33:12,392 [INFO] WebApp:191 - Connection restablished
2025-03-27 05:33:15,581 [INFO] WebApp:194 - Connection lost
2025-03-27 05:33:15,763 [INFO] WebApp:191 - Connection restablished
